2023-11-24 00:37:35,685 Namespace(eval_interval=1, frequent=10, gpu=False, num_workers=4, out_dir='out')
2023-11-24 00:37:35,692 => load 200 samples
2023-11-24 00:37:35,693 => load 200 samples
2023-11-24 00:37:36,084 Epoch: [0][0/200]	Time 0.390s (0.390s)	Speed 82.0 samples/s	Data 0.049s (0.049s)	Loss 2.40565 (2.40565)
2023-11-24 00:37:38,296 Epoch: [0][10/200]	Time 0.211s (0.237s)	Speed 151.4 samples/s	Data 0.001s (0.006s)	Loss 2.33894 (2.37098)
2023-11-24 00:37:40,487 Epoch: [0][20/200]	Time 0.217s (0.228s)	Speed 147.2 samples/s	Data 0.001s (0.004s)	Loss 2.28333 (2.34077)
2023-11-24 00:37:42,591 Epoch: [0][30/200]	Time 0.203s (0.223s)	Speed 157.9 samples/s	Data 0.001s (0.003s)	Loss 2.22228 (2.31123)
2023-11-24 00:37:44,627 Epoch: [0][40/200]	Time 0.202s (0.218s)	Speed 158.3 samples/s	Data 0.001s (0.003s)	Loss 2.15655 (2.28083)
2023-11-24 00:37:46,673 Epoch: [0][50/200]	Time 0.204s (0.215s)	Speed 157.1 samples/s	Data 0.001s (0.002s)	Loss 2.08929 (2.24958)
2023-11-24 00:37:48,709 Epoch: [0][60/200]	Time 0.201s (0.213s)	Speed 158.9 samples/s	Data 0.001s (0.002s)	Loss 2.02769 (2.21744)
2023-11-24 00:37:50,773 Epoch: [0][70/200]	Time 0.214s (0.212s)	Speed 149.8 samples/s	Data 0.001s (0.002s)	Loss 1.96422 (2.18627)
2023-11-24 00:37:52,826 Epoch: [0][80/200]	Time 0.201s (0.212s)	Speed 159.2 samples/s	Data 0.001s (0.002s)	Loss 1.91594 (2.15570)
2023-11-24 00:37:55,258 Epoch: [0][90/200]	Time 0.418s (0.215s)	Speed 76.6 samples/s	Data 0.002s (0.002s)	Loss 1.86832 (2.12627)
2023-11-24 00:37:57,352 Epoch: [0][100/200]	Time 0.197s (0.214s)	Speed 162.6 samples/s	Data 0.001s (0.002s)	Loss 1.80180 (2.09703)
2023-11-24 00:37:59,530 Epoch: [0][110/200]	Time 0.203s (0.215s)	Speed 158.0 samples/s	Data 0.002s (0.002s)	Loss 1.73670 (2.06730)
2023-11-24 00:38:01,820 Epoch: [0][120/200]	Time 0.213s (0.216s)	Speed 150.4 samples/s	Data 0.001s (0.002s)	Loss 1.68687 (2.03794)
2023-11-24 00:38:03,887 Epoch: [0][130/200]	Time 0.200s (0.215s)	Speed 159.9 samples/s	Data 0.001s (0.002s)	Loss 1.66993 (2.01017)
2023-11-24 00:38:05,949 Epoch: [0][140/200]	Time 0.201s (0.215s)	Speed 159.1 samples/s	Data 0.001s (0.002s)	Loss 1.64964 (1.98509)
2023-11-24 00:38:08,785 Epoch: [0][150/200]	Time 0.206s (0.219s)	Speed 155.3 samples/s	Data 0.002s (0.002s)	Loss 1.63989 (1.96221)
2023-11-24 00:38:10,908 Epoch: [0][160/200]	Time 0.207s (0.219s)	Speed 154.6 samples/s	Data 0.006s (0.002s)	Loss 1.63231 (1.94171)
2023-11-24 00:38:12,988 Epoch: [0][170/200]	Time 0.211s (0.218s)	Speed 151.9 samples/s	Data 0.001s (0.002s)	Loss 1.63056 (1.92335)
2023-11-24 00:38:15,048 Epoch: [0][180/200]	Time 0.203s (0.217s)	Speed 158.0 samples/s	Data 0.001s (0.002s)	Loss 1.62288 (1.90686)
2023-11-24 00:38:17,136 Epoch: [0][190/200]	Time 0.202s (0.217s)	Speed 158.1 samples/s	Data 0.002s (0.002s)	Loss 1.61735 (1.89176)
2023-11-24 00:38:19,023 Test: [0/200]	Time 0.059 (0.059)	Loss 1.7159 (1.7159)
2023-11-24 00:38:19,247 Test: [10/200]	Time 0.016 (0.026)	Loss 1.5941 (1.6797)
2023-11-24 00:38:19,434 Test: [20/200]	Time 0.017 (0.022)	Loss 1.6440 (1.6838)
2023-11-24 00:38:19,612 Test: [30/200]	Time 0.018 (0.021)	Loss 1.7507 (1.6878)
2023-11-24 00:38:19,791 Test: [40/200]	Time 0.016 (0.020)	Loss 1.6900 (1.6940)
2023-11-24 00:38:20,004 Test: [50/200]	Time 0.020 (0.020)	Loss 1.7204 (1.6951)
2023-11-24 00:38:20,198 Test: [60/200]	Time 0.019 (0.020)	Loss 1.7240 (1.6951)
2023-11-24 00:38:20,613 Test: [70/200]	Time 0.041 (0.023)	Loss 1.6953 (1.6948)
2023-11-24 00:38:20,872 Test: [80/200]	Time 0.027 (0.024)	Loss 1.7421 (1.6929)
2023-11-24 00:38:21,066 Test: [90/200]	Time 0.017 (0.023)	Loss 1.7325 (1.6943)
2023-11-24 00:38:21,259 Test: [100/200]	Time 0.016 (0.023)	Loss 1.7447 (1.6939)
2023-11-24 00:38:21,445 Test: [110/200]	Time 0.018 (0.022)	Loss 1.7204 (1.6940)
2023-11-24 00:38:21,731 Test: [120/200]	Time 0.024 (0.023)	Loss 1.7215 (1.6928)
2023-11-24 00:38:21,981 Test: [130/200]	Time 0.029 (0.023)	Loss 1.6823 (1.6942)
2023-11-24 00:38:22,384 Test: [140/200]	Time 0.199 (0.024)	Loss 1.6785 (1.6937)
2023-11-24 00:38:22,783 Test: [150/200]	Time 0.022 (0.025)	Loss 1.7005 (1.6930)
2023-11-24 00:38:23,024 Test: [160/200]	Time 0.023 (0.025)	Loss 1.6882 (1.6928)
2023-11-24 00:38:23,406 Test: [170/200]	Time 0.024 (0.026)	Loss 1.6529 (1.6919)
2023-11-24 00:38:23,655 Test: [180/200]	Time 0.021 (0.026)	Loss 1.6552 (1.6909)
2023-11-24 00:38:23,828 Test: [190/200]	Time 0.016 (0.025)	Loss 1.6748 (1.6913)
2023-11-24 00:38:24,835 Mean IoU score: 0.077
2023-11-24 00:38:24,836 => saving checkpoint to out
2023-11-24 00:38:25,219 Epoch: [1][0/200]	Time 0.365s (0.365s)	Speed 87.8 samples/s	Data 0.058s (0.058s)	Loss 1.61587 (1.61587)
2023-11-24 00:38:28,159 Epoch: [1][10/200]	Time 0.207s (0.300s)	Speed 154.2 samples/s	Data 0.001s (0.007s)	Loss 1.61903 (1.62169)
2023-11-24 00:38:30,935 Epoch: [1][20/200]	Time 0.213s (0.290s)	Speed 150.4 samples/s	Data 0.002s (0.004s)	Loss 1.64095 (1.62087)
2023-11-24 00:38:33,028 Epoch: [1][30/200]	Time 0.215s (0.264s)	Speed 149.0 samples/s	Data 0.001s (0.004s)	Loss 1.60080 (1.62051)
2023-11-24 00:38:35,264 Epoch: [1][40/200]	Time 0.228s (0.254s)	Speed 140.2 samples/s	Data 0.002s (0.003s)	Loss 1.61695 (1.61911)
2023-11-24 00:38:37,642 Epoch: [1][50/200]	Time 0.219s (0.251s)	Speed 146.1 samples/s	Data 0.001s (0.003s)	Loss 1.60612 (1.61839)
2023-11-24 00:38:39,879 Epoch: [1][60/200]	Time 0.212s (0.246s)	Speed 151.2 samples/s	Data 0.002s (0.003s)	Loss 1.61819 (1.61783)
2023-11-24 00:38:42,148 Epoch: [1][70/200]	Time 0.205s (0.244s)	Speed 156.0 samples/s	Data 0.001s (0.002s)	Loss 1.61487 (1.61723)
2023-11-24 00:38:44,535 Epoch: [1][80/200]	Time 0.251s (0.243s)	Speed 127.4 samples/s	Data 0.002s (0.002s)	Loss 1.59847 (1.61618)
2023-11-24 00:38:46,683 Epoch: [1][90/200]	Time 0.211s (0.240s)	Speed 151.9 samples/s	Data 0.002s (0.002s)	Loss 1.60614 (1.61516)
2023-11-24 00:38:48,945 Epoch: [1][100/200]	Time 0.209s (0.239s)	Speed 153.1 samples/s	Data 0.002s (0.002s)	Loss 1.60941 (1.61521)
2023-11-24 00:38:51,099 Epoch: [1][110/200]	Time 0.214s (0.236s)	Speed 149.6 samples/s	Data 0.002s (0.002s)	Loss 1.60642 (1.61497)
2023-11-24 00:38:53,510 Epoch: [1][120/200]	Time 0.212s (0.237s)	Speed 151.1 samples/s	Data 0.001s (0.002s)	Loss 1.59983 (1.61437)
2023-11-24 00:38:55,586 Epoch: [1][130/200]	Time 0.204s (0.235s)	Speed 157.0 samples/s	Data 0.002s (0.002s)	Loss 1.60611 (1.61384)
2023-11-24 00:38:58,097 Epoch: [1][140/200]	Time 0.250s (0.236s)	Speed 128.0 samples/s	Data 0.002s (0.002s)	Loss 1.61847 (1.61346)
2023-11-24 00:39:01,099 Epoch: [1][150/200]	Time 0.681s (0.240s)	Speed 47.0 samples/s	Data 0.002s (0.002s)	Loss 1.60157 (1.61312)
2023-11-24 00:39:03,496 Epoch: [1][160/200]	Time 0.226s (0.240s)	Speed 141.4 samples/s	Data 0.001s (0.002s)	Loss 1.61570 (1.61305)
2023-11-24 00:39:06,214 Epoch: [1][170/200]	Time 0.408s (0.242s)	Speed 78.5 samples/s	Data 0.001s (0.002s)	Loss 1.60372 (1.61288)
2023-11-24 00:39:08,729 Epoch: [1][180/200]	Time 0.219s (0.242s)	Speed 146.4 samples/s	Data 0.002s (0.002s)	Loss 1.61798 (1.61286)
2023-11-24 00:39:11,472 Epoch: [1][190/200]	Time 0.212s (0.244s)	Speed 151.3 samples/s	Data 0.002s (0.002s)	Loss 1.60887 (1.61285)
2023-11-24 00:39:14,543 Test: [0/200]	Time 0.052 (0.052)	Loss 1.7069 (1.7069)
2023-11-24 00:39:14,748 Test: [10/200]	Time 0.017 (0.023)	Loss 1.5853 (1.6707)
2023-11-24 00:39:14,973 Test: [20/200]	Time 0.040 (0.023)	Loss 1.6348 (1.6748)
2023-11-24 00:39:15,218 Test: [30/200]	Time 0.018 (0.023)	Loss 1.7411 (1.6788)
2023-11-24 00:39:15,394 Test: [40/200]	Time 0.017 (0.022)	Loss 1.6813 (1.6849)
2023-11-24 00:39:15,573 Test: [50/200]	Time 0.017 (0.021)	Loss 1.7111 (1.6861)
2023-11-24 00:39:15,746 Test: [60/200]	Time 0.016 (0.021)	Loss 1.7152 (1.6861)
2023-11-24 00:39:15,924 Test: [70/200]	Time 0.018 (0.020)	Loss 1.6861 (1.6857)
2023-11-24 00:39:16,166 Test: [80/200]	Time 0.028 (0.021)	Loss 1.7328 (1.6838)
2023-11-24 00:39:16,442 Test: [90/200]	Time 0.016 (0.021)	Loss 1.7237 (1.6852)
2023-11-24 00:39:16,625 Test: [100/200]	Time 0.016 (0.021)	Loss 1.7352 (1.6849)
2023-11-24 00:39:16,809 Test: [110/200]	Time 0.016 (0.021)	Loss 1.7110 (1.6850)
2023-11-24 00:39:16,995 Test: [120/200]	Time 0.018 (0.021)	Loss 1.7123 (1.6838)
2023-11-24 00:39:17,175 Test: [130/200]	Time 0.016 (0.020)	Loss 1.6732 (1.6851)
2023-11-24 00:39:17,429 Test: [140/200]	Time 0.025 (0.021)	Loss 1.6696 (1.6846)
2023-11-24 00:39:17,610 Test: [150/200]	Time 0.018 (0.021)	Loss 1.6913 (1.6839)
2023-11-24 00:39:17,789 Test: [160/200]	Time 0.016 (0.020)	Loss 1.6791 (1.6837)
2023-11-24 00:39:17,970 Test: [170/200]	Time 0.017 (0.020)	Loss 1.6440 (1.6828)
2023-11-24 00:39:18,146 Test: [180/200]	Time 0.019 (0.020)	Loss 1.6461 (1.6818)
2023-11-24 00:39:18,444 Test: [190/200]	Time 0.129 (0.021)	Loss 1.6656 (1.6822)
2023-11-24 00:39:19,540 Mean IoU score: 0.077
2023-11-24 00:39:19,541 => saving checkpoint to out
2023-11-24 00:39:19,959 Epoch: [2][0/200]	Time 0.363s (0.363s)	Speed 88.1 samples/s	Data 0.060s (0.060s)	Loss 1.60873 (1.60873)
2023-11-24 00:39:22,344 Epoch: [2][10/200]	Time 0.214s (0.250s)	Speed 149.4 samples/s	Data 0.002s (0.007s)	Loss 1.61977 (1.61438)
2023-11-24 00:39:24,502 Epoch: [2][20/200]	Time 0.214s (0.234s)	Speed 149.3 samples/s	Data 0.001s (0.004s)	Loss 1.61709 (1.61190)
2023-11-24 00:39:27,434 Epoch: [2][30/200]	Time 0.455s (0.253s)	Speed 70.4 samples/s	Data 0.002s (0.004s)	Loss 1.60762 (1.61047)
2023-11-24 00:39:31,101 Epoch: [2][40/200]	Time 0.311s (0.281s)	Speed 103.0 samples/s	Data 0.002s (0.003s)	Loss 1.60934 (1.61090)
2023-11-24 00:39:33,802 Epoch: [2][50/200]	Time 0.318s (0.279s)	Speed 100.8 samples/s	Data 0.002s (0.003s)	Loss 1.60910 (1.61118)
2023-11-24 00:39:36,087 Epoch: [2][60/200]	Time 0.225s (0.270s)	Speed 142.0 samples/s	Data 0.002s (0.003s)	Loss 1.60883 (1.61110)
2023-11-24 00:39:38,959 Epoch: [2][70/200]	Time 0.230s (0.273s)	Speed 139.1 samples/s	Data 0.002s (0.003s)	Loss 1.61232 (1.61066)
2023-11-24 00:39:41,315 Epoch: [2][80/200]	Time 0.283s (0.268s)	Speed 113.2 samples/s	Data 0.002s (0.002s)	Loss 1.60221 (1.61052)
2023-11-24 00:39:43,876 Epoch: [2][90/200]	Time 0.231s (0.267s)	Speed 138.8 samples/s	Data 0.002s (0.002s)	Loss 1.60665 (1.61034)
2023-11-24 00:39:46,757 Epoch: [2][100/200]	Time 0.357s (0.269s)	Speed 89.6 samples/s	Data 0.002s (0.002s)	Loss 1.61937 (1.61012)
2023-11-24 00:39:49,368 Epoch: [2][110/200]	Time 0.232s (0.268s)	Speed 138.1 samples/s	Data 0.003s (0.002s)	Loss 1.60574 (1.61059)
2023-11-24 00:39:51,798 Epoch: [2][120/200]	Time 0.256s (0.266s)	Speed 125.2 samples/s	Data 0.002s (0.002s)	Loss 1.62307 (1.61060)
2023-11-24 00:39:54,131 Epoch: [2][130/200]	Time 0.220s (0.264s)	Speed 145.5 samples/s	Data 0.002s (0.002s)	Loss 1.61508 (1.61056)
2023-11-24 00:39:56,431 Epoch: [2][140/200]	Time 0.219s (0.261s)	Speed 145.8 samples/s	Data 0.001s (0.002s)	Loss 1.60933 (1.61034)
2023-11-24 00:39:58,913 Epoch: [2][150/200]	Time 0.263s (0.260s)	Speed 121.8 samples/s	Data 0.002s (0.002s)	Loss 1.60267 (1.61043)
2023-11-24 00:40:01,377 Epoch: [2][160/200]	Time 0.242s (0.260s)	Speed 132.4 samples/s	Data 0.002s (0.002s)	Loss 1.60019 (1.61023)
2023-11-24 00:40:03,633 Epoch: [2][170/200]	Time 0.225s (0.258s)	Speed 141.9 samples/s	Data 0.001s (0.002s)	Loss 1.61518 (1.61020)
2023-11-24 00:40:05,959 Epoch: [2][180/200]	Time 0.264s (0.256s)	Speed 121.3 samples/s	Data 0.002s (0.002s)	Loss 1.61217 (1.60989)
2023-11-24 00:40:08,187 Epoch: [2][190/200]	Time 0.216s (0.254s)	Speed 148.0 samples/s	Data 0.002s (0.002s)	Loss 1.59924 (1.60957)
2023-11-24 00:40:10,404 Test: [0/200]	Time 0.055 (0.055)	Loss 1.7049 (1.7049)
2023-11-24 00:40:10,596 Test: [10/200]	Time 0.018 (0.022)	Loss 1.5840 (1.6689)
2023-11-24 00:40:10,789 Test: [20/200]	Time 0.017 (0.021)	Loss 1.6332 (1.6730)
2023-11-24 00:40:10,980 Test: [30/200]	Time 0.018 (0.020)	Loss 1.7388 (1.6769)
2023-11-24 00:40:11,186 Test: [40/200]	Time 0.017 (0.020)	Loss 1.6795 (1.6831)
2023-11-24 00:40:11,378 Test: [50/200]	Time 0.018 (0.020)	Loss 1.7091 (1.6842)
2023-11-24 00:40:11,620 Test: [60/200]	Time 0.018 (0.021)	Loss 1.7134 (1.6842)
2023-11-24 00:40:11,867 Test: [70/200]	Time 0.018 (0.021)	Loss 1.6842 (1.6839)
2023-11-24 00:40:12,053 Test: [80/200]	Time 0.017 (0.021)	Loss 1.7309 (1.6820)
2023-11-24 00:40:12,240 Test: [90/200]	Time 0.016 (0.021)	Loss 1.7218 (1.6834)
2023-11-24 00:40:12,429 Test: [100/200]	Time 0.019 (0.021)	Loss 1.7330 (1.6830)
2023-11-24 00:40:12,612 Test: [110/200]	Time 0.018 (0.020)	Loss 1.7091 (1.6831)
2023-11-24 00:40:12,803 Test: [120/200]	Time 0.017 (0.020)	Loss 1.7103 (1.6819)
2023-11-24 00:40:12,991 Test: [130/200]	Time 0.017 (0.020)	Loss 1.6713 (1.6833)
2023-11-24 00:40:13,178 Test: [140/200]	Time 0.017 (0.020)	Loss 1.6677 (1.6828)
2023-11-24 00:40:13,368 Test: [150/200]	Time 0.017 (0.020)	Loss 1.6893 (1.6821)
2023-11-24 00:40:13,552 Test: [160/200]	Time 0.016 (0.020)	Loss 1.6772 (1.6819)
2023-11-24 00:40:13,748 Test: [170/200]	Time 0.017 (0.020)	Loss 1.6422 (1.6810)
2023-11-24 00:40:13,939 Test: [180/200]	Time 0.017 (0.020)	Loss 1.6446 (1.6800)
2023-11-24 00:40:14,128 Test: [190/200]	Time 0.017 (0.020)	Loss 1.6640 (1.6804)
2023-11-24 00:40:15,122 Mean IoU score: 0.077
2023-11-24 00:40:15,123 => saving checkpoint to out
2023-11-24 00:40:15,524 Epoch: [3][0/200]	Time 0.346s (0.346s)	Speed 92.4 samples/s	Data 0.058s (0.058s)	Loss 1.60996 (1.60996)
2023-11-24 00:40:17,870 Epoch: [3][10/200]	Time 0.253s (0.245s)	Speed 126.4 samples/s	Data 0.002s (0.007s)	Loss 1.60697 (1.60971)
2023-11-24 00:40:20,131 Epoch: [3][20/200]	Time 0.227s (0.236s)	Speed 141.2 samples/s	Data 0.002s (0.005s)	Loss 1.63137 (1.60850)
2023-11-24 00:40:22,419 Epoch: [3][30/200]	Time 0.223s (0.234s)	Speed 143.2 samples/s	Data 0.002s (0.004s)	Loss 1.59209 (1.60850)
2023-11-24 00:40:24,823 Epoch: [3][40/200]	Time 0.221s (0.235s)	Speed 145.1 samples/s	Data 0.002s (0.003s)	Loss 1.61008 (1.60797)
2023-11-24 00:40:27,077 Epoch: [3][50/200]	Time 0.238s (0.233s)	Speed 134.6 samples/s	Data 0.002s (0.003s)	Loss 1.59625 (1.60804)
2023-11-24 00:40:29,819 Epoch: [3][60/200]	Time 0.447s (0.240s)	Speed 71.7 samples/s	Data 0.002s (0.003s)	Loss 1.60339 (1.60778)
2023-11-24 00:40:41,907 Epoch: [3][70/200]	Time 0.794s (0.376s)	Speed 40.3 samples/s	Data 0.002s (0.003s)	Loss 1.60744 (1.60810)
2023-11-24 00:41:00,889 Epoch: [3][80/200]	Time 0.233s (0.564s)	Speed 137.2 samples/s	Data 0.002s (0.003s)	Loss 1.59682 (1.60803)
2023-11-24 00:41:03,268 Epoch: [3][90/200]	Time 0.234s (0.528s)	Speed 136.5 samples/s	Data 0.002s (0.002s)	Loss 1.60739 (1.60804)
2023-11-24 00:41:05,585 Epoch: [3][100/200]	Time 0.228s (0.499s)	Speed 140.5 samples/s	Data 0.002s (0.002s)	Loss 1.60593 (1.60814)
2023-11-24 00:41:07,896 Epoch: [3][110/200]	Time 0.228s (0.475s)	Speed 140.4 samples/s	Data 0.002s (0.002s)	Loss 1.60261 (1.60821)
2023-11-24 00:41:10,267 Epoch: [3][120/200]	Time 0.229s (0.455s)	Speed 139.9 samples/s	Data 0.001s (0.002s)	Loss 1.61327 (1.60822)
2023-11-24 00:41:12,554 Epoch: [3][130/200]	Time 0.228s (0.438s)	Speed 140.6 samples/s	Data 0.001s (0.002s)	Loss 1.61533 (1.60815)
2023-11-24 00:41:14,851 Epoch: [3][140/200]	Time 0.218s (0.423s)	Speed 146.6 samples/s	Data 0.001s (0.002s)	Loss 1.61115 (1.60799)
2023-11-24 00:41:17,219 Epoch: [3][150/200]	Time 0.270s (0.411s)	Speed 118.6 samples/s	Data 0.002s (0.002s)	Loss 1.59935 (1.60814)
2023-11-24 00:41:19,464 Epoch: [3][160/200]	Time 0.218s (0.399s)	Speed 146.8 samples/s	Data 0.002s (0.002s)	Loss 1.60750 (1.60827)
2023-11-24 00:41:21,912 Epoch: [3][170/200]	Time 0.217s (0.390s)	Speed 147.7 samples/s	Data 0.002s (0.002s)	Loss 1.61185 (1.60826)
2023-11-24 00:41:26,262 Epoch: [3][180/200]	Time 0.470s (0.393s)	Speed 68.2 samples/s	Data 0.002s (0.002s)	Loss 1.61714 (1.60824)
2023-11-24 00:41:29,658 Epoch: [3][190/200]	Time 0.238s (0.390s)	Speed 134.3 samples/s	Data 0.002s (0.002s)	Loss 1.59253 (1.60807)
2023-11-24 00:41:33,525 Test: [0/200]	Time 0.067 (0.067)	Loss 1.7039 (1.7039)
2023-11-24 00:41:33,801 Test: [10/200]	Time 0.031 (0.031)	Loss 1.5832 (1.6679)
2023-11-24 00:41:34,315 Test: [20/200]	Time 0.065 (0.041)	Loss 1.6323 (1.6720)
2023-11-24 00:41:35,111 Test: [30/200]	Time 0.025 (0.053)	Loss 1.7374 (1.6759)
2023-11-24 00:41:35,319 Test: [40/200]	Time 0.021 (0.045)	Loss 1.6784 (1.6820)
2023-11-24 00:41:35,565 Test: [50/200]	Time 0.024 (0.041)	Loss 1.7080 (1.6832)
2023-11-24 00:41:36,419 Test: [60/200]	Time 0.179 (0.049)	Loss 1.7124 (1.6832)
2023-11-24 00:41:37,237 Test: [70/200]	Time 0.352 (0.053)	Loss 1.6834 (1.6829)
2023-11-24 00:41:37,993 Test: [80/200]	Time 0.018 (0.056)	Loss 1.7296 (1.6810)
2023-11-24 00:41:38,231 Test: [90/200]	Time 0.024 (0.052)	Loss 1.7206 (1.6824)
2023-11-24 00:41:38,493 Test: [100/200]	Time 0.025 (0.050)	Loss 1.7320 (1.6820)
2023-11-24 00:41:38,801 Test: [110/200]	Time 0.025 (0.048)	Loss 1.7081 (1.6821)
2023-11-24 00:41:39,108 Test: [120/200]	Time 0.025 (0.047)	Loss 1.7093 (1.6809)
2023-11-24 00:41:39,560 Test: [130/200]	Time 0.039 (0.047)	Loss 1.6704 (1.6823)
2023-11-24 00:41:39,810 Test: [140/200]	Time 0.021 (0.045)	Loss 1.6668 (1.6818)
2023-11-24 00:41:40,029 Test: [150/200]	Time 0.020 (0.044)	Loss 1.6883 (1.6811)
2023-11-24 00:41:40,254 Test: [160/200]	Time 0.030 (0.042)	Loss 1.6763 (1.6809)
2023-11-24 00:41:40,727 Test: [170/200]	Time 0.017 (0.043)	Loss 1.6413 (1.6800)
2023-11-24 00:41:41,181 Test: [180/200]	Time 0.026 (0.043)	Loss 1.6437 (1.6790)
2023-11-24 00:41:41,413 Test: [190/200]	Time 0.020 (0.042)	Loss 1.6628 (1.6794)
2023-11-24 00:41:42,648 Mean IoU score: 0.077
2023-11-24 00:41:42,650 => saving checkpoint to out
2023-11-24 00:41:43,061 Epoch: [4][0/200]	Time 0.397s (0.397s)	Speed 80.6 samples/s	Data 0.064s (0.064s)	Loss 1.60822 (1.60822)
2023-11-24 00:41:46,199 Epoch: [4][10/200]	Time 0.297s (0.321s)	Speed 107.6 samples/s	Data 0.003s (0.008s)	Loss 1.60877 (1.61081)
2023-11-24 00:41:48,852 Epoch: [4][20/200]	Time 0.238s (0.295s)	Speed 134.6 samples/s	Data 0.002s (0.005s)	Loss 1.60457 (1.60803)
2023-11-24 00:41:51,909 Epoch: [4][30/200]	Time 0.256s (0.298s)	Speed 124.8 samples/s	Data 0.001s (0.004s)	Loss 1.61039 (1.60857)
2023-11-24 00:41:57,957 Epoch: [4][40/200]	Time 0.453s (0.373s)	Speed 70.7 samples/s	Data 0.002s (0.003s)	Loss 1.60872 (1.60889)
2023-11-24 00:42:01,606 Epoch: [4][50/200]	Time 0.220s (0.371s)	Speed 145.2 samples/s	Data 0.002s (0.003s)	Loss 1.60648 (1.60874)
2023-11-24 00:42:04,282 Epoch: [4][60/200]	Time 0.285s (0.354s)	Speed 112.3 samples/s	Data 0.002s (0.003s)	Loss 1.59647 (1.60776)
2023-11-24 00:42:06,664 Epoch: [4][70/200]	Time 0.229s (0.338s)	Speed 139.7 samples/s	Data 0.001s (0.003s)	Loss 1.61308 (1.60815)
2023-11-24 00:42:09,035 Epoch: [4][80/200]	Time 0.247s (0.326s)	Speed 129.6 samples/s	Data 0.002s (0.003s)	Loss 1.60795 (1.60819)
2023-11-24 00:42:11,348 Epoch: [4][90/200]	Time 0.222s (0.315s)	Speed 144.3 samples/s	Data 0.002s (0.003s)	Loss 1.60924 (1.60795)
2023-11-24 00:42:13,662 Epoch: [4][100/200]	Time 0.258s (0.307s)	Speed 124.1 samples/s	Data 0.002s (0.002s)	Loss 1.61353 (1.60780)
2023-11-24 00:42:16,158 Epoch: [4][110/200]	Time 0.227s (0.302s)	Speed 140.9 samples/s	Data 0.002s (0.002s)	Loss 1.61112 (1.60811)
2023-11-24 00:42:18,414 Epoch: [4][120/200]	Time 0.222s (0.295s)	Speed 143.9 samples/s	Data 0.002s (0.002s)	Loss 1.60802 (1.60814)
2023-11-24 00:42:20,771 Epoch: [4][130/200]	Time 0.277s (0.291s)	Speed 115.4 samples/s	Data 0.002s (0.002s)	Loss 1.60702 (1.60818)
2023-11-24 00:42:23,356 Epoch: [4][140/200]	Time 0.262s (0.289s)	Speed 122.0 samples/s	Data 0.002s (0.002s)	Loss 1.60670 (1.60846)
2023-11-24 00:42:25,905 Epoch: [4][150/200]	Time 0.229s (0.286s)	Speed 139.5 samples/s	Data 0.002s (0.002s)	Loss 1.60320 (1.60836)
2023-11-24 00:42:28,578 Epoch: [4][160/200]	Time 0.229s (0.285s)	Speed 139.8 samples/s	Data 0.001s (0.002s)	Loss 1.60438 (1.60791)
2023-11-24 00:42:30,944 Epoch: [4][170/200]	Time 0.280s (0.282s)	Speed 114.4 samples/s	Data 0.003s (0.002s)	Loss 1.60360 (1.60782)
2023-11-24 00:42:33,604 Epoch: [4][180/200]	Time 0.228s (0.281s)	Speed 140.5 samples/s	Data 0.001s (0.002s)	Loss 1.62002 (1.60774)
2023-11-24 00:42:36,357 Epoch: [4][190/200]	Time 0.235s (0.281s)	Speed 136.1 samples/s	Data 0.002s (0.002s)	Loss 1.61026 (1.60771)
2023-11-24 00:42:38,522 Test: [0/200]	Time 0.063 (0.063)	Loss 1.7028 (1.7028)
2023-11-24 00:42:38,874 Test: [10/200]	Time 0.018 (0.038)	Loss 1.5828 (1.6671)
2023-11-24 00:42:39,068 Test: [20/200]	Time 0.021 (0.029)	Loss 1.6318 (1.6712)
2023-11-24 00:42:39,255 Test: [30/200]	Time 0.018 (0.026)	Loss 1.7362 (1.6751)
2023-11-24 00:42:39,448 Test: [40/200]	Time 0.018 (0.024)	Loss 1.6776 (1.6812)
2023-11-24 00:42:39,634 Test: [50/200]	Time 0.018 (0.023)	Loss 1.7069 (1.6824)
2023-11-24 00:42:39,828 Test: [60/200]	Time 0.018 (0.022)	Loss 1.7114 (1.6823)
2023-11-24 00:42:40,046 Test: [70/200]	Time 0.021 (0.022)	Loss 1.6824 (1.6820)
2023-11-24 00:42:40,246 Test: [80/200]	Time 0.019 (0.022)	Loss 1.7287 (1.6801)
2023-11-24 00:42:40,440 Test: [90/200]	Time 0.018 (0.022)	Loss 1.7195 (1.6815)
2023-11-24 00:42:40,654 Test: [100/200]	Time 0.022 (0.022)	Loss 1.7309 (1.6812)
2023-11-24 00:42:40,853 Test: [110/200]	Time 0.021 (0.022)	Loss 1.7070 (1.6813)
2023-11-24 00:42:41,049 Test: [120/200]	Time 0.018 (0.021)	Loss 1.7084 (1.6801)
2023-11-24 00:42:41,242 Test: [130/200]	Time 0.018 (0.021)	Loss 1.6696 (1.6814)
2023-11-24 00:42:41,436 Test: [140/200]	Time 0.019 (0.021)	Loss 1.6660 (1.6809)
2023-11-24 00:42:41,632 Test: [150/200]	Time 0.018 (0.021)	Loss 1.6874 (1.6802)
2023-11-24 00:42:41,852 Test: [160/200]	Time 0.020 (0.021)	Loss 1.6754 (1.6800)
2023-11-24 00:42:42,042 Test: [170/200]	Time 0.018 (0.021)	Loss 1.6407 (1.6791)
2023-11-24 00:42:42,240 Test: [180/200]	Time 0.018 (0.021)	Loss 1.6428 (1.6781)
2023-11-24 00:42:42,434 Test: [190/200]	Time 0.019 (0.021)	Loss 1.6621 (1.6786)
2023-11-24 00:42:43,407 Mean IoU score: 0.077
2023-11-24 00:42:43,408 => saving checkpoint to out
2023-11-24 00:42:43,836 Epoch: [5][0/200]	Time 0.373s (0.373s)	Speed 85.7 samples/s	Data 0.064s (0.064s)	Loss 1.59777 (1.59777)
2023-11-24 00:42:46,664 Epoch: [5][10/200]	Time 0.324s (0.291s)	Speed 98.8 samples/s	Data 0.002s (0.007s)	Loss 1.59874 (1.60667)
2023-11-24 00:42:49,101 Epoch: [5][20/200]	Time 0.233s (0.269s)	Speed 137.6 samples/s	Data 0.002s (0.005s)	Loss 1.60778 (1.60891)
2023-11-24 00:42:51,760 Epoch: [5][30/200]	Time 0.250s (0.268s)	Speed 127.9 samples/s	Data 0.002s (0.004s)	Loss 1.62259 (1.60806)
2023-11-24 00:42:54,116 Epoch: [5][40/200]	Time 0.221s (0.260s)	Speed 144.9 samples/s	Data 0.001s (0.003s)	Loss 1.60867 (1.60781)
2023-11-24 00:42:56,932 Epoch: [5][50/200]	Time 0.233s (0.264s)	Speed 137.2 samples/s	Data 0.002s (0.003s)	Loss 1.60822 (1.60796)
2023-11-24 00:42:59,514 Epoch: [5][60/200]	Time 0.375s (0.263s)	Speed 85.4 samples/s	Data 0.001s (0.003s)	Loss 1.59193 (1.60714)
2023-11-24 00:43:01,893 Epoch: [5][70/200]	Time 0.230s (0.260s)	Speed 139.0 samples/s	Data 0.002s (0.003s)	Loss 1.60245 (1.60702)
2023-11-24 00:43:05,082 Epoch: [5][80/200]	Time 0.711s (0.267s)	Speed 45.0 samples/s	Data 0.002s (0.003s)	Loss 1.59908 (1.60651)
2023-11-24 00:43:10,422 Epoch: [5][90/200]	Time 0.267s (0.296s)	Speed 119.7 samples/s	Data 0.002s (0.003s)	Loss 1.59811 (1.60658)
2023-11-24 00:43:13,263 Epoch: [5][100/200]	Time 0.235s (0.295s)	Speed 136.2 samples/s	Data 0.002s (0.002s)	Loss 1.61680 (1.60650)
2023-11-24 00:43:15,865 Epoch: [5][110/200]	Time 0.286s (0.292s)	Speed 112.0 samples/s	Data 0.002s (0.002s)	Loss 1.61056 (1.60686)
2023-11-24 00:43:18,209 Epoch: [5][120/200]	Time 0.268s (0.287s)	Speed 119.4 samples/s	Data 0.002s (0.002s)	Loss 1.60204 (1.60668)
2023-11-24 00:43:20,644 Epoch: [5][130/200]	Time 0.237s (0.284s)	Speed 135.2 samples/s	Data 0.001s (0.002s)	Loss 1.61728 (1.60700)
2023-11-24 00:43:22,989 Epoch: [5][140/200]	Time 0.261s (0.280s)	Speed 122.6 samples/s	Data 0.002s (0.002s)	Loss 1.60990 (1.60706)
2023-11-24 00:43:25,558 Epoch: [5][150/200]	Time 0.259s (0.279s)	Speed 123.8 samples/s	Data 0.002s (0.002s)	Loss 1.61218 (1.60699)
2023-11-24 00:43:27,979 Epoch: [5][160/200]	Time 0.234s (0.276s)	Speed 136.8 samples/s	Data 0.002s (0.002s)	Loss 1.60965 (1.60684)
2023-11-24 00:43:30,770 Epoch: [5][170/200]	Time 0.364s (0.277s)	Speed 87.8 samples/s	Data 0.002s (0.002s)	Loss 1.61045 (1.60688)
2023-11-24 00:43:33,189 Epoch: [5][180/200]	Time 0.226s (0.275s)	Speed 141.8 samples/s	Data 0.002s (0.002s)	Loss 1.60890 (1.60710)
2023-11-24 00:43:35,502 Epoch: [5][190/200]	Time 0.236s (0.272s)	Speed 135.5 samples/s	Data 0.001s (0.002s)	Loss 1.60065 (1.60717)
2023-11-24 00:43:37,971 Test: [0/200]	Time 0.067 (0.067)	Loss 1.7024 (1.7024)
2023-11-24 00:43:38,187 Test: [10/200]	Time 0.018 (0.026)	Loss 1.5826 (1.6668)
2023-11-24 00:43:38,381 Test: [20/200]	Time 0.019 (0.023)	Loss 1.6315 (1.6709)
2023-11-24 00:43:38,577 Test: [30/200]	Time 0.018 (0.022)	Loss 1.7358 (1.6748)
2023-11-24 00:43:38,776 Test: [40/200]	Time 0.019 (0.021)	Loss 1.6771 (1.6808)
2023-11-24 00:43:38,978 Test: [50/200]	Time 0.018 (0.021)	Loss 1.7064 (1.6820)
2023-11-24 00:43:39,178 Test: [60/200]	Time 0.018 (0.021)	Loss 1.7111 (1.6820)
2023-11-24 00:43:39,373 Test: [70/200]	Time 0.019 (0.021)	Loss 1.6821 (1.6817)
2023-11-24 00:43:39,570 Test: [80/200]	Time 0.018 (0.021)	Loss 1.7282 (1.6798)
2023-11-24 00:43:39,777 Test: [90/200]	Time 0.021 (0.021)	Loss 1.7190 (1.6812)
2023-11-24 00:43:39,971 Test: [100/200]	Time 0.018 (0.020)	Loss 1.7304 (1.6808)
2023-11-24 00:43:40,184 Test: [110/200]	Time 0.018 (0.021)	Loss 1.7068 (1.6809)
2023-11-24 00:43:40,380 Test: [120/200]	Time 0.018 (0.020)	Loss 1.7081 (1.6797)
2023-11-24 00:43:40,577 Test: [130/200]	Time 0.019 (0.020)	Loss 1.6694 (1.6811)
2023-11-24 00:43:40,779 Test: [140/200]	Time 0.020 (0.020)	Loss 1.6656 (1.6806)
2023-11-24 00:43:40,972 Test: [150/200]	Time 0.019 (0.020)	Loss 1.6871 (1.6799)
2023-11-24 00:43:41,164 Test: [160/200]	Time 0.018 (0.020)	Loss 1.6750 (1.6797)
2023-11-24 00:43:41,353 Test: [170/200]	Time 0.018 (0.020)	Loss 1.6404 (1.6788)
2023-11-24 00:43:41,622 Test: [180/200]	Time 0.030 (0.021)	Loss 1.6425 (1.6778)
2023-11-24 00:43:41,844 Test: [190/200]	Time 0.021 (0.021)	Loss 1.6617 (1.6782)
2023-11-24 00:43:42,958 Mean IoU score: 0.077
2023-11-24 00:43:42,959 => saving checkpoint to out
2023-11-24 00:43:43,910 Epoch: [6][0/200]	Time 0.927s (0.927s)	Speed 34.5 samples/s	Data 0.055s (0.055s)	Loss 1.60378 (1.60378)
2023-11-24 00:43:49,703 Epoch: [6][10/200]	Time 0.671s (0.611s)	Speed 47.7 samples/s	Data 0.001s (0.007s)	Loss 1.61625 (1.60443)
2023-11-24 00:43:52,382 Epoch: [6][20/200]	Time 0.257s (0.448s)	Speed 124.7 samples/s	Data 0.002s (0.004s)	Loss 1.60009 (1.60639)
2023-11-24 00:43:54,669 Epoch: [6][30/200]	Time 0.229s (0.377s)	Speed 139.6 samples/s	Data 0.002s (0.003s)	Loss 1.60437 (1.60682)
2023-11-24 00:43:56,911 Epoch: [6][40/200]	Time 0.236s (0.340s)	Speed 135.7 samples/s	Data 0.001s (0.003s)	Loss 1.60555 (1.60670)
2023-11-24 00:43:59,200 Epoch: [6][50/200]	Time 0.230s (0.318s)	Speed 139.3 samples/s	Data 0.002s (0.003s)	Loss 1.60522 (1.60683)
2023-11-24 00:44:01,454 Epoch: [6][60/200]	Time 0.220s (0.303s)	Speed 145.6 samples/s	Data 0.002s (0.003s)	Loss 1.60045 (1.60617)
2023-11-24 00:44:03,773 Epoch: [6][70/200]	Time 0.257s (0.293s)	Speed 124.3 samples/s	Data 0.002s (0.002s)	Loss 1.60154 (1.60581)
2023-11-24 00:44:06,021 Epoch: [6][80/200]	Time 0.232s (0.284s)	Speed 137.8 samples/s	Data 0.002s (0.002s)	Loss 1.60657 (1.60595)
2023-11-24 00:44:08,516 Epoch: [6][90/200]	Time 0.271s (0.281s)	Speed 118.1 samples/s	Data 0.002s (0.002s)	Loss 1.60786 (1.60596)
2023-11-24 00:44:10,861 Epoch: [6][100/200]	Time 0.240s (0.276s)	Speed 133.4 samples/s	Data 0.002s (0.002s)	Loss 1.60848 (1.60617)
2023-11-24 00:44:14,499 Epoch: [6][110/200]	Time 0.310s (0.284s)	Speed 103.3 samples/s	Data 0.002s (0.002s)	Loss 1.59742 (1.60608)
2023-11-24 00:44:17,662 Epoch: [6][120/200]	Time 0.257s (0.287s)	Speed 124.4 samples/s	Data 0.002s (0.002s)	Loss 1.61368 (1.60618)
2023-11-24 00:44:20,195 Epoch: [6][130/200]	Time 0.239s (0.284s)	Speed 133.6 samples/s	Data 0.001s (0.002s)	Loss 1.59437 (1.60604)
2023-11-24 00:44:25,303 Epoch: [6][140/200]	Time 0.230s (0.300s)	Speed 138.8 samples/s	Data 0.002s (0.002s)	Loss 1.60618 (1.60595)
2023-11-24 00:44:27,840 Epoch: [6][150/200]	Time 0.219s (0.297s)	Speed 145.8 samples/s	Data 0.002s (0.002s)	Loss 1.60648 (1.60608)
2023-11-24 00:44:30,227 Epoch: [6][160/200]	Time 0.215s (0.293s)	Speed 148.7 samples/s	Data 0.001s (0.002s)	Loss 1.61703 (1.60641)
2023-11-24 00:44:32,432 Epoch: [6][170/200]	Time 0.216s (0.289s)	Speed 148.0 samples/s	Data 0.001s (0.002s)	Loss 1.60642 (1.60642)
2023-11-24 00:44:34,704 Epoch: [6][180/200]	Time 0.223s (0.286s)	Speed 143.8 samples/s	Data 0.002s (0.002s)	Loss 1.59417 (1.60665)
2023-11-24 00:44:37,114 Epoch: [6][190/200]	Time 0.217s (0.283s)	Speed 147.5 samples/s	Data 0.002s (0.002s)	Loss 1.61208 (1.60678)
2023-11-24 00:44:39,328 Test: [0/200]	Time 0.052 (0.052)	Loss 1.7018 (1.7018)
2023-11-24 00:44:39,525 Test: [10/200]	Time 0.018 (0.023)	Loss 1.5825 (1.6665)
2023-11-24 00:44:39,729 Test: [20/200]	Time 0.018 (0.022)	Loss 1.6314 (1.6705)
2023-11-24 00:44:39,940 Test: [30/200]	Time 0.017 (0.021)	Loss 1.7351 (1.6744)
2023-11-24 00:44:40,126 Test: [40/200]	Time 0.018 (0.021)	Loss 1.6768 (1.6804)
2023-11-24 00:44:40,313 Test: [50/200]	Time 0.019 (0.020)	Loss 1.7060 (1.6816)
2023-11-24 00:44:40,523 Test: [60/200]	Time 0.017 (0.020)	Loss 1.7104 (1.6816)
2023-11-24 00:44:40,753 Test: [70/200]	Time 0.025 (0.021)	Loss 1.6816 (1.6813)
2023-11-24 00:44:40,977 Test: [80/200]	Time 0.018 (0.021)	Loss 1.7277 (1.6794)
2023-11-24 00:44:41,173 Test: [90/200]	Time 0.018 (0.021)	Loss 1.7185 (1.6808)
2023-11-24 00:44:41,371 Test: [100/200]	Time 0.019 (0.021)	Loss 1.7300 (1.6804)
2023-11-24 00:44:41,601 Test: [110/200]	Time 0.031 (0.021)	Loss 1.7063 (1.6805)
2023-11-24 00:44:41,837 Test: [120/200]	Time 0.027 (0.021)	Loss 1.7077 (1.6793)
2023-11-24 00:44:42,086 Test: [130/200]	Time 0.020 (0.021)	Loss 1.6688 (1.6807)
2023-11-24 00:44:42,275 Test: [140/200]	Time 0.017 (0.021)	Loss 1.6652 (1.6802)
2023-11-24 00:44:42,464 Test: [150/200]	Time 0.018 (0.021)	Loss 1.6868 (1.6795)
2023-11-24 00:44:42,654 Test: [160/200]	Time 0.018 (0.021)	Loss 1.6746 (1.6793)
2023-11-24 00:44:42,840 Test: [170/200]	Time 0.017 (0.021)	Loss 1.6401 (1.6784)
2023-11-24 00:44:43,019 Test: [180/200]	Time 0.018 (0.021)	Loss 1.6424 (1.6774)
2023-11-24 00:44:43,201 Test: [190/200]	Time 0.017 (0.021)	Loss 1.6612 (1.6778)
2023-11-24 00:44:44,189 Mean IoU score: 0.077
2023-11-24 00:44:44,191 => saving checkpoint to out
2023-11-24 00:44:44,710 Epoch: [7][0/200]	Time 0.462s (0.462s)	Speed 69.3 samples/s	Data 0.069s (0.069s)	Loss 1.61031 (1.61031)
2023-11-24 00:44:47,649 Epoch: [7][10/200]	Time 0.292s (0.309s)	Speed 109.7 samples/s	Data 0.002s (0.008s)	Loss 1.60393 (1.60769)
2023-11-24 00:44:50,081 Epoch: [7][20/200]	Time 0.215s (0.278s)	Speed 148.7 samples/s	Data 0.002s (0.005s)	Loss 1.62129 (1.60919)
2023-11-24 00:44:53,400 Epoch: [7][30/200]	Time 0.320s (0.295s)	Speed 100.0 samples/s	Data 0.002s (0.004s)	Loss 1.61430 (1.60873)
2023-11-24 00:44:56,103 Epoch: [7][40/200]	Time 0.302s (0.289s)	Speed 105.8 samples/s	Data 0.002s (0.004s)	Loss 1.60015 (1.60851)
2023-11-24 00:44:59,781 Epoch: [7][50/200]	Time 0.219s (0.305s)	Speed 145.9 samples/s	Data 0.002s (0.003s)	Loss 1.60898 (1.60788)
2023-11-24 00:45:02,631 Epoch: [7][60/200]	Time 0.764s (0.301s)	Speed 41.9 samples/s	Data 0.002s (0.003s)	Loss 1.60558 (1.60779)
2023-11-24 00:45:05,649 Epoch: [7][70/200]	Time 0.226s (0.301s)	Speed 141.7 samples/s	Data 0.002s (0.003s)	Loss 1.60205 (1.60714)
2023-11-24 00:45:08,166 Epoch: [7][80/200]	Time 0.253s (0.295s)	Speed 126.3 samples/s	Data 0.002s (0.003s)	Loss 1.59728 (1.60700)
2023-11-24 00:45:10,502 Epoch: [7][90/200]	Time 0.231s (0.288s)	Speed 138.4 samples/s	Data 0.002s (0.003s)	Loss 1.61265 (1.60658)
2023-11-24 00:45:13,012 Epoch: [7][100/200]	Time 0.224s (0.285s)	Speed 142.9 samples/s	Data 0.002s (0.003s)	Loss 1.61127 (1.60689)
2023-11-24 00:45:15,288 Epoch: [7][110/200]	Time 0.222s (0.280s)	Speed 144.2 samples/s	Data 0.002s (0.002s)	Loss 1.59153 (1.60678)
2023-11-24 00:45:17,674 Epoch: [7][120/200]	Time 0.223s (0.276s)	Speed 143.5 samples/s	Data 0.001s (0.002s)	Loss 1.60971 (1.60716)
2023-11-24 00:45:19,953 Epoch: [7][130/200]	Time 0.221s (0.273s)	Speed 144.9 samples/s	Data 0.001s (0.002s)	Loss 1.60573 (1.60719)
2023-11-24 00:45:22,466 Epoch: [7][140/200]	Time 0.229s (0.271s)	Speed 139.6 samples/s	Data 0.002s (0.002s)	Loss 1.61620 (1.60684)
2023-11-24 00:45:24,696 Epoch: [7][150/200]	Time 0.222s (0.268s)	Speed 144.0 samples/s	Data 0.002s (0.002s)	Loss 1.60026 (1.60649)
2023-11-24 00:45:27,262 Epoch: [7][160/200]	Time 0.385s (0.267s)	Speed 83.1 samples/s	Data 0.001s (0.002s)	Loss 1.61589 (1.60650)
2023-11-24 00:45:29,800 Epoch: [7][170/200]	Time 0.318s (0.266s)	Speed 100.6 samples/s	Data 0.002s (0.002s)	Loss 1.61214 (1.60670)
2023-11-24 00:45:32,618 Epoch: [7][180/200]	Time 0.315s (0.267s)	Speed 101.5 samples/s	Data 0.002s (0.002s)	Loss 1.59601 (1.60664)
2023-11-24 00:45:34,949 Epoch: [7][190/200]	Time 0.223s (0.265s)	Speed 143.4 samples/s	Data 0.002s (0.002s)	Loss 1.60174 (1.60682)
2023-11-24 00:45:37,267 Test: [0/200]	Time 0.055 (0.055)	Loss 1.7016 (1.7016)
2023-11-24 00:45:37,454 Test: [10/200]	Time 0.018 (0.022)	Loss 1.5824 (1.6662)
2023-11-24 00:45:37,655 Test: [20/200]	Time 0.019 (0.021)	Loss 1.6311 (1.6702)
2023-11-24 00:45:37,850 Test: [30/200]	Time 0.019 (0.021)	Loss 1.7347 (1.6741)
2023-11-24 00:45:38,038 Test: [40/200]	Time 0.018 (0.020)	Loss 1.6765 (1.6801)
2023-11-24 00:45:38,232 Test: [50/200]	Time 0.017 (0.020)	Loss 1.7056 (1.6813)
2023-11-24 00:45:38,416 Test: [60/200]	Time 0.017 (0.020)	Loss 1.7102 (1.6813)
2023-11-24 00:45:38,605 Test: [70/200]	Time 0.018 (0.020)	Loss 1.6813 (1.6810)
2023-11-24 00:45:38,916 Test: [80/200]	Time 0.043 (0.021)	Loss 1.7273 (1.6791)
2023-11-24 00:45:39,108 Test: [90/200]	Time 0.017 (0.021)	Loss 1.7182 (1.6805)
2023-11-24 00:45:39,297 Test: [100/200]	Time 0.017 (0.021)	Loss 1.7294 (1.6801)
2023-11-24 00:45:39,484 Test: [110/200]	Time 0.018 (0.020)	Loss 1.7060 (1.6802)
2023-11-24 00:45:39,785 Test: [120/200]	Time 0.021 (0.021)	Loss 1.7075 (1.6790)
2023-11-24 00:45:39,973 Test: [130/200]	Time 0.017 (0.021)	Loss 1.6686 (1.6804)
2023-11-24 00:45:40,258 Test: [140/200]	Time 0.054 (0.022)	Loss 1.6651 (1.6799)
2023-11-24 00:45:40,468 Test: [150/200]	Time 0.018 (0.022)	Loss 1.6865 (1.6792)
2023-11-24 00:45:40,726 Test: [160/200]	Time 0.017 (0.022)	Loss 1.6744 (1.6790)
2023-11-24 00:45:40,966 Test: [170/200]	Time 0.021 (0.022)	Loss 1.6399 (1.6781)
2023-11-24 00:45:41,332 Test: [180/200]	Time 0.027 (0.023)	Loss 1.6421 (1.6771)
2023-11-24 00:45:41,781 Test: [190/200]	Time 0.028 (0.024)	Loss 1.6609 (1.6776)
2023-11-24 00:45:42,976 Mean IoU score: 0.077
2023-11-24 00:45:42,977 => saving checkpoint to out
2023-11-24 00:45:43,425 Epoch: [8][0/200]	Time 0.393s (0.393s)	Speed 81.4 samples/s	Data 0.073s (0.073s)	Loss 1.60442 (1.60442)
2023-11-24 00:45:45,749 Epoch: [8][10/200]	Time 0.237s (0.247s)	Speed 134.9 samples/s	Data 0.002s (0.008s)	Loss 1.60695 (1.60550)
2023-11-24 00:45:48,371 Epoch: [8][20/200]	Time 0.238s (0.254s)	Speed 134.3 samples/s	Data 0.001s (0.005s)	Loss 1.60772 (1.60767)
2023-11-24 00:45:50,980 Epoch: [8][30/200]	Time 0.424s (0.256s)	Speed 75.5 samples/s	Data 0.002s (0.004s)	Loss 1.60699 (1.60730)
2023-11-24 00:45:53,529 Epoch: [8][40/200]	Time 0.231s (0.256s)	Speed 138.8 samples/s	Data 0.002s (0.004s)	Loss 1.59654 (1.60698)
2023-11-24 00:45:55,845 Epoch: [8][50/200]	Time 0.232s (0.251s)	Speed 138.0 samples/s	Data 0.001s (0.003s)	Loss 1.61266 (1.60772)
2023-11-24 00:45:58,305 Epoch: [8][60/200]	Time 0.281s (0.250s)	Speed 113.9 samples/s	Data 0.001s (0.003s)	Loss 1.61632 (1.60757)
2023-11-24 00:46:00,972 Epoch: [8][70/200]	Time 0.276s (0.253s)	Speed 115.8 samples/s	Data 0.002s (0.003s)	Loss 1.60810 (1.60693)
2023-11-24 00:46:03,530 Epoch: [8][80/200]	Time 0.234s (0.253s)	Speed 136.6 samples/s	Data 0.002s (0.003s)	Loss 1.59188 (1.60675)
2023-11-24 00:46:06,681 Epoch: [8][90/200]	Time 0.320s (0.260s)	Speed 100.1 samples/s	Data 0.001s (0.003s)	Loss 1.59654 (1.60607)
2023-11-24 00:46:09,596 Epoch: [8][100/200]	Time 0.253s (0.263s)	Speed 126.6 samples/s	Data 0.002s (0.002s)	Loss 1.60885 (1.60621)
2023-11-24 00:46:12,169 Epoch: [8][110/200]	Time 0.245s (0.262s)	Speed 130.4 samples/s	Data 0.002s (0.002s)	Loss 1.61385 (1.60646)
2023-11-24 00:46:14,551 Epoch: [8][120/200]	Time 0.251s (0.260s)	Speed 127.3 samples/s	Data 0.002s (0.002s)	Loss 1.60703 (1.60685)
2023-11-24 00:46:17,481 Epoch: [8][130/200]	Time 0.282s (0.263s)	Speed 113.4 samples/s	Data 0.002s (0.002s)	Loss 1.59141 (1.60689)
2023-11-24 00:46:19,941 Epoch: [8][140/200]	Time 0.223s (0.262s)	Speed 143.4 samples/s	Data 0.002s (0.002s)	Loss 1.61606 (1.60708)
2023-11-24 00:46:22,409 Epoch: [8][150/200]	Time 0.226s (0.261s)	Speed 141.4 samples/s	Data 0.002s (0.002s)	Loss 1.59584 (1.60681)
2023-11-24 00:46:24,959 Epoch: [8][160/200]	Time 0.228s (0.260s)	Speed 140.5 samples/s	Data 0.002s (0.002s)	Loss 1.61186 (1.60685)
2023-11-24 00:46:27,397 Epoch: [8][170/200]	Time 0.228s (0.259s)	Speed 140.3 samples/s	Data 0.002s (0.002s)	Loss 1.60481 (1.60674)
2023-11-24 00:46:29,815 Epoch: [8][180/200]	Time 0.225s (0.258s)	Speed 142.4 samples/s	Data 0.002s (0.002s)	Loss 1.61250 (1.60681)
2023-11-24 00:46:32,616 Epoch: [8][190/200]	Time 0.364s (0.260s)	Speed 87.8 samples/s	Data 0.001s (0.002s)	Loss 1.61009 (1.60660)
2023-11-24 00:46:35,674 Test: [0/200]	Time 0.057 (0.057)	Loss 1.7014 (1.7014)
2023-11-24 00:46:35,969 Test: [10/200]	Time 0.033 (0.032)	Loss 1.5823 (1.6660)
2023-11-24 00:46:36,176 Test: [20/200]	Time 0.019 (0.027)	Loss 1.6310 (1.6701)
2023-11-24 00:46:36,492 Test: [30/200]	Time 0.019 (0.028)	Loss 1.7344 (1.6740)
2023-11-24 00:46:36,684 Test: [40/200]	Time 0.019 (0.026)	Loss 1.6763 (1.6800)
2023-11-24 00:46:37,131 Test: [50/200]	Time 0.030 (0.030)	Loss 1.7054 (1.6812)
2023-11-24 00:46:37,499 Test: [60/200]	Time 0.024 (0.031)	Loss 1.7100 (1.6812)
2023-11-24 00:46:37,852 Test: [70/200]	Time 0.025 (0.031)	Loss 1.6811 (1.6808)
2023-11-24 00:46:38,064 Test: [80/200]	Time 0.019 (0.030)	Loss 1.7272 (1.6790)
2023-11-24 00:46:38,264 Test: [90/200]	Time 0.019 (0.029)	Loss 1.7181 (1.6804)
2023-11-24 00:46:38,467 Test: [100/200]	Time 0.019 (0.028)	Loss 1.7291 (1.6800)
2023-11-24 00:46:38,832 Test: [110/200]	Time 0.022 (0.029)	Loss 1.7059 (1.6801)
2023-11-24 00:46:39,034 Test: [120/200]	Time 0.022 (0.028)	Loss 1.7074 (1.6789)
2023-11-24 00:46:39,365 Test: [130/200]	Time 0.049 (0.029)	Loss 1.6685 (1.6803)
2023-11-24 00:46:39,563 Test: [140/200]	Time 0.020 (0.028)	Loss 1.6650 (1.6798)
2023-11-24 00:46:39,948 Test: [150/200]	Time 0.019 (0.029)	Loss 1.6863 (1.6791)
2023-11-24 00:46:40,147 Test: [160/200]	Time 0.022 (0.028)	Loss 1.6744 (1.6789)
2023-11-24 00:46:40,435 Test: [170/200]	Time 0.019 (0.028)	Loss 1.6399 (1.6780)
2023-11-24 00:46:40,799 Test: [180/200]	Time 0.166 (0.029)	Loss 1.6420 (1.6770)
2023-11-24 00:46:41,160 Test: [190/200]	Time 0.112 (0.029)	Loss 1.6608 (1.6774)
2023-11-24 00:46:42,198 Mean IoU score: 0.077
2023-11-24 00:46:42,199 => saving checkpoint to out
2023-11-24 00:46:42,729 Epoch: [9][0/200]	Time 0.502s (0.502s)	Speed 63.8 samples/s	Data 0.067s (0.067s)	Loss 1.60833 (1.60833)
2023-11-24 00:46:45,773 Epoch: [9][10/200]	Time 0.316s (0.322s)	Speed 101.2 samples/s	Data 0.003s (0.008s)	Loss 1.60789 (1.60632)
2023-11-24 00:46:49,100 Epoch: [9][20/200]	Time 0.456s (0.327s)	Speed 70.2 samples/s	Data 0.002s (0.005s)	Loss 1.62916 (1.60785)
2023-11-24 00:46:52,284 Epoch: [9][30/200]	Time 0.286s (0.324s)	Speed 112.0 samples/s	Data 0.001s (0.004s)	Loss 1.60585 (1.60811)
2023-11-24 00:46:54,978 Epoch: [9][40/200]	Time 0.330s (0.311s)	Speed 97.1 samples/s	Data 0.002s (0.003s)	Loss 1.60617 (1.60862)
2023-11-24 00:46:57,657 Epoch: [9][50/200]	Time 0.229s (0.303s)	Speed 139.5 samples/s	Data 0.002s (0.003s)	Loss 1.59029 (1.60766)
2023-11-24 00:47:00,381 Epoch: [9][60/200]	Time 0.422s (0.298s)	Speed 75.9 samples/s	Data 0.002s (0.003s)	Loss 1.61454 (1.60707)
2023-11-24 00:47:02,913 Epoch: [9][70/200]	Time 0.254s (0.291s)	Speed 126.0 samples/s	Data 0.002s (0.003s)	Loss 1.59978 (1.60684)
2023-11-24 00:47:06,387 Epoch: [9][80/200]	Time 0.234s (0.298s)	Speed 136.5 samples/s	Data 0.001s (0.003s)	Loss 1.59531 (1.60703)
2023-11-24 00:47:08,713 Epoch: [9][90/200]	Time 0.263s (0.291s)	Speed 121.8 samples/s	Data 0.002s (0.003s)	Loss 1.61074 (1.60673)
2023-11-24 00:47:11,058 Epoch: [9][100/200]	Time 0.227s (0.285s)	Speed 140.7 samples/s	Data 0.002s (0.002s)	Loss 1.63117 (1.60696)
2023-11-24 00:47:13,315 Epoch: [9][110/200]	Time 0.220s (0.280s)	Speed 145.2 samples/s	Data 0.002s (0.002s)	Loss 1.61464 (1.60688)
2023-11-24 00:47:15,709 Epoch: [9][120/200]	Time 0.226s (0.277s)	Speed 141.8 samples/s	Data 0.001s (0.002s)	Loss 1.60537 (1.60652)
2023-11-24 00:47:18,022 Epoch: [9][130/200]	Time 0.263s (0.273s)	Speed 121.8 samples/s	Data 0.002s (0.002s)	Loss 1.59188 (1.60675)
2023-11-24 00:47:20,785 Epoch: [9][140/200]	Time 0.224s (0.273s)	Speed 143.1 samples/s	Data 0.002s (0.002s)	Loss 1.61038 (1.60675)
2023-11-24 00:47:23,293 Epoch: [9][150/200]	Time 0.234s (0.272s)	Speed 136.5 samples/s	Data 0.001s (0.002s)	Loss 1.60007 (1.60674)
2023-11-24 00:47:25,633 Epoch: [9][160/200]	Time 0.233s (0.270s)	Speed 137.3 samples/s	Data 0.003s (0.002s)	Loss 1.60698 (1.60681)
2023-11-24 00:47:28,912 Epoch: [9][170/200]	Time 0.222s (0.273s)	Speed 143.9 samples/s	Data 0.001s (0.002s)	Loss 1.60630 (1.60660)
2023-11-24 00:47:31,374 Epoch: [9][180/200]	Time 0.287s (0.272s)	Speed 111.6 samples/s	Data 0.001s (0.002s)	Loss 1.60008 (1.60657)
2023-11-24 00:47:33,787 Epoch: [9][190/200]	Time 0.248s (0.270s)	Speed 129.0 samples/s	Data 0.001s (0.002s)	Loss 1.59405 (1.60644)
2023-11-24 00:47:36,048 Test: [0/200]	Time 0.053 (0.053)	Loss 1.7010 (1.7010)
2023-11-24 00:47:36,233 Test: [10/200]	Time 0.017 (0.022)	Loss 1.5822 (1.6658)
2023-11-24 00:47:36,421 Test: [20/200]	Time 0.018 (0.020)	Loss 1.6309 (1.6699)
2023-11-24 00:47:36,607 Test: [30/200]	Time 0.019 (0.020)	Loss 1.7341 (1.6737)
2023-11-24 00:47:36,981 Test: [40/200]	Time 0.017 (0.024)	Loss 1.6760 (1.6797)
2023-11-24 00:47:37,213 Test: [50/200]	Time 0.030 (0.024)	Loss 1.7050 (1.6809)
2023-11-24 00:47:37,503 Test: [60/200]	Time 0.021 (0.025)	Loss 1.7097 (1.6809)
2023-11-24 00:47:37,755 Test: [70/200]	Time 0.021 (0.025)	Loss 1.6808 (1.6806)
2023-11-24 00:47:38,086 Test: [80/200]	Time 0.017 (0.026)	Loss 1.7269 (1.6787)
2023-11-24 00:47:38,273 Test: [90/200]	Time 0.017 (0.025)	Loss 1.7177 (1.6801)
2023-11-24 00:47:38,535 Test: [100/200]	Time 0.037 (0.025)	Loss 1.7286 (1.6797)
2023-11-24 00:47:38,826 Test: [110/200]	Time 0.030 (0.026)	Loss 1.7057 (1.6798)
2023-11-24 00:47:39,116 Test: [120/200]	Time 0.033 (0.026)	Loss 1.7071 (1.6787)
2023-11-24 00:47:39,489 Test: [130/200]	Time 0.027 (0.027)	Loss 1.6683 (1.6800)
2023-11-24 00:47:39,702 Test: [140/200]	Time 0.017 (0.026)	Loss 1.6647 (1.6795)
2023-11-24 00:47:39,892 Test: [150/200]	Time 0.017 (0.026)	Loss 1.6861 (1.6788)
2023-11-24 00:47:40,349 Test: [160/200]	Time 0.024 (0.027)	Loss 1.6742 (1.6786)
2023-11-24 00:47:40,583 Test: [170/200]	Time 0.019 (0.027)	Loss 1.6398 (1.6777)
2023-11-24 00:47:40,803 Test: [180/200]	Time 0.018 (0.027)	Loss 1.6419 (1.6768)
2023-11-24 00:47:41,009 Test: [190/200]	Time 0.019 (0.026)	Loss 1.6605 (1.6772)
2023-11-24 00:47:42,072 Mean IoU score: 0.077
2023-11-24 00:47:42,073 => saving checkpoint to out
2023-11-24 00:47:42,496 Epoch: [10][0/200]	Time 0.367s (0.367s)	Speed 87.2 samples/s	Data 0.051s (0.051s)	Loss 1.59345 (1.59345)
2023-11-24 00:47:44,758 Epoch: [10][10/200]	Time 0.227s (0.239s)	Speed 140.8 samples/s	Data 0.001s (0.006s)	Loss 1.59725 (1.60387)
2023-11-24 00:47:47,097 Epoch: [10][20/200]	Time 0.228s (0.237s)	Speed 140.4 samples/s	Data 0.002s (0.004s)	Loss 1.60958 (1.60296)
2023-11-24 00:47:49,359 Epoch: [10][30/200]	Time 0.221s (0.233s)	Speed 144.8 samples/s	Data 0.001s (0.003s)	Loss 1.60417 (1.60420)
2023-11-24 00:47:51,726 Epoch: [10][40/200]	Time 0.259s (0.234s)	Speed 123.8 samples/s	Data 0.002s (0.003s)	Loss 1.59704 (1.60553)
2023-11-24 00:47:54,114 Epoch: [10][50/200]	Time 0.230s (0.235s)	Speed 139.1 samples/s	Data 0.002s (0.003s)	Loss 1.62099 (1.60568)
2023-11-24 00:47:56,842 Epoch: [10][60/200]	Time 0.231s (0.241s)	Speed 138.5 samples/s	Data 0.002s (0.002s)	Loss 1.62590 (1.60608)
2023-11-24 00:47:59,130 Epoch: [10][70/200]	Time 0.229s (0.239s)	Speed 139.9 samples/s	Data 0.001s (0.002s)	Loss 1.60097 (1.60607)
2023-11-24 00:48:01,397 Epoch: [10][80/200]	Time 0.222s (0.238s)	Speed 144.3 samples/s	Data 0.001s (0.002s)	Loss 1.61191 (1.60603)
