2023-11-24 00:51:12,330 Namespace(eval_interval=1, frequent=10, gpu=False, num_workers=4, out_dir='out')
2023-11-24 00:51:12,356 => load 200 samples
2023-11-24 00:51:12,357 => load 200 samples
2023-11-24 00:51:12,822 Epoch: [0][0/200]	Time 0.463s (0.463s)	Speed 69.1 samples/s	Data 0.067s (0.067s)	Loss 2.53597 (2.53597)
2023-11-24 00:51:16,733 Epoch: [0][10/200]	Time 0.271s (0.398s)	Speed 118.2 samples/s	Data 0.002s (0.008s)	Loss 2.05256 (2.26273)
2023-11-24 00:51:19,745 Epoch: [0][20/200]	Time 0.446s (0.352s)	Speed 71.8 samples/s	Data 0.002s (0.005s)	Loss 1.76560 (2.08492)
2023-11-24 00:51:22,264 Epoch: [0][30/200]	Time 0.224s (0.320s)	Speed 142.7 samples/s	Data 0.004s (0.004s)	Loss 1.51177 (1.93423)
2023-11-24 00:51:24,739 Epoch: [0][40/200]	Time 0.222s (0.302s)	Speed 144.2 samples/s	Data 0.002s (0.004s)	Loss 1.28842 (1.80080)
2023-11-24 00:51:27,153 Epoch: [0][50/200]	Time 0.229s (0.290s)	Speed 139.6 samples/s	Data 0.001s (0.003s)	Loss 1.09650 (1.67998)
2023-11-24 00:51:29,381 Epoch: [0][60/200]	Time 0.198s (0.279s)	Speed 161.9 samples/s	Data 0.001s (0.003s)	Loss 0.92733 (1.56835)
2023-11-24 00:51:31,498 Epoch: [0][70/200]	Time 0.199s (0.270s)	Speed 160.6 samples/s	Data 0.001s (0.003s)	Loss 0.76990 (1.46650)
2023-11-24 00:51:33,697 Epoch: [0][80/200]	Time 0.215s (0.263s)	Speed 148.6 samples/s	Data 0.001s (0.003s)	Loss 0.65875 (1.37304)
2023-11-24 00:51:35,801 Epoch: [0][90/200]	Time 0.209s (0.258s)	Speed 153.0 samples/s	Data 0.002s (0.003s)	Loss 0.57820 (1.28883)
2023-11-24 00:51:38,297 Epoch: [0][100/200]	Time 0.264s (0.257s)	Speed 121.2 samples/s	Data 0.002s (0.002s)	Loss 0.48459 (1.21290)
2023-11-24 00:51:40,563 Epoch: [0][110/200]	Time 0.212s (0.254s)	Speed 150.9 samples/s	Data 0.001s (0.002s)	Loss 0.41399 (1.14423)
2023-11-24 00:51:42,930 Epoch: [0][120/200]	Time 0.284s (0.253s)	Speed 112.9 samples/s	Data 0.002s (0.002s)	Loss 0.36364 (1.08234)
2023-11-24 00:51:45,382 Epoch: [0][130/200]	Time 0.288s (0.252s)	Speed 111.3 samples/s	Data 0.001s (0.002s)	Loss 0.34598 (1.02624)
2023-11-24 00:51:47,838 Epoch: [0][140/200]	Time 0.207s (0.252s)	Speed 154.8 samples/s	Data 0.001s (0.002s)	Loss 0.30732 (0.97634)
2023-11-24 00:51:50,011 Epoch: [0][150/200]	Time 0.213s (0.249s)	Speed 150.4 samples/s	Data 0.002s (0.002s)	Loss 0.28606 (0.93075)
2023-11-24 00:51:52,424 Epoch: [0][160/200]	Time 0.218s (0.249s)	Speed 146.9 samples/s	Data 0.001s (0.002s)	Loss 0.26768 (0.88969)
2023-11-24 00:51:55,059 Epoch: [0][170/200]	Time 0.239s (0.250s)	Speed 133.9 samples/s	Data 0.001s (0.002s)	Loss 0.25812 (0.85241)
2023-11-24 00:51:57,284 Epoch: [0][180/200]	Time 0.203s (0.248s)	Speed 158.0 samples/s	Data 0.002s (0.002s)	Loss 0.23083 (0.81850)
2023-11-24 00:51:59,781 Epoch: [0][190/200]	Time 0.250s (0.248s)	Speed 127.8 samples/s	Data 0.003s (0.002s)	Loss 0.20636 (0.78696)
2023-11-24 00:52:01,699 Test: [0/200]	Time 0.058 (0.058)	Loss 0.4462 (0.4462)
2023-11-24 00:52:01,911 Test: [10/200]	Time 0.016 (0.025)	Loss 0.1487 (0.3638)
2023-11-24 00:52:02,074 Test: [20/200]	Time 0.016 (0.021)	Loss 0.2681 (0.3751)
2023-11-24 00:52:02,243 Test: [30/200]	Time 0.016 (0.019)	Loss 0.5502 (0.3837)
2023-11-24 00:52:02,414 Test: [40/200]	Time 0.016 (0.019)	Loss 0.4070 (0.3983)
2023-11-24 00:52:02,604 Test: [50/200]	Time 0.016 (0.019)	Loss 0.4850 (0.4022)
2023-11-24 00:52:02,781 Test: [60/200]	Time 0.020 (0.019)	Loss 0.4587 (0.4031)
2023-11-24 00:52:02,979 Test: [70/200]	Time 0.016 (0.019)	Loss 0.3875 (0.4020)
2023-11-24 00:52:03,144 Test: [80/200]	Time 0.016 (0.019)	Loss 0.4837 (0.3971)
2023-11-24 00:52:03,329 Test: [90/200]	Time 0.018 (0.019)	Loss 0.4884 (0.4005)
2023-11-24 00:52:03,503 Test: [100/200]	Time 0.016 (0.018)	Loss 0.5005 (0.3993)
2023-11-24 00:52:03,705 Test: [110/200]	Time 0.019 (0.019)	Loss 0.4756 (0.4007)
2023-11-24 00:52:03,928 Test: [120/200]	Time 0.015 (0.019)	Loss 0.4632 (0.3986)
2023-11-24 00:52:04,103 Test: [130/200]	Time 0.017 (0.019)	Loss 0.3873 (0.4031)
2023-11-24 00:52:04,270 Test: [140/200]	Time 0.016 (0.019)	Loss 0.3584 (0.4019)
2023-11-24 00:52:04,437 Test: [150/200]	Time 0.016 (0.019)	Loss 0.4389 (0.4007)
2023-11-24 00:52:04,614 Test: [160/200]	Time 0.016 (0.018)	Loss 0.4200 (0.4005)
2023-11-24 00:52:04,780 Test: [170/200]	Time 0.015 (0.018)	Loss 0.2925 (0.3980)
2023-11-24 00:52:04,946 Test: [180/200]	Time 0.016 (0.018)	Loss 0.3367 (0.3959)
2023-11-24 00:52:05,118 Test: [190/200]	Time 0.016 (0.018)	Loss 0.3420 (0.3971)
2023-11-24 00:52:06,080 Mean IoU score: 0.184
2023-11-24 00:52:06,080 => saving checkpoint to out
2023-11-24 00:52:06,590 Epoch: [1][0/200]	Time 0.439s (0.439s)	Speed 72.9 samples/s	Data 0.060s (0.060s)	Loss 0.19970 (0.19970)
2023-11-24 00:52:08,784 Epoch: [1][10/200]	Time 0.209s (0.239s)	Speed 153.3 samples/s	Data 0.001s (0.007s)	Loss 0.19909 (0.20685)
2023-11-24 00:52:10,882 Epoch: [1][20/200]	Time 0.207s (0.225s)	Speed 154.8 samples/s	Data 0.001s (0.004s)	Loss 0.24850 (0.20279)
2023-11-24 00:52:12,947 Epoch: [1][30/200]	Time 0.206s (0.219s)	Speed 155.7 samples/s	Data 0.002s (0.003s)	Loss 0.16376 (0.19949)
2023-11-24 00:52:15,329 Epoch: [1][40/200]	Time 0.246s (0.224s)	Speed 130.1 samples/s	Data 0.001s (0.003s)	Loss 0.17652 (0.19440)
2023-11-24 00:52:18,456 Epoch: [1][50/200]	Time 0.225s (0.241s)	Speed 141.9 samples/s	Data 0.002s (0.003s)	Loss 0.15264 (0.19038)
2023-11-24 00:52:21,334 Epoch: [1][60/200]	Time 0.260s (0.249s)	Speed 123.3 samples/s	Data 0.001s (0.003s)	Loss 0.16312 (0.18656)
2023-11-24 00:52:26,313 Epoch: [1][70/200]	Time 0.237s (0.284s)	Speed 134.9 samples/s	Data 0.001s (0.002s)	Loss 0.15758 (0.18262)
2023-11-24 00:52:28,818 Epoch: [1][80/200]	Time 0.208s (0.280s)	Speed 153.6 samples/s	Data 0.002s (0.002s)	Loss 0.12019 (0.17798)
2023-11-24 00:52:30,871 Epoch: [1][90/200]	Time 0.202s (0.272s)	Speed 158.4 samples/s	Data 0.001s (0.002s)	Loss 0.13983 (0.17339)
2023-11-24 00:52:32,935 Epoch: [1][100/200]	Time 0.207s (0.265s)	Speed 154.5 samples/s	Data 0.001s (0.002s)	Loss 0.12856 (0.17032)
2023-11-24 00:52:35,002 Epoch: [1][110/200]	Time 0.206s (0.260s)	Speed 155.2 samples/s	Data 0.002s (0.002s)	Loss 0.12088 (0.16689)
2023-11-24 00:52:37,105 Epoch: [1][120/200]	Time 0.202s (0.256s)	Speed 158.7 samples/s	Data 0.001s (0.002s)	Loss 0.10454 (0.16273)
2023-11-24 00:52:39,313 Epoch: [1][130/200]	Time 0.239s (0.253s)	Speed 134.1 samples/s	Data 0.002s (0.002s)	Loss 0.10179 (0.15886)
2023-11-24 00:52:41,519 Epoch: [1][140/200]	Time 0.249s (0.251s)	Speed 128.5 samples/s	Data 0.002s (0.002s)	Loss 0.12591 (0.15545)
2023-11-24 00:52:43,628 Epoch: [1][150/200]	Time 0.251s (0.248s)	Speed 127.5 samples/s	Data 0.001s (0.002s)	Loss 0.09306 (0.15202)
2023-11-24 00:52:45,784 Epoch: [1][160/200]	Time 0.205s (0.246s)	Speed 156.2 samples/s	Data 0.001s (0.002s)	Loss 0.10401 (0.14891)
2023-11-24 00:52:47,975 Epoch: [1][170/200]	Time 0.203s (0.245s)	Speed 157.4 samples/s	Data 0.004s (0.002s)	Loss 0.09007 (0.14585)
2023-11-24 00:52:50,223 Epoch: [1][180/200]	Time 0.207s (0.243s)	Speed 154.4 samples/s	Data 0.001s (0.002s)	Loss 0.09868 (0.14298)
2023-11-24 00:52:52,392 Epoch: [1][190/200]	Time 0.262s (0.242s)	Speed 122.3 samples/s	Data 0.001s (0.002s)	Loss 0.09571 (0.14025)
2023-11-24 00:52:54,428 Test: [0/200]	Time 0.045 (0.045)	Loss 0.2544 (0.2544)
2023-11-24 00:52:54,754 Test: [10/200]	Time 0.020 (0.034)	Loss 0.0668 (0.1825)
2023-11-24 00:52:54,963 Test: [20/200]	Time 0.016 (0.028)	Loss 0.1468 (0.1888)
2023-11-24 00:52:55,145 Test: [30/200]	Time 0.017 (0.025)	Loss 0.2429 (0.1968)
2023-11-24 00:52:55,326 Test: [40/200]	Time 0.016 (0.023)	Loss 0.1898 (0.2058)
2023-11-24 00:52:55,508 Test: [50/200]	Time 0.017 (0.022)	Loss 0.2702 (0.2065)
2023-11-24 00:52:55,688 Test: [60/200]	Time 0.017 (0.021)	Loss 0.2463 (0.2076)
2023-11-24 00:52:55,866 Test: [70/200]	Time 0.016 (0.021)	Loss 0.1813 (0.2071)
2023-11-24 00:52:56,038 Test: [80/200]	Time 0.016 (0.020)	Loss 0.2624 (0.2039)
2023-11-24 00:52:56,220 Test: [90/200]	Time 0.016 (0.020)	Loss 0.2716 (0.2069)
2023-11-24 00:52:56,403 Test: [100/200]	Time 0.016 (0.020)	Loss 0.2920 (0.2057)
2023-11-24 00:52:56,592 Test: [110/200]	Time 0.028 (0.020)	Loss 0.2711 (0.2067)
2023-11-24 00:52:56,773 Test: [120/200]	Time 0.016 (0.020)	Loss 0.2305 (0.2049)
2023-11-24 00:52:56,950 Test: [130/200]	Time 0.015 (0.020)	Loss 0.1818 (0.2069)
2023-11-24 00:52:57,134 Test: [140/200]	Time 0.016 (0.020)	Loss 0.1940 (0.2066)
2023-11-24 00:52:57,315 Test: [150/200]	Time 0.015 (0.019)	Loss 0.1975 (0.2051)
2023-11-24 00:52:57,501 Test: [160/200]	Time 0.016 (0.019)	Loss 0.2248 (0.2049)
2023-11-24 00:52:57,705 Test: [170/200]	Time 0.016 (0.019)	Loss 0.1581 (0.2032)
2023-11-24 00:52:57,896 Test: [180/200]	Time 0.017 (0.019)	Loss 0.1574 (0.2020)
2023-11-24 00:52:58,085 Test: [190/200]	Time 0.016 (0.019)	Loss 0.1387 (0.2030)
2023-11-24 00:52:59,185 Mean IoU score: 0.554
2023-11-24 00:52:59,186 => saving checkpoint to out
2023-11-24 00:52:59,531 Epoch: [2][0/200]	Time 0.324s (0.324s)	Speed 98.7 samples/s	Data 0.060s (0.060s)	Loss 0.07134 (0.07134)
2023-11-24 00:53:01,678 Epoch: [2][10/200]	Time 0.212s (0.225s)	Speed 150.9 samples/s	Data 0.001s (0.007s)	Loss 0.08076 (0.08098)
2023-11-24 00:53:04,078 Epoch: [2][20/200]	Time 0.211s (0.232s)	Speed 151.4 samples/s	Data 0.002s (0.004s)	Loss 0.07862 (0.07828)
2023-11-24 00:53:06,303 Epoch: [2][30/200]	Time 0.217s (0.229s)	Speed 147.5 samples/s	Data 0.002s (0.003s)	Loss 0.06779 (0.07535)
2023-11-24 00:53:09,005 Epoch: [2][40/200]	Time 0.248s (0.239s)	Speed 128.9 samples/s	Data 0.002s (0.003s)	Loss 0.06479 (0.07468)
2023-11-24 00:53:13,137 Epoch: [2][50/200]	Time 0.884s (0.273s)	Speed 36.2 samples/s	Data 0.002s (0.003s)	Loss 0.05992 (0.07303)
2023-11-24 00:53:17,512 Epoch: [2][60/200]	Time 0.588s (0.300s)	Speed 54.4 samples/s	Data 0.003s (0.003s)	Loss 0.05642 (0.07151)
2023-11-24 00:53:20,431 Epoch: [2][70/200]	Time 0.245s (0.299s)	Speed 130.5 samples/s	Data 0.002s (0.003s)	Loss 0.07362 (0.07006)
2023-11-24 00:53:23,004 Epoch: [2][80/200]	Time 0.267s (0.294s)	Speed 120.0 samples/s	Data 0.001s (0.002s)	Loss 0.06506 (0.06903)
2023-11-24 00:53:25,716 Epoch: [2][90/200]	Time 0.241s (0.291s)	Speed 132.5 samples/s	Data 0.002s (0.002s)	Loss 0.05200 (0.06778)
2023-11-24 00:53:27,968 Epoch: [2][100/200]	Time 0.236s (0.285s)	Speed 135.7 samples/s	Data 0.001s (0.002s)	Loss 0.05832 (0.06651)
2023-11-24 00:53:30,634 Epoch: [2][110/200]	Time 0.250s (0.283s)	Speed 128.1 samples/s	Data 0.002s (0.002s)	Loss 0.05487 (0.06605)
2023-11-24 00:53:33,432 Epoch: [2][120/200]	Time 0.221s (0.283s)	Speed 144.7 samples/s	Data 0.002s (0.002s)	Loss 0.05783 (0.06491)
2023-11-24 00:53:35,878 Epoch: [2][130/200]	Time 0.248s (0.280s)	Speed 129.1 samples/s	Data 0.002s (0.002s)	Loss 0.05782 (0.06400)
2023-11-24 00:53:38,412 Epoch: [2][140/200]	Time 0.218s (0.278s)	Speed 146.8 samples/s	Data 0.002s (0.002s)	Loss 0.05530 (0.06313)
2023-11-24 00:53:40,817 Epoch: [2][150/200]	Time 0.249s (0.276s)	Speed 128.5 samples/s	Data 0.002s (0.002s)	Loss 0.04311 (0.06257)
2023-11-24 00:53:44,046 Epoch: [2][160/200]	Time 0.260s (0.278s)	Speed 123.1 samples/s	Data 0.002s (0.002s)	Loss 0.04008 (0.06162)
2023-11-24 00:53:46,610 Epoch: [2][170/200]	Time 0.266s (0.277s)	Speed 120.5 samples/s	Data 0.001s (0.002s)	Loss 0.04484 (0.06075)
2023-11-24 00:53:49,106 Epoch: [2][180/200]	Time 0.222s (0.276s)	Speed 144.0 samples/s	Data 0.002s (0.002s)	Loss 0.04362 (0.05983)
2023-11-24 00:53:51,708 Epoch: [2][190/200]	Time 0.328s (0.275s)	Speed 97.5 samples/s	Data 0.001s (0.002s)	Loss 0.05299 (0.05899)
2023-11-24 00:53:53,988 Test: [0/200]	Time 0.053 (0.053)	Loss 0.1172 (0.1172)
2023-11-24 00:53:54,325 Test: [10/200]	Time 0.024 (0.035)	Loss 0.0292 (0.1017)
2023-11-24 00:53:54,545 Test: [20/200]	Time 0.022 (0.029)	Loss 0.0778 (0.1064)
2023-11-24 00:53:54,753 Test: [30/200]	Time 0.017 (0.026)	Loss 0.1520 (0.1128)
2023-11-24 00:53:54,947 Test: [40/200]	Time 0.021 (0.025)	Loss 0.1133 (0.1177)
2023-11-24 00:53:55,134 Test: [50/200]	Time 0.018 (0.024)	Loss 0.1526 (0.1188)
2023-11-24 00:53:55,323 Test: [60/200]	Time 0.017 (0.023)	Loss 0.1381 (0.1214)
2023-11-24 00:53:55,506 Test: [70/200]	Time 0.017 (0.022)	Loss 0.1170 (0.1215)
2023-11-24 00:53:55,722 Test: [80/200]	Time 0.018 (0.022)	Loss 0.1280 (0.1193)
2023-11-24 00:53:55,922 Test: [90/200]	Time 0.017 (0.022)	Loss 0.1709 (0.1213)
2023-11-24 00:53:56,105 Test: [100/200]	Time 0.018 (0.021)	Loss 0.1685 (0.1208)
2023-11-24 00:53:56,290 Test: [110/200]	Time 0.017 (0.021)	Loss 0.1652 (0.1217)
2023-11-24 00:53:56,473 Test: [120/200]	Time 0.017 (0.021)	Loss 0.1429 (0.1204)
2023-11-24 00:53:56,658 Test: [130/200]	Time 0.017 (0.021)	Loss 0.1164 (0.1214)
2023-11-24 00:53:56,852 Test: [140/200]	Time 0.019 (0.021)	Loss 0.0996 (0.1205)
2023-11-24 00:53:57,033 Test: [150/200]	Time 0.017 (0.021)	Loss 0.1064 (0.1193)
2023-11-24 00:53:57,207 Test: [160/200]	Time 0.017 (0.020)	Loss 0.1341 (0.1193)
2023-11-24 00:53:57,389 Test: [170/200]	Time 0.017 (0.020)	Loss 0.1140 (0.1183)
2023-11-24 00:53:57,571 Test: [180/200]	Time 0.017 (0.020)	Loss 0.1055 (0.1175)
2023-11-24 00:53:57,760 Test: [190/200]	Time 0.017 (0.020)	Loss 0.0797 (0.1176)
2023-11-24 00:53:58,729 Mean IoU score: 0.744
2023-11-24 00:53:58,729 => saving checkpoint to out
2023-11-24 00:53:59,202 Epoch: [3][0/200]	Time 0.401s (0.401s)	Speed 79.8 samples/s	Data 0.075s (0.075s)	Loss 0.03874 (0.03874)
2023-11-24 00:54:01,674 Epoch: [3][10/200]	Time 0.238s (0.261s)	Speed 134.3 samples/s	Data 0.002s (0.009s)	Loss 0.04553 (0.04176)
2023-11-24 00:54:04,198 Epoch: [3][20/200]	Time 0.225s (0.257s)	Speed 142.0 samples/s	Data 0.004s (0.006s)	Loss 0.06347 (0.04117)
2023-11-24 00:54:06,478 Epoch: [3][30/200]	Time 0.230s (0.248s)	Speed 139.0 samples/s	Data 0.002s (0.004s)	Loss 0.02682 (0.04054)
2023-11-24 00:54:08,727 Epoch: [3][40/200]	Time 0.227s (0.242s)	Speed 141.2 samples/s	Data 0.001s (0.004s)	Loss 0.03533 (0.04015)
2023-11-24 00:54:11,074 Epoch: [3][50/200]	Time 0.214s (0.241s)	Speed 149.2 samples/s	Data 0.002s (0.003s)	Loss 0.03145 (0.03931)
2023-11-24 00:54:13,499 Epoch: [3][60/200]	Time 0.229s (0.241s)	Speed 139.7 samples/s	Data 0.002s (0.003s)	Loss 0.03432 (0.03857)
2023-11-24 00:54:15,839 Epoch: [3][70/200]	Time 0.239s (0.240s)	Speed 133.9 samples/s	Data 0.002s (0.003s)	Loss 0.03821 (0.03813)
2023-11-24 00:54:18,053 Epoch: [3][80/200]	Time 0.217s (0.238s)	Speed 147.2 samples/s	Data 0.001s (0.003s)	Loss 0.02630 (0.03792)
2023-11-24 00:54:20,283 Epoch: [3][90/200]	Time 0.217s (0.236s)	Speed 147.6 samples/s	Data 0.002s (0.003s)	Loss 0.03097 (0.03756)
2023-11-24 00:54:22,603 Epoch: [3][100/200]	Time 0.253s (0.236s)	Speed 126.7 samples/s	Data 0.001s (0.002s)	Loss 0.03369 (0.03737)
2023-11-24 00:54:25,121 Epoch: [3][110/200]	Time 0.235s (0.237s)	Speed 136.1 samples/s	Data 0.002s (0.002s)	Loss 0.03168 (0.03722)
2023-11-24 00:54:27,612 Epoch: [3][120/200]	Time 0.304s (0.238s)	Speed 105.1 samples/s	Data 0.002s (0.002s)	Loss 0.04062 (0.03710)
2023-11-24 00:54:30,187 Epoch: [3][130/200]	Time 0.233s (0.240s)	Speed 137.2 samples/s	Data 0.002s (0.002s)	Loss 0.03449 (0.03693)
2023-11-24 00:54:32,760 Epoch: [3][140/200]	Time 0.269s (0.241s)	Speed 119.0 samples/s	Data 0.002s (0.002s)	Loss 0.03407 (0.03660)
2023-11-24 00:54:35,452 Epoch: [3][150/200]	Time 0.267s (0.243s)	Speed 120.0 samples/s	Data 0.002s (0.002s)	Loss 0.02394 (0.03645)
2023-11-24 00:54:38,042 Epoch: [3][160/200]	Time 0.216s (0.244s)	Speed 148.2 samples/s	Data 0.002s (0.002s)	Loss 0.03075 (0.03648)
2023-11-24 00:54:40,689 Epoch: [3][170/200]	Time 0.252s (0.245s)	Speed 126.9 samples/s	Data 0.002s (0.002s)	Loss 0.04308 (0.03638)
2023-11-24 00:54:43,401 Epoch: [3][180/200]	Time 0.383s (0.246s)	Speed 83.6 samples/s	Data 0.002s (0.002s)	Loss 0.03422 (0.03619)
2023-11-24 00:54:46,159 Epoch: [3][190/200]	Time 0.218s (0.248s)	Speed 146.9 samples/s	Data 0.001s (0.002s)	Loss 0.02691 (0.03593)
2023-11-24 00:54:48,592 Test: [0/200]	Time 0.058 (0.058)	Loss 0.1089 (0.1089)
2023-11-24 00:54:48,798 Test: [10/200]	Time 0.028 (0.024)	Loss 0.0197 (0.0771)
2023-11-24 00:54:49,039 Test: [20/200]	Time 0.020 (0.024)	Loss 0.0497 (0.0824)
2023-11-24 00:54:49,274 Test: [30/200]	Time 0.021 (0.024)	Loss 0.1174 (0.0867)
2023-11-24 00:54:49,508 Test: [40/200]	Time 0.020 (0.024)	Loss 0.0724 (0.0909)
2023-11-24 00:54:49,702 Test: [50/200]	Time 0.019 (0.023)	Loss 0.1254 (0.0909)
2023-11-24 00:54:49,932 Test: [60/200]	Time 0.020 (0.023)	Loss 0.1085 (0.0931)
2023-11-24 00:54:50,149 Test: [70/200]	Time 0.019 (0.023)	Loss 0.0910 (0.0936)
2023-11-24 00:54:50,380 Test: [80/200]	Time 0.029 (0.023)	Loss 0.1012 (0.0916)
2023-11-24 00:54:50,575 Test: [90/200]	Time 0.017 (0.022)	Loss 0.1118 (0.0935)
2023-11-24 00:54:50,757 Test: [100/200]	Time 0.017 (0.022)	Loss 0.1321 (0.0933)
2023-11-24 00:54:50,942 Test: [110/200]	Time 0.019 (0.022)	Loss 0.1619 (0.0948)
2023-11-24 00:54:51,141 Test: [120/200]	Time 0.020 (0.022)	Loss 0.1025 (0.0937)
2023-11-24 00:54:51,363 Test: [130/200]	Time 0.019 (0.022)	Loss 0.0906 (0.0941)
2023-11-24 00:54:51,575 Test: [140/200]	Time 0.019 (0.022)	Loss 0.1073 (0.0941)
2023-11-24 00:54:51,782 Test: [150/200]	Time 0.020 (0.022)	Loss 0.0798 (0.0933)
2023-11-24 00:54:51,991 Test: [160/200]	Time 0.020 (0.021)	Loss 0.0949 (0.0931)
2023-11-24 00:54:52,192 Test: [170/200]	Time 0.018 (0.021)	Loss 0.0815 (0.0923)
2023-11-24 00:54:52,386 Test: [180/200]	Time 0.018 (0.021)	Loss 0.0732 (0.0917)
2023-11-24 00:54:52,610 Test: [190/200]	Time 0.028 (0.021)	Loss 0.0603 (0.0919)
2023-11-24 00:54:53,649 Mean IoU score: 0.794
2023-11-24 00:54:53,650 => saving checkpoint to out
2023-11-24 00:54:54,083 Epoch: [4][0/200]	Time 0.362s (0.362s)	Speed 88.3 samples/s	Data 0.060s (0.060s)	Loss 0.03354 (0.03354)
2023-11-24 00:54:56,321 Epoch: [4][10/200]	Time 0.221s (0.236s)	Speed 144.6 samples/s	Data 0.001s (0.007s)	Loss 0.02614 (0.02933)
2023-11-24 00:54:58,744 Epoch: [4][20/200]	Time 0.295s (0.239s)	Speed 108.5 samples/s	Data 0.002s (0.004s)	Loss 0.02308 (0.02766)
2023-11-24 00:55:01,235 Epoch: [4][30/200]	Time 0.231s (0.242s)	Speed 138.8 samples/s	Data 0.001s (0.004s)	Loss 0.02413 (0.02745)
2023-11-24 00:55:03,888 Epoch: [4][40/200]	Time 0.226s (0.248s)	Speed 141.8 samples/s	Data 0.002s (0.003s)	Loss 0.02459 (0.02766)
2023-11-24 00:55:06,245 Epoch: [4][50/200]	Time 0.218s (0.246s)	Speed 146.7 samples/s	Data 0.002s (0.003s)	Loss 0.02365 (0.02741)
2023-11-24 00:55:08,846 Epoch: [4][60/200]	Time 0.362s (0.248s)	Speed 88.4 samples/s	Data 0.002s (0.003s)	Loss 0.02078 (0.02696)
2023-11-24 00:55:11,455 Epoch: [4][70/200]	Time 0.342s (0.250s)	Speed 93.6 samples/s	Data 0.002s (0.003s)	Loss 0.02445 (0.02690)
2023-11-24 00:55:13,814 Epoch: [4][80/200]	Time 0.228s (0.248s)	Speed 140.1 samples/s	Data 0.002s (0.002s)	Loss 0.02400 (0.02666)
2023-11-24 00:55:16,219 Epoch: [4][90/200]	Time 0.232s (0.247s)	Speed 138.1 samples/s	Data 0.001s (0.002s)	Loss 0.02725 (0.02634)
2023-11-24 00:55:18,802 Epoch: [4][100/200]	Time 0.255s (0.248s)	Speed 125.5 samples/s	Data 0.001s (0.002s)	Loss 0.02614 (0.02621)
2023-11-24 00:55:21,400 Epoch: [4][110/200]	Time 0.243s (0.249s)	Speed 131.5 samples/s	Data 0.002s (0.002s)	Loss 0.02797 (0.02622)
2023-11-24 00:55:24,201 Epoch: [4][120/200]	Time 0.256s (0.252s)	Speed 125.0 samples/s	Data 0.002s (0.002s)	Loss 0.02948 (0.02607)
2023-11-24 00:55:26,505 Epoch: [4][130/200]	Time 0.224s (0.250s)	Speed 142.7 samples/s	Data 0.002s (0.002s)	Loss 0.02551 (0.02611)
2023-11-24 00:55:28,842 Epoch: [4][140/200]	Time 0.260s (0.249s)	Speed 122.9 samples/s	Data 0.002s (0.002s)	Loss 0.02626 (0.02617)
2023-11-24 00:55:31,301 Epoch: [4][150/200]	Time 0.230s (0.249s)	Speed 139.3 samples/s	Data 0.002s (0.002s)	Loss 0.02037 (0.02605)
2023-11-24 00:55:33,594 Epoch: [4][160/200]	Time 0.217s (0.248s)	Speed 147.3 samples/s	Data 0.002s (0.002s)	Loss 0.02214 (0.02580)
2023-11-24 00:55:35,982 Epoch: [4][170/200]	Time 0.229s (0.247s)	Speed 139.8 samples/s	Data 0.001s (0.002s)	Loss 0.02121 (0.02570)
2023-11-24 00:55:38,209 Epoch: [4][180/200]	Time 0.218s (0.246s)	Speed 146.7 samples/s	Data 0.001s (0.002s)	Loss 0.03469 (0.02568)
2023-11-24 00:55:40,787 Epoch: [4][190/200]	Time 0.310s (0.246s)	Speed 103.4 samples/s	Data 0.002s (0.002s)	Loss 0.02476 (0.02557)
2023-11-24 00:55:42,953 Test: [0/200]	Time 0.054 (0.054)	Loss 0.0869 (0.0869)
2023-11-24 00:55:43,175 Test: [10/200]	Time 0.022 (0.025)	Loss 0.0259 (0.0756)
2023-11-24 00:55:43,356 Test: [20/200]	Time 0.017 (0.022)	Loss 0.0503 (0.0792)
2023-11-24 00:55:43,540 Test: [30/200]	Time 0.020 (0.021)	Loss 0.1406 (0.0856)
2023-11-24 00:55:43,722 Test: [40/200]	Time 0.017 (0.020)	Loss 0.0582 (0.0873)
2023-11-24 00:55:43,903 Test: [50/200]	Time 0.017 (0.020)	Loss 0.1130 (0.0891)
2023-11-24 00:55:44,086 Test: [60/200]	Time 0.018 (0.019)	Loss 0.1261 (0.0915)
2023-11-24 00:55:44,270 Test: [70/200]	Time 0.017 (0.019)	Loss 0.0917 (0.0913)
2023-11-24 00:55:44,446 Test: [80/200]	Time 0.016 (0.019)	Loss 0.0807 (0.0888)
2023-11-24 00:55:44,632 Test: [90/200]	Time 0.017 (0.019)	Loss 0.1530 (0.0909)
2023-11-24 00:55:44,846 Test: [100/200]	Time 0.016 (0.019)	Loss 0.1809 (0.0903)
2023-11-24 00:55:45,025 Test: [110/200]	Time 0.017 (0.019)	Loss 0.1497 (0.0914)
2023-11-24 00:55:45,200 Test: [120/200]	Time 0.017 (0.019)	Loss 0.1468 (0.0899)
2023-11-24 00:55:45,380 Test: [130/200]	Time 0.016 (0.019)	Loss 0.0873 (0.0901)
2023-11-24 00:55:45,560 Test: [140/200]	Time 0.017 (0.019)	Loss 0.0684 (0.0895)
2023-11-24 00:55:45,743 Test: [150/200]	Time 0.016 (0.019)	Loss 0.0669 (0.0883)
2023-11-24 00:55:45,923 Test: [160/200]	Time 0.017 (0.019)	Loss 0.0911 (0.0881)
2023-11-24 00:55:46,099 Test: [170/200]	Time 0.018 (0.019)	Loss 0.0734 (0.0869)
2023-11-24 00:55:46,276 Test: [180/200]	Time 0.017 (0.019)	Loss 0.0809 (0.0861)
2023-11-24 00:55:46,453 Test: [190/200]	Time 0.017 (0.019)	Loss 0.0407 (0.0860)
2023-11-24 00:55:47,412 Mean IoU score: 0.800
2023-11-24 00:55:47,413 => saving checkpoint to out
2023-11-24 00:55:47,818 Epoch: [5][0/200]	Time 0.334s (0.334s)	Speed 95.7 samples/s	Data 0.061s (0.061s)	Loss 0.01806 (0.01806)
2023-11-24 00:55:50,114 Epoch: [5][10/200]	Time 0.235s (0.239s)	Speed 136.3 samples/s	Data 0.004s (0.008s)	Loss 0.01625 (0.02077)
2023-11-24 00:55:52,453 Epoch: [5][20/200]	Time 0.216s (0.237s)	Speed 148.1 samples/s	Data 0.002s (0.005s)	Loss 0.02442 (0.02143)
2023-11-24 00:55:55,111 Epoch: [5][30/200]	Time 0.253s (0.246s)	Speed 126.2 samples/s	Data 0.001s (0.004s)	Loss 0.02655 (0.02136)
2023-11-24 00:55:57,545 Epoch: [5][40/200]	Time 0.216s (0.245s)	Speed 148.3 samples/s	Data 0.002s (0.003s)	Loss 0.01872 (0.02135)
2023-11-24 00:56:08,241 Epoch: [5][50/200]	Time 0.237s (0.407s)	Speed 135.2 samples/s	Data 0.003s (0.003s)	Loss 0.02442 (0.02127)
2023-11-24 00:56:10,861 Epoch: [5][60/200]	Time 0.249s (0.383s)	Speed 128.8 samples/s	Data 0.001s (0.003s)	Loss 0.01574 (0.02085)
2023-11-24 00:56:13,349 Epoch: [5][70/200]	Time 0.283s (0.364s)	Speed 113.2 samples/s	Data 0.002s (0.003s)	Loss 0.01865 (0.02072)
2023-11-24 00:56:15,866 Epoch: [5][80/200]	Time 0.251s (0.350s)	Speed 127.6 samples/s	Data 0.002s (0.003s)	Loss 0.01819 (0.02063)
2023-11-24 00:56:18,080 Epoch: [5][90/200]	Time 0.219s (0.336s)	Speed 146.3 samples/s	Data 0.002s (0.002s)	Loss 0.01442 (0.02061)
2023-11-24 00:56:20,521 Epoch: [5][100/200]	Time 0.266s (0.327s)	Speed 120.3 samples/s	Data 0.002s (0.002s)	Loss 0.02136 (0.02054)
2023-11-24 00:56:23,263 Epoch: [5][110/200]	Time 0.224s (0.322s)	Speed 143.0 samples/s	Data 0.001s (0.002s)	Loss 0.02144 (0.02056)
2023-11-24 00:56:25,536 Epoch: [5][120/200]	Time 0.217s (0.314s)	Speed 147.2 samples/s	Data 0.002s (0.002s)	Loss 0.01997 (0.02036)
2023-11-24 00:56:27,816 Epoch: [5][130/200]	Time 0.225s (0.308s)	Speed 142.0 samples/s	Data 0.002s (0.002s)	Loss 0.02441 (0.02043)
2023-11-24 00:56:30,300 Epoch: [5][140/200]	Time 0.227s (0.304s)	Speed 140.8 samples/s	Data 0.002s (0.002s)	Loss 0.02291 (0.02042)
2023-11-24 00:56:32,688 Epoch: [5][150/200]	Time 0.239s (0.299s)	Speed 134.1 samples/s	Data 0.001s (0.002s)	Loss 0.02382 (0.02041)
2023-11-24 00:56:35,267 Epoch: [5][160/200]	Time 0.219s (0.297s)	Speed 146.1 samples/s	Data 0.002s (0.002s)	Loss 0.02187 (0.02033)
2023-11-24 00:56:37,720 Epoch: [5][170/200]	Time 0.224s (0.294s)	Speed 142.8 samples/s	Data 0.002s (0.002s)	Loss 0.01910 (0.02027)
2023-11-24 00:56:40,395 Epoch: [5][180/200]	Time 0.301s (0.292s)	Speed 106.4 samples/s	Data 0.002s (0.002s)	Loss 0.01871 (0.02037)
2023-11-24 00:56:42,743 Epoch: [5][190/200]	Time 0.246s (0.289s)	Speed 130.3 samples/s	Data 0.002s (0.002s)	Loss 0.01828 (0.02041)
2023-11-24 00:56:45,188 Test: [0/200]	Time 0.049 (0.049)	Loss 0.0841 (0.0841)
2023-11-24 00:56:45,648 Test: [10/200]	Time 0.019 (0.046)	Loss 0.0226 (0.0649)
2023-11-24 00:56:45,836 Test: [20/200]	Time 0.018 (0.033)	Loss 0.0535 (0.0665)
2023-11-24 00:56:46,023 Test: [30/200]	Time 0.018 (0.029)	Loss 0.0930 (0.0726)
2023-11-24 00:56:46,213 Test: [40/200]	Time 0.018 (0.026)	Loss 0.0635 (0.0746)
2023-11-24 00:56:46,403 Test: [50/200]	Time 0.017 (0.025)	Loss 0.1131 (0.0759)
2023-11-24 00:56:46,594 Test: [60/200]	Time 0.023 (0.024)	Loss 0.0948 (0.0772)
2023-11-24 00:56:46,804 Test: [70/200]	Time 0.016 (0.023)	Loss 0.0682 (0.0778)
2023-11-24 00:56:47,013 Test: [80/200]	Time 0.020 (0.023)	Loss 0.1020 (0.0766)
2023-11-24 00:56:47,230 Test: [90/200]	Time 0.020 (0.023)	Loss 0.0992 (0.0787)
2023-11-24 00:56:47,456 Test: [100/200]	Time 0.025 (0.023)	Loss 0.1132 (0.0780)
2023-11-24 00:56:47,662 Test: [110/200]	Time 0.019 (0.023)	Loss 0.1523 (0.0786)
2023-11-24 00:56:47,860 Test: [120/200]	Time 0.018 (0.022)	Loss 0.0747 (0.0770)
2023-11-24 00:56:48,052 Test: [130/200]	Time 0.018 (0.022)	Loss 0.0609 (0.0774)
2023-11-24 00:56:48,251 Test: [140/200]	Time 0.019 (0.022)	Loss 0.0714 (0.0769)
2023-11-24 00:56:48,448 Test: [150/200]	Time 0.018 (0.022)	Loss 0.0661 (0.0760)
2023-11-24 00:56:48,645 Test: [160/200]	Time 0.021 (0.022)	Loss 0.0856 (0.0760)
2023-11-24 00:56:48,845 Test: [170/200]	Time 0.019 (0.022)	Loss 0.0552 (0.0753)
2023-11-24 00:56:49,036 Test: [180/200]	Time 0.018 (0.022)	Loss 0.0627 (0.0748)
2023-11-24 00:56:49,271 Test: [190/200]	Time 0.021 (0.022)	Loss 0.0371 (0.0747)
2023-11-24 00:56:50,253 Mean IoU score: 0.822
2023-11-24 00:56:50,253 => saving checkpoint to out
2023-11-24 00:56:50,659 Epoch: [6][0/200]	Time 0.387s (0.387s)	Speed 82.7 samples/s	Data 0.063s (0.063s)	Loss 0.01824 (0.01824)
2023-11-24 00:56:53,002 Epoch: [6][10/200]	Time 0.221s (0.248s)	Speed 144.9 samples/s	Data 0.002s (0.007s)	Loss 0.02091 (0.01730)
2023-11-24 00:56:55,382 Epoch: [6][20/200]	Time 0.214s (0.243s)	Speed 149.5 samples/s	Data 0.002s (0.005s)	Loss 0.01663 (0.01809)
2023-11-24 00:56:57,779 Epoch: [6][30/200]	Time 0.245s (0.242s)	Speed 130.4 samples/s	Data 0.002s (0.004s)	Loss 0.01691 (0.01825)
2023-11-24 00:57:00,281 Epoch: [6][40/200]	Time 0.237s (0.244s)	Speed 135.0 samples/s	Data 0.003s (0.003s)	Loss 0.01701 (0.01808)
2023-11-24 00:57:02,968 Epoch: [6][50/200]	Time 0.226s (0.249s)	Speed 141.7 samples/s	Data 0.002s (0.003s)	Loss 0.01494 (0.01792)
2023-11-24 00:57:05,390 Epoch: [6][60/200]	Time 0.254s (0.248s)	Speed 125.9 samples/s	Data 0.002s (0.003s)	Loss 0.01415 (0.01755)
2023-11-24 00:57:07,841 Epoch: [6][70/200]	Time 0.282s (0.247s)	Speed 113.3 samples/s	Data 0.002s (0.003s)	Loss 0.01487 (0.01722)
2023-11-24 00:57:10,602 Epoch: [6][80/200]	Time 0.250s (0.251s)	Speed 127.8 samples/s	Data 0.001s (0.003s)	Loss 0.01450 (0.01705)
2023-11-24 00:57:12,962 Epoch: [6][90/200]	Time 0.234s (0.249s)	Speed 136.5 samples/s	Data 0.002s (0.002s)	Loss 0.01684 (0.01692)
2023-11-24 00:57:15,240 Epoch: [6][100/200]	Time 0.242s (0.247s)	Speed 132.0 samples/s	Data 0.002s (0.002s)	Loss 0.01529 (0.01686)
2023-11-24 00:57:17,772 Epoch: [6][110/200]	Time 0.263s (0.248s)	Speed 121.6 samples/s	Data 0.001s (0.002s)	Loss 0.01328 (0.01674)
2023-11-24 00:57:20,582 Epoch: [6][120/200]	Time 0.496s (0.250s)	Speed 64.6 samples/s	Data 0.002s (0.002s)	Loss 0.01710 (0.01667)
2023-11-24 00:57:24,252 Epoch: [6][130/200]	Time 0.316s (0.259s)	Speed 101.2 samples/s	Data 0.002s (0.002s)	Loss 0.01157 (0.01653)
2023-11-24 00:57:26,653 Epoch: [6][140/200]	Time 0.213s (0.258s)	Speed 150.0 samples/s	Data 0.001s (0.002s)	Loss 0.01415 (0.01644)
2023-11-24 00:57:28,975 Epoch: [6][150/200]	Time 0.223s (0.256s)	Speed 143.7 samples/s	Data 0.002s (0.002s)	Loss 0.01544 (0.01639)
2023-11-24 00:57:32,256 Epoch: [6][160/200]	Time 0.234s (0.261s)	Speed 136.8 samples/s	Data 0.002s (0.002s)	Loss 0.01953 (0.01639)
2023-11-24 00:57:35,288 Epoch: [6][170/200]	Time 0.249s (0.263s)	Speed 128.6 samples/s	Data 0.002s (0.002s)	Loss 0.01685 (0.01630)
2023-11-24 00:57:37,462 Epoch: [6][180/200]	Time 0.210s (0.261s)	Speed 152.2 samples/s	Data 0.002s (0.002s)	Loss 0.01171 (0.01631)
2023-11-24 00:57:39,866 Epoch: [6][190/200]	Time 0.279s (0.260s)	Speed 114.8 samples/s	Data 0.002s (0.002s)	Loss 0.01625 (0.01628)
2023-11-24 00:57:42,021 Test: [0/200]	Time 0.061 (0.061)	Loss 0.0872 (0.0872)
2023-11-24 00:57:42,198 Test: [10/200]	Time 0.017 (0.022)	Loss 0.0132 (0.0650)
2023-11-24 00:57:42,373 Test: [20/200]	Time 0.017 (0.020)	Loss 0.0311 (0.0717)
2023-11-24 00:57:42,554 Test: [30/200]	Time 0.018 (0.019)	Loss 0.0992 (0.0741)
2023-11-24 00:57:42,764 Test: [40/200]	Time 0.019 (0.020)	Loss 0.0555 (0.0788)
2023-11-24 00:57:42,953 Test: [50/200]	Time 0.018 (0.019)	Loss 0.1237 (0.0803)
2023-11-24 00:57:43,148 Test: [60/200]	Time 0.020 (0.019)	Loss 0.0877 (0.0813)
2023-11-24 00:57:43,346 Test: [70/200]	Time 0.017 (0.020)	Loss 0.0594 (0.0810)
2023-11-24 00:57:43,520 Test: [80/200]	Time 0.016 (0.019)	Loss 0.0953 (0.0791)
2023-11-24 00:57:43,700 Test: [90/200]	Time 0.016 (0.019)	Loss 0.1150 (0.0818)
2023-11-24 00:57:43,879 Test: [100/200]	Time 0.016 (0.019)	Loss 0.0996 (0.0810)
2023-11-24 00:57:44,059 Test: [110/200]	Time 0.016 (0.019)	Loss 0.1255 (0.0818)
2023-11-24 00:57:44,236 Test: [120/200]	Time 0.016 (0.019)	Loss 0.0697 (0.0804)
2023-11-24 00:57:44,414 Test: [130/200]	Time 0.017 (0.019)	Loss 0.0801 (0.0813)
2023-11-24 00:57:44,592 Test: [140/200]	Time 0.018 (0.019)	Loss 0.0840 (0.0809)
2023-11-24 00:57:44,768 Test: [150/200]	Time 0.018 (0.019)	Loss 0.0606 (0.0800)
2023-11-24 00:57:44,968 Test: [160/200]	Time 0.020 (0.019)	Loss 0.0843 (0.0799)
2023-11-24 00:57:45,153 Test: [170/200]	Time 0.018 (0.019)	Loss 0.0803 (0.0790)
2023-11-24 00:57:45,328 Test: [180/200]	Time 0.016 (0.019)	Loss 0.0774 (0.0784)
2023-11-24 00:57:45,515 Test: [190/200]	Time 0.018 (0.019)	Loss 0.0433 (0.0784)
2023-11-24 00:57:46,549 Mean IoU score: 0.811
2023-11-24 00:57:46,550 => saving checkpoint to out
2023-11-24 00:57:46,998 Epoch: [7][0/200]	Time 0.393s (0.393s)	Speed 81.3 samples/s	Data 0.054s (0.054s)	Loss 0.01458 (0.01458)
2023-11-24 00:57:49,403 Epoch: [7][10/200]	Time 0.233s (0.254s)	Speed 137.4 samples/s	Data 0.001s (0.007s)	Loss 0.01420 (0.01587)
2023-11-24 00:57:51,951 Epoch: [7][20/200]	Time 0.218s (0.255s)	Speed 146.7 samples/s	Data 0.002s (0.005s)	Loss 0.01830 (0.01613)
2023-11-24 00:57:54,519 Epoch: [7][30/200]	Time 0.277s (0.255s)	Speed 115.3 samples/s	Data 0.002s (0.004s)	Loss 0.01659 (0.01561)
2023-11-24 00:57:57,373 Epoch: [7][40/200]	Time 0.253s (0.263s)	Speed 126.5 samples/s	Data 0.002s (0.003s)	Loss 0.01232 (0.01540)
2023-11-24 00:58:00,569 Epoch: [7][50/200]	Time 0.243s (0.274s)	Speed 131.5 samples/s	Data 0.001s (0.003s)	Loss 0.01387 (0.01507)
2023-11-24 00:58:03,722 Epoch: [7][60/200]	Time 0.256s (0.281s)	Speed 125.2 samples/s	Data 0.002s (0.003s)	Loss 0.01297 (0.01492)
2023-11-24 00:58:06,817 Epoch: [7][70/200]	Time 0.235s (0.285s)	Speed 135.9 samples/s	Data 0.001s (0.003s)	Loss 0.01139 (0.01467)
2023-11-24 00:58:09,308 Epoch: [7][80/200]	Time 0.217s (0.280s)	Speed 147.7 samples/s	Data 0.002s (0.003s)	Loss 0.01148 (0.01458)
2023-11-24 00:58:11,833 Epoch: [7][90/200]	Time 0.242s (0.277s)	Speed 132.5 samples/s	Data 0.001s (0.003s)	Loss 0.01535 (0.01437)
2023-11-24 00:58:14,114 Epoch: [7][100/200]	Time 0.269s (0.272s)	Speed 119.0 samples/s	Data 0.002s (0.002s)	Loss 0.01649 (0.01438)
2023-11-24 00:58:17,444 Epoch: [7][110/200]	Time 0.278s (0.278s)	Speed 115.2 samples/s	Data 0.004s (0.002s)	Loss 0.01012 (0.01427)
2023-11-24 00:58:20,066 Epoch: [7][120/200]	Time 0.235s (0.277s)	Speed 136.5 samples/s	Data 0.002s (0.002s)	Loss 0.01345 (0.01432)
2023-11-24 00:58:22,518 Epoch: [7][130/200]	Time 0.216s (0.274s)	Speed 148.3 samples/s	Data 0.002s (0.002s)	Loss 0.01195 (0.01428)
2023-11-24 00:58:24,955 Epoch: [7][140/200]	Time 0.247s (0.272s)	Speed 129.4 samples/s	Data 0.002s (0.002s)	Loss 0.01742 (0.01418)
2023-11-24 00:58:27,188 Epoch: [7][150/200]	Time 0.222s (0.269s)	Speed 143.9 samples/s	Data 0.001s (0.002s)	Loss 0.01132 (0.01409)
2023-11-24 00:58:29,383 Epoch: [7][160/200]	Time 0.218s (0.266s)	Speed 146.5 samples/s	Data 0.001s (0.002s)	Loss 0.01554 (0.01402)
2023-11-24 00:58:31,659 Epoch: [7][170/200]	Time 0.219s (0.263s)	Speed 145.8 samples/s	Data 0.001s (0.002s)	Loss 0.01475 (0.01399)
2023-11-24 00:58:34,049 Epoch: [7][180/200]	Time 0.218s (0.262s)	Speed 147.0 samples/s	Data 0.002s (0.002s)	Loss 0.01189 (0.01396)
2023-11-24 00:58:36,366 Epoch: [7][190/200]	Time 0.236s (0.261s)	Speed 135.4 samples/s	Data 0.001s (0.002s)	Loss 0.01263 (0.01397)
2023-11-24 00:58:38,440 Test: [0/200]	Time 0.054 (0.054)	Loss 0.0928 (0.0928)
2023-11-24 00:58:38,689 Test: [10/200]	Time 0.024 (0.027)	Loss 0.0101 (0.0586)
2023-11-24 00:58:38,919 Test: [20/200]	Time 0.021 (0.025)	Loss 0.0318 (0.0584)
2023-11-24 00:58:39,112 Test: [30/200]	Time 0.017 (0.023)	Loss 0.0903 (0.0647)
2023-11-24 00:58:39,302 Test: [40/200]	Time 0.019 (0.022)	Loss 0.0440 (0.0674)
2023-11-24 00:58:39,493 Test: [50/200]	Time 0.017 (0.022)	Loss 0.0999 (0.0683)
2023-11-24 00:58:39,690 Test: [60/200]	Time 0.018 (0.021)	Loss 0.0977 (0.0705)
2023-11-24 00:58:39,868 Test: [70/200]	Time 0.017 (0.021)	Loss 0.0557 (0.0701)
2023-11-24 00:58:40,050 Test: [80/200]	Time 0.020 (0.021)	Loss 0.0884 (0.0686)
2023-11-24 00:58:40,238 Test: [90/200]	Time 0.017 (0.020)	Loss 0.0927 (0.0703)
2023-11-24 00:58:40,419 Test: [100/200]	Time 0.017 (0.020)	Loss 0.0998 (0.0697)
2023-11-24 00:58:40,598 Test: [110/200]	Time 0.019 (0.020)	Loss 0.1385 (0.0704)
2023-11-24 00:58:40,820 Test: [120/200]	Time 0.018 (0.020)	Loss 0.0720 (0.0692)
2023-11-24 00:58:40,994 Test: [130/200]	Time 0.016 (0.020)	Loss 0.0480 (0.0689)
2023-11-24 00:58:41,172 Test: [140/200]	Time 0.016 (0.020)	Loss 0.0665 (0.0685)
2023-11-24 00:58:41,356 Test: [150/200]	Time 0.017 (0.020)	Loss 0.0623 (0.0677)
2023-11-24 00:58:41,542 Test: [160/200]	Time 0.017 (0.020)	Loss 0.0776 (0.0680)
2023-11-24 00:58:41,726 Test: [170/200]	Time 0.016 (0.020)	Loss 0.0565 (0.0673)
2023-11-24 00:58:41,911 Test: [180/200]	Time 0.017 (0.019)	Loss 0.0672 (0.0669)
2023-11-24 00:58:42,098 Test: [190/200]	Time 0.018 (0.019)	Loss 0.0280 (0.0672)
2023-11-24 00:58:43,078 Mean IoU score: 0.839
2023-11-24 00:58:43,079 => saving checkpoint to out
2023-11-24 00:58:43,566 Epoch: [8][0/200]	Time 0.397s (0.397s)	Speed 80.5 samples/s	Data 0.068s (0.068s)	Loss 0.01227 (0.01227)
2023-11-24 00:58:46,093 Epoch: [8][10/200]	Time 0.227s (0.266s)	Speed 140.9 samples/s	Data 0.002s (0.008s)	Loss 0.01061 (0.01207)
2023-11-24 00:58:48,896 Epoch: [8][20/200]	Time 0.277s (0.273s)	Speed 115.6 samples/s	Data 0.001s (0.005s)	Loss 0.01182 (0.01240)
2023-11-24 00:58:51,275 Epoch: [8][30/200]	Time 0.240s (0.262s)	Speed 133.4 samples/s	Data 0.002s (0.004s)	Loss 0.01181 (0.01239)
2023-11-24 00:58:53,532 Epoch: [8][40/200]	Time 0.227s (0.253s)	Speed 140.9 samples/s	Data 0.002s (0.003s)	Loss 0.00955 (0.01225)
2023-11-24 00:58:55,802 Epoch: [8][50/200]	Time 0.225s (0.248s)	Speed 142.2 samples/s	Data 0.002s (0.003s)	Loss 0.01233 (0.01236)
2023-11-24 00:58:58,282 Epoch: [8][60/200]	Time 0.267s (0.248s)	Speed 119.8 samples/s	Data 0.001s (0.003s)	Loss 0.01369 (0.01227)
2023-11-24 00:59:00,744 Epoch: [8][70/200]	Time 0.222s (0.248s)	Speed 144.2 samples/s	Data 0.002s (0.003s)	Loss 0.01221 (0.01217)
2023-11-24 00:59:03,463 Epoch: [8][80/200]	Time 0.351s (0.251s)	Speed 91.2 samples/s	Data 0.003s (0.003s)	Loss 0.00870 (0.01207)
2023-11-24 00:59:06,067 Epoch: [8][90/200]	Time 0.396s (0.252s)	Speed 80.7 samples/s	Data 0.002s (0.003s)	Loss 0.00969 (0.01194)
2023-11-24 00:59:08,959 Epoch: [8][100/200]	Time 0.304s (0.255s)	Speed 105.1 samples/s	Data 0.002s (0.002s)	Loss 0.01193 (0.01198)
2023-11-24 00:59:11,394 Epoch: [8][110/200]	Time 0.239s (0.254s)	Speed 134.0 samples/s	Data 0.002s (0.002s)	Loss 0.01388 (0.01199)
2023-11-24 00:59:13,653 Epoch: [8][120/200]	Time 0.224s (0.252s)	Speed 142.7 samples/s	Data 0.002s (0.002s)	Loss 0.01277 (0.01208)
2023-11-24 00:59:15,946 Epoch: [8][130/200]	Time 0.216s (0.250s)	Speed 148.0 samples/s	Data 0.002s (0.002s)	Loss 0.00888 (0.01206)
2023-11-24 00:59:18,215 Epoch: [8][140/200]	Time 0.220s (0.249s)	Speed 145.5 samples/s	Data 0.002s (0.002s)	Loss 0.01450 (0.01211)
2023-11-24 00:59:21,178 Epoch: [8][150/200]	Time 0.234s (0.252s)	Speed 136.5 samples/s	Data 0.002s (0.002s)	Loss 0.01075 (0.01205)
2023-11-24 00:59:23,827 Epoch: [8][160/200]	Time 0.291s (0.253s)	Speed 110.1 samples/s	Data 0.003s (0.002s)	Loss 0.01213 (0.01207)
2023-11-24 00:59:26,158 Epoch: [8][170/200]	Time 0.231s (0.251s)	Speed 138.7 samples/s	Data 0.001s (0.002s)	Loss 0.01142 (0.01209)
2023-11-24 00:59:28,415 Epoch: [8][180/200]	Time 0.224s (0.250s)	Speed 143.0 samples/s	Data 0.005s (0.002s)	Loss 0.01367 (0.01209)
2023-11-24 00:59:30,794 Epoch: [8][190/200]	Time 0.234s (0.249s)	Speed 136.6 samples/s	Data 0.002s (0.002s)	Loss 0.01228 (0.01204)
2023-11-24 00:59:32,879 Test: [0/200]	Time 0.053 (0.053)	Loss 0.0822 (0.0822)
2023-11-24 00:59:33,066 Test: [10/200]	Time 0.016 (0.022)	Loss 0.0106 (0.0516)
2023-11-24 00:59:33,241 Test: [20/200]	Time 0.016 (0.020)	Loss 0.0270 (0.0530)
2023-11-24 00:59:33,424 Test: [30/200]	Time 0.017 (0.019)	Loss 0.0855 (0.0566)
2023-11-24 00:59:33,610 Test: [40/200]	Time 0.017 (0.019)	Loss 0.0451 (0.0597)
2023-11-24 00:59:33,798 Test: [50/200]	Time 0.017 (0.019)	Loss 0.0911 (0.0605)
2023-11-24 00:59:33,983 Test: [60/200]	Time 0.017 (0.019)	Loss 0.0627 (0.0617)
2023-11-24 00:59:34,170 Test: [70/200]	Time 0.018 (0.019)	Loss 0.0518 (0.0617)
2023-11-24 00:59:34,377 Test: [80/200]	Time 0.020 (0.019)	Loss 0.0580 (0.0602)
2023-11-24 00:59:34,565 Test: [90/200]	Time 0.017 (0.019)	Loss 0.0759 (0.0615)
2023-11-24 00:59:34,756 Test: [100/200]	Time 0.017 (0.019)	Loss 0.0764 (0.0607)
2023-11-24 00:59:34,946 Test: [110/200]	Time 0.018 (0.019)	Loss 0.1487 (0.0618)
2023-11-24 00:59:35,129 Test: [120/200]	Time 0.019 (0.019)	Loss 0.0611 (0.0608)
2023-11-24 00:59:35,315 Test: [130/200]	Time 0.019 (0.019)	Loss 0.0596 (0.0610)
2023-11-24 00:59:35,504 Test: [140/200]	Time 0.020 (0.019)	Loss 0.0697 (0.0606)
2023-11-24 00:59:35,691 Test: [150/200]	Time 0.017 (0.019)	Loss 0.0549 (0.0599)
2023-11-24 00:59:35,877 Test: [160/200]	Time 0.017 (0.019)	Loss 0.0722 (0.0602)
2023-11-24 00:59:36,060 Test: [170/200]	Time 0.017 (0.019)	Loss 0.0471 (0.0598)
2023-11-24 00:59:36,246 Test: [180/200]	Time 0.018 (0.019)	Loss 0.0545 (0.0593)
2023-11-24 00:59:36,428 Test: [190/200]	Time 0.016 (0.019)	Loss 0.0268 (0.0593)
2023-11-24 00:59:37,384 Mean IoU score: 0.857
2023-11-24 00:59:37,384 => saving checkpoint to out
2023-11-24 00:59:37,840 Epoch: [9][0/200]	Time 0.360s (0.360s)	Speed 88.9 samples/s	Data 0.065s (0.065s)	Loss 0.01179 (0.01179)
2023-11-24 00:59:40,265 Epoch: [9][10/200]	Time 0.238s (0.253s)	Speed 134.5 samples/s	Data 0.001s (0.007s)	Loss 0.01071 (0.01111)
2023-11-24 00:59:42,675 Epoch: [9][20/200]	Time 0.270s (0.247s)	Speed 118.5 samples/s	Data 0.001s (0.005s)	Loss 0.01631 (0.01143)
2023-11-24 00:59:45,257 Epoch: [9][30/200]	Time 0.235s (0.251s)	Speed 135.9 samples/s	Data 0.001s (0.004s)	Loss 0.01032 (0.01156)
2023-11-24 00:59:47,671 Epoch: [9][40/200]	Time 0.273s (0.249s)	Speed 117.4 samples/s	Data 0.002s (0.003s)	Loss 0.01114 (0.01161)
2023-11-24 00:59:50,090 Epoch: [9][50/200]	Time 0.239s (0.247s)	Speed 133.6 samples/s	Data 0.001s (0.003s)	Loss 0.00794 (0.01145)
2023-11-24 00:59:53,122 Epoch: [9][60/200]	Time 0.232s (0.256s)	Speed 138.1 samples/s	Data 0.002s (0.003s)	Loss 0.01159 (0.01125)
2023-11-24 00:59:55,457 Epoch: [9][70/200]	Time 0.241s (0.253s)	Speed 132.8 samples/s	Data 0.002s (0.003s)	Loss 0.01068 (0.01125)
2023-11-24 00:59:58,085 Epoch: [9][80/200]	Time 0.330s (0.254s)	Speed 97.0 samples/s	Data 0.002s (0.003s)	Loss 0.00831 (0.01124)
2023-11-24 01:00:00,453 Epoch: [9][90/200]	Time 0.215s (0.252s)	Speed 148.5 samples/s	Data 0.002s (0.003s)	Loss 0.01246 (0.01121)
2023-11-24 01:00:02,848 Epoch: [9][100/200]	Time 0.237s (0.251s)	Speed 134.9 samples/s	Data 0.002s (0.002s)	Loss 0.01583 (0.01127)
2023-11-24 01:00:05,272 Epoch: [9][110/200]	Time 0.231s (0.250s)	Speed 138.4 samples/s	Data 0.002s (0.002s)	Loss 0.01230 (0.01124)
2023-11-24 01:00:07,705 Epoch: [9][120/200]	Time 0.244s (0.250s)	Speed 131.0 samples/s	Data 0.002s (0.002s)	Loss 0.01041 (0.01118)
2023-11-24 01:00:10,558 Epoch: [9][130/200]	Time 0.260s (0.252s)	Speed 123.2 samples/s	Data 0.001s (0.002s)	Loss 0.00790 (0.01121)
2023-11-24 01:00:13,100 Epoch: [9][140/200]	Time 0.288s (0.253s)	Speed 111.0 samples/s	Data 0.001s (0.002s)	Loss 0.01181 (0.01120)
2023-11-24 01:00:15,606 Epoch: [9][150/200]	Time 0.221s (0.252s)	Speed 144.8 samples/s	Data 0.002s (0.002s)	Loss 0.00910 (0.01116)
2023-11-24 01:00:18,000 Epoch: [9][160/200]	Time 0.261s (0.252s)	Speed 122.6 samples/s	Data 0.002s (0.002s)	Loss 0.01173 (0.01115)
2023-11-24 01:00:20,401 Epoch: [9][170/200]	Time 0.247s (0.251s)	Speed 129.6 samples/s	Data 0.002s (0.002s)	Loss 0.01065 (0.01109)
2023-11-24 01:00:22,885 Epoch: [9][180/200]	Time 0.225s (0.251s)	Speed 142.1 samples/s	Data 0.002s (0.002s)	Loss 0.01041 (0.01109)
2023-11-24 01:00:25,254 Epoch: [9][190/200]	Time 0.232s (0.250s)	Speed 137.9 samples/s	Data 0.004s (0.002s)	Loss 0.00797 (0.01105)
2023-11-24 01:00:27,427 Test: [0/200]	Time 0.064 (0.064)	Loss 0.0845 (0.0845)
2023-11-24 01:00:27,651 Test: [10/200]	Time 0.018 (0.026)	Loss 0.0103 (0.0523)
2023-11-24 01:00:27,834 Test: [20/200]	Time 0.017 (0.022)	Loss 0.0275 (0.0541)
2023-11-24 01:00:28,161 Test: [30/200]	Time 0.019 (0.026)	Loss 0.0802 (0.0577)
2023-11-24 01:00:28,420 Test: [40/200]	Time 0.018 (0.026)	Loss 0.0494 (0.0612)
2023-11-24 01:00:28,610 Test: [50/200]	Time 0.017 (0.024)	Loss 0.1036 (0.0619)
2023-11-24 01:00:28,821 Test: [60/200]	Time 0.020 (0.024)	Loss 0.0643 (0.0632)
2023-11-24 01:00:29,041 Test: [70/200]	Time 0.017 (0.024)	Loss 0.0468 (0.0636)
2023-11-24 01:00:29,367 Test: [80/200]	Time 0.020 (0.025)	Loss 0.0721 (0.0623)
2023-11-24 01:00:29,616 Test: [90/200]	Time 0.019 (0.025)	Loss 0.0694 (0.0638)
2023-11-24 01:00:29,803 Test: [100/200]	Time 0.018 (0.024)	Loss 0.0793 (0.0632)
2023-11-24 01:00:29,987 Test: [110/200]	Time 0.017 (0.024)	Loss 0.1248 (0.0642)
2023-11-24 01:00:30,209 Test: [120/200]	Time 0.021 (0.024)	Loss 0.0614 (0.0631)
2023-11-24 01:00:30,413 Test: [130/200]	Time 0.017 (0.023)	Loss 0.0511 (0.0636)
2023-11-24 01:00:30,603 Test: [140/200]	Time 0.019 (0.023)	Loss 0.0764 (0.0633)
2023-11-24 01:00:30,810 Test: [150/200]	Time 0.018 (0.023)	Loss 0.0500 (0.0629)
2023-11-24 01:00:30,992 Test: [160/200]	Time 0.017 (0.023)	Loss 0.0758 (0.0632)
2023-11-24 01:00:31,172 Test: [170/200]	Time 0.017 (0.022)	Loss 0.0609 (0.0628)
2023-11-24 01:00:31,359 Test: [180/200]	Time 0.018 (0.022)	Loss 0.0495 (0.0624)
2023-11-24 01:00:31,538 Test: [190/200]	Time 0.017 (0.022)	Loss 0.0261 (0.0622)
2023-11-24 01:00:32,501 Mean IoU score: 0.850
2023-11-24 01:00:32,502 => saving checkpoint to out
2023-11-24 01:00:32,936 Epoch: [10][0/200]	Time 0.379s (0.379s)	Speed 84.4 samples/s	Data 0.066s (0.066s)	Loss 0.00841 (0.00841)
2023-11-24 01:00:35,292 Epoch: [10][10/200]	Time 0.227s (0.249s)	Speed 140.9 samples/s	Data 0.002s (0.008s)	Loss 0.00881 (0.00994)
2023-11-24 01:00:37,585 Epoch: [10][20/200]	Time 0.227s (0.239s)	Speed 141.2 samples/s	Data 0.002s (0.005s)	Loss 0.00983 (0.00956)
2023-11-24 01:00:40,238 Epoch: [10][30/200]	Time 0.234s (0.248s)	Speed 136.5 samples/s	Data 0.001s (0.004s)	Loss 0.01029 (0.00986)
2023-11-24 01:00:42,642 Epoch: [10][40/200]	Time 0.226s (0.246s)	Speed 141.8 samples/s	Data 0.002s (0.003s)	Loss 0.00818 (0.01009)
2023-11-24 01:00:45,111 Epoch: [10][50/200]	Time 0.217s (0.246s)	Speed 147.3 samples/s	Data 0.002s (0.003s)	Loss 0.01343 (0.01011)
2023-11-24 01:00:47,566 Epoch: [10][60/200]	Time 0.230s (0.246s)	Speed 139.0 samples/s	Data 0.002s (0.003s)	Loss 0.01322 (0.01016)
2023-11-24 01:00:49,989 Epoch: [10][70/200]	Time 0.241s (0.246s)	Speed 132.7 samples/s	Data 0.002s (0.003s)	Loss 0.00887 (0.01016)
2023-11-24 01:00:52,306 Epoch: [10][80/200]	Time 0.236s (0.244s)	Speed 135.6 samples/s	Data 0.002s (0.003s)	Loss 0.01151 (0.01016)
2023-11-24 01:00:54,656 Epoch: [10][90/200]	Time 0.228s (0.243s)	Speed 140.2 samples/s	Data 0.001s (0.003s)	Loss 0.00783 (0.01013)
2023-11-24 01:00:57,068 Epoch: [10][100/200]	Time 0.223s (0.243s)	Speed 143.6 samples/s	Data 0.002s (0.002s)	Loss 0.00931 (0.01016)
2023-11-24 01:00:59,495 Epoch: [10][110/200]	Time 0.267s (0.243s)	Speed 120.0 samples/s	Data 0.002s (0.002s)	Loss 0.00902 (0.01016)
2023-11-24 01:01:01,842 Epoch: [10][120/200]	Time 0.232s (0.242s)	Speed 138.2 samples/s	Data 0.002s (0.002s)	Loss 0.01124 (0.01024)
2023-11-24 01:01:04,278 Epoch: [10][130/200]	Time 0.237s (0.242s)	Speed 135.2 samples/s	Data 0.002s (0.002s)	Loss 0.01059 (0.01026)
2023-11-24 01:01:07,001 Epoch: [10][140/200]	Time 0.239s (0.244s)	Speed 134.0 samples/s	Data 0.002s (0.002s)	Loss 0.01047 (0.01029)
2023-11-24 01:01:09,500 Epoch: [10][150/200]	Time 0.237s (0.245s)	Speed 134.8 samples/s	Data 0.002s (0.002s)	Loss 0.01005 (0.01028)
2023-11-24 01:01:12,021 Epoch: [10][160/200]	Time 0.254s (0.245s)	Speed 126.1 samples/s	Data 0.001s (0.002s)	Loss 0.00913 (0.01029)
2023-11-24 01:01:14,533 Epoch: [10][170/200]	Time 0.245s (0.245s)	Speed 130.5 samples/s	Data 0.003s (0.002s)	Loss 0.01164 (0.01032)
2023-11-24 01:01:16,887 Epoch: [10][180/200]	Time 0.228s (0.245s)	Speed 140.5 samples/s	Data 0.002s (0.002s)	Loss 0.00977 (0.01029)
2023-11-24 01:01:19,284 Epoch: [10][190/200]	Time 0.256s (0.245s)	Speed 124.8 samples/s	Data 0.002s (0.002s)	Loss 0.01069 (0.01028)
2023-11-24 01:01:21,426 Test: [0/200]	Time 0.045 (0.045)	Loss 0.0773 (0.0773)
2023-11-24 01:01:21,611 Test: [10/200]	Time 0.017 (0.021)	Loss 0.0120 (0.0552)
2023-11-24 01:01:21,790 Test: [20/200]	Time 0.017 (0.019)	Loss 0.0266 (0.0554)
2023-11-24 01:01:21,981 Test: [30/200]	Time 0.018 (0.019)	Loss 0.0764 (0.0589)
2023-11-24 01:01:22,199 Test: [40/200]	Time 0.019 (0.020)	Loss 0.0512 (0.0623)
2023-11-24 01:01:22,395 Test: [50/200]	Time 0.017 (0.020)	Loss 0.0807 (0.0626)
2023-11-24 01:01:22,708 Test: [60/200]	Time 0.118 (0.022)	Loss 0.0874 (0.0656)
2023-11-24 01:01:22,894 Test: [70/200]	Time 0.017 (0.021)	Loss 0.0445 (0.0651)
2023-11-24 01:01:23,077 Test: [80/200]	Time 0.017 (0.021)	Loss 0.0580 (0.0634)
2023-11-24 01:01:23,314 Test: [90/200]	Time 0.019 (0.021)	Loss 0.0914 (0.0653)
2023-11-24 01:01:23,498 Test: [100/200]	Time 0.017 (0.021)	Loss 0.0898 (0.0644)
2023-11-24 01:01:23,686 Test: [110/200]	Time 0.017 (0.021)	Loss 0.1441 (0.0658)
2023-11-24 01:01:23,891 Test: [120/200]	Time 0.021 (0.021)	Loss 0.0734 (0.0645)
2023-11-24 01:01:24,075 Test: [130/200]	Time 0.018 (0.021)	Loss 0.0513 (0.0645)
2023-11-24 01:01:24,260 Test: [140/200]	Time 0.018 (0.020)	Loss 0.0608 (0.0642)
2023-11-24 01:01:24,484 Test: [150/200]	Time 0.025 (0.021)	Loss 0.0640 (0.0635)
2023-11-24 01:01:24,714 Test: [160/200]	Time 0.020 (0.021)	Loss 0.0760 (0.0641)
2023-11-24 01:01:24,930 Test: [170/200]	Time 0.017 (0.021)	Loss 0.0713 (0.0636)
2023-11-24 01:01:25,141 Test: [180/200]	Time 0.018 (0.021)	Loss 0.0680 (0.0634)
2023-11-24 01:01:25,331 Test: [190/200]	Time 0.017 (0.021)	Loss 0.0253 (0.0633)
2023-11-24 01:01:26,346 Mean IoU score: 0.849
2023-11-24 01:01:26,347 => saving checkpoint to out
2023-11-24 01:01:26,786 Epoch: [11][0/200]	Time 0.395s (0.395s)	Speed 81.1 samples/s	Data 0.065s (0.065s)	Loss 0.00851 (0.00851)
2023-11-24 01:01:29,187 Epoch: [11][10/200]	Time 0.229s (0.254s)	Speed 139.7 samples/s	Data 0.001s (0.008s)	Loss 0.01020 (0.00892)
2023-11-24 01:01:31,676 Epoch: [11][20/200]	Time 0.234s (0.252s)	Speed 136.9 samples/s	Data 0.004s (0.005s)	Loss 0.01158 (0.00899)
2023-11-24 01:01:34,084 Epoch: [11][30/200]	Time 0.300s (0.248s)	Speed 106.6 samples/s	Data 0.002s (0.004s)	Loss 0.00850 (0.00913)
2023-11-24 01:01:36,488 Epoch: [11][40/200]	Time 0.224s (0.246s)	Speed 143.1 samples/s	Data 0.002s (0.003s)	Loss 0.01260 (0.00933)
2023-11-24 01:01:39,382 Epoch: [11][50/200]	Time 0.241s (0.255s)	Speed 133.0 samples/s	Data 0.002s (0.003s)	Loss 0.00900 (0.00947)
2023-11-24 01:01:41,686 Epoch: [11][60/200]	Time 0.260s (0.251s)	Speed 122.8 samples/s	Data 0.002s (0.003s)	Loss 0.01019 (0.00952)
2023-11-24 01:01:44,037 Epoch: [11][70/200]	Time 0.252s (0.249s)	Speed 127.2 samples/s	Data 0.002s (0.003s)	Loss 0.01023 (0.00949)
2023-11-24 01:01:46,491 Epoch: [11][80/200]	Time 0.218s (0.248s)	Speed 147.1 samples/s	Data 0.002s (0.003s)	Loss 0.00903 (0.00948)
2023-11-24 01:01:48,768 Epoch: [11][90/200]	Time 0.223s (0.246s)	Speed 143.8 samples/s	Data 0.001s (0.003s)	Loss 0.00936 (0.00947)
2023-11-24 01:01:51,311 Epoch: [11][100/200]	Time 0.319s (0.247s)	Speed 100.2 samples/s	Data 0.002s (0.002s)	Loss 0.00952 (0.00949)
2023-11-24 01:01:53,676 Epoch: [11][110/200]	Time 0.241s (0.246s)	Speed 132.7 samples/s	Data 0.002s (0.002s)	Loss 0.01126 (0.00947)
2023-11-24 01:01:55,972 Epoch: [11][120/200]	Time 0.245s (0.244s)	Speed 130.5 samples/s	Data 0.001s (0.002s)	Loss 0.00874 (0.00947)
2023-11-24 01:01:58,309 Epoch: [11][130/200]	Time 0.275s (0.244s)	Speed 116.2 samples/s	Data 0.002s (0.002s)	Loss 0.00900 (0.00949)
2023-11-24 01:02:01,258 Epoch: [11][140/200]	Time 0.297s (0.247s)	Speed 107.8 samples/s	Data 0.002s (0.002s)	Loss 0.01259 (0.00958)
2023-11-24 01:02:03,496 Epoch: [11][150/200]	Time 0.240s (0.246s)	Speed 133.2 samples/s	Data 0.002s (0.002s)	Loss 0.01212 (0.00958)
2023-11-24 01:02:06,138 Epoch: [11][160/200]	Time 0.323s (0.247s)	Speed 99.2 samples/s	Data 0.002s (0.002s)	Loss 0.01086 (0.00961)
2023-11-24 01:02:08,645 Epoch: [11][170/200]	Time 0.292s (0.247s)	Speed 109.5 samples/s	Data 0.002s (0.002s)	Loss 0.01107 (0.00967)
2023-11-24 01:02:11,058 Epoch: [11][180/200]	Time 0.236s (0.247s)	Speed 135.4 samples/s	Data 0.002s (0.002s)	Loss 0.00902 (0.00967)
2023-11-24 01:02:13,536 Epoch: [11][190/200]	Time 0.240s (0.247s)	Speed 133.2 samples/s	Data 0.003s (0.002s)	Loss 0.00935 (0.00966)
2023-11-24 01:02:15,681 Test: [0/200]	Time 0.042 (0.042)	Loss 0.0858 (0.0858)
2023-11-24 01:02:15,871 Test: [10/200]	Time 0.017 (0.021)	Loss 0.0154 (0.0519)
2023-11-24 01:02:16,047 Test: [20/200]	Time 0.016 (0.019)	Loss 0.0260 (0.0527)
2023-11-24 01:02:16,238 Test: [30/200]	Time 0.019 (0.019)	Loss 0.0723 (0.0569)
2023-11-24 01:02:16,430 Test: [40/200]	Time 0.018 (0.019)	Loss 0.0387 (0.0604)
2023-11-24 01:02:16,620 Test: [50/200]	Time 0.017 (0.019)	Loss 0.0935 (0.0612)
2023-11-24 01:02:16,819 Test: [60/200]	Time 0.020 (0.019)	Loss 0.0765 (0.0633)
2023-11-24 01:02:17,082 Test: [70/200]	Time 0.021 (0.020)	Loss 0.0502 (0.0634)
2023-11-24 01:02:17,335 Test: [80/200]	Time 0.018 (0.021)	Loss 0.0752 (0.0616)
2023-11-24 01:02:17,567 Test: [90/200]	Time 0.018 (0.021)	Loss 0.0724 (0.0632)
2023-11-24 01:02:17,765 Test: [100/200]	Time 0.018 (0.021)	Loss 0.0823 (0.0624)
2023-11-24 01:02:17,955 Test: [110/200]	Time 0.018 (0.021)	Loss 0.1229 (0.0627)
2023-11-24 01:02:18,153 Test: [120/200]	Time 0.018 (0.021)	Loss 0.0583 (0.0618)
2023-11-24 01:02:18,349 Test: [130/200]	Time 0.019 (0.021)	Loss 0.0460 (0.0620)
2023-11-24 01:02:18,541 Test: [140/200]	Time 0.018 (0.021)	Loss 0.0575 (0.0617)
2023-11-24 01:02:18,740 Test: [150/200]	Time 0.018 (0.021)	Loss 0.0675 (0.0610)
2023-11-24 01:02:18,947 Test: [160/200]	Time 0.034 (0.021)	Loss 0.0694 (0.0612)
2023-11-24 01:02:19,185 Test: [170/200]	Time 0.024 (0.021)	Loss 0.0493 (0.0609)
2023-11-24 01:02:19,410 Test: [180/200]	Time 0.022 (0.021)	Loss 0.0778 (0.0606)
2023-11-24 01:02:19,603 Test: [190/200]	Time 0.021 (0.021)	Loss 0.0230 (0.0606)
2023-11-24 01:02:20,581 Mean IoU score: 0.856
2023-11-24 01:02:20,582 => saving checkpoint to out
2023-11-24 01:02:21,019 Epoch: [12][0/200]	Time 0.384s (0.384s)	Speed 83.4 samples/s	Data 0.068s (0.068s)	Loss 0.01168 (0.01168)
2023-11-24 01:02:23,752 Epoch: [12][10/200]	Time 0.330s (0.283s)	Speed 96.9 samples/s	Data 0.002s (0.008s)	Loss 0.01119 (0.01042)
2023-11-24 01:02:26,122 Epoch: [12][20/200]	Time 0.244s (0.261s)	Speed 131.2 samples/s	Data 0.002s (0.005s)	Loss 0.01142 (0.00959)
2023-11-24 01:02:28,695 Epoch: [12][30/200]	Time 0.222s (0.260s)	Speed 144.4 samples/s	Data 0.002s (0.004s)	Loss 0.00970 (0.00945)
2023-11-24 01:02:31,055 Epoch: [12][40/200]	Time 0.233s (0.254s)	Speed 137.3 samples/s	Data 0.002s (0.003s)	Loss 0.00985 (0.00941)
2023-11-24 01:02:33,337 Epoch: [12][50/200]	Time 0.242s (0.249s)	Speed 132.3 samples/s	Data 0.002s (0.003s)	Loss 0.00896 (0.00928)
2023-11-24 01:02:35,955 Epoch: [12][60/200]	Time 0.220s (0.251s)	Speed 145.4 samples/s	Data 0.002s (0.003s)	Loss 0.00715 (0.00922)
2023-11-24 01:02:38,380 Epoch: [12][70/200]	Time 0.223s (0.250s)	Speed 143.7 samples/s	Data 0.002s (0.003s)	Loss 0.01009 (0.00915)
2023-11-24 01:02:40,859 Epoch: [12][80/200]	Time 0.229s (0.250s)	Speed 139.6 samples/s	Data 0.002s (0.003s)	Loss 0.00946 (0.00919)
2023-11-24 01:02:43,360 Epoch: [12][90/200]	Time 0.300s (0.250s)	Speed 106.7 samples/s	Data 0.002s (0.003s)	Loss 0.00755 (0.00921)
2023-11-24 01:02:46,882 Epoch: [12][100/200]	Time 0.228s (0.260s)	Speed 140.1 samples/s	Data 0.002s (0.002s)	Loss 0.00886 (0.00916)
2023-11-24 01:02:49,127 Epoch: [12][110/200]	Time 0.217s (0.257s)	Speed 147.2 samples/s	Data 0.002s (0.002s)	Loss 0.00762 (0.00919)
2023-11-24 01:02:51,433 Epoch: [12][120/200]	Time 0.256s (0.255s)	Speed 125.1 samples/s	Data 0.002s (0.002s)	Loss 0.00831 (0.00916)
2023-11-24 01:02:53,984 Epoch: [12][130/200]	Time 0.219s (0.255s)	Speed 145.8 samples/s	Data 0.001s (0.002s)	Loss 0.00921 (0.00919)
2023-11-24 01:02:56,639 Epoch: [12][140/200]	Time 0.263s (0.255s)	Speed 121.8 samples/s	Data 0.003s (0.002s)	Loss 0.00965 (0.00922)
2023-11-24 01:02:59,344 Epoch: [12][150/200]	Time 0.224s (0.256s)	Speed 143.0 samples/s	Data 0.002s (0.002s)	Loss 0.00928 (0.00923)
2023-11-24 01:03:01,655 Epoch: [12][160/200]	Time 0.226s (0.255s)	Speed 141.6 samples/s	Data 0.002s (0.002s)	Loss 0.01128 (0.00922)
2023-11-24 01:03:03,996 Epoch: [12][170/200]	Time 0.232s (0.254s)	Speed 137.7 samples/s	Data 0.002s (0.002s)	Loss 0.00793 (0.00924)
2023-11-24 01:03:06,414 Epoch: [12][180/200]	Time 0.225s (0.253s)	Speed 142.0 samples/s	Data 0.002s (0.002s)	Loss 0.00750 (0.00923)
2023-11-24 01:03:08,867 Epoch: [12][190/200]	Time 0.224s (0.253s)	Speed 142.8 samples/s	Data 0.002s (0.002s)	Loss 0.00760 (0.00921)
2023-11-24 01:03:11,024 Test: [0/200]	Time 0.060 (0.060)	Loss 0.0605 (0.0605)
2023-11-24 01:03:11,214 Test: [10/200]	Time 0.017 (0.023)	Loss 0.0089 (0.0519)
2023-11-24 01:03:11,396 Test: [20/200]	Time 0.017 (0.021)	Loss 0.0291 (0.0522)
2023-11-24 01:03:11,583 Test: [30/200]	Time 0.017 (0.020)	Loss 0.0711 (0.0549)
2023-11-24 01:03:11,774 Test: [40/200]	Time 0.018 (0.020)	Loss 0.0376 (0.0580)
2023-11-24 01:03:11,962 Test: [50/200]	Time 0.017 (0.020)	Loss 0.0969 (0.0590)
2023-11-24 01:03:12,149 Test: [60/200]	Time 0.020 (0.019)	Loss 0.0814 (0.0619)
2023-11-24 01:03:12,334 Test: [70/200]	Time 0.017 (0.019)	Loss 0.0518 (0.0621)
2023-11-24 01:03:12,518 Test: [80/200]	Time 0.018 (0.019)	Loss 0.0614 (0.0603)
2023-11-24 01:03:12,706 Test: [90/200]	Time 0.018 (0.019)	Loss 0.0854 (0.0623)
2023-11-24 01:03:12,890 Test: [100/200]	Time 0.017 (0.019)	Loss 0.0998 (0.0618)
2023-11-24 01:03:13,073 Test: [110/200]	Time 0.017 (0.019)	Loss 0.1475 (0.0632)
2023-11-24 01:03:13,260 Test: [120/200]	Time 0.017 (0.019)	Loss 0.0613 (0.0619)
2023-11-24 01:03:13,447 Test: [130/200]	Time 0.017 (0.019)	Loss 0.0465 (0.0622)
2023-11-24 01:03:13,634 Test: [140/200]	Time 0.017 (0.019)	Loss 0.0702 (0.0619)
2023-11-24 01:03:13,816 Test: [150/200]	Time 0.019 (0.019)	Loss 0.0569 (0.0612)
2023-11-24 01:03:14,033 Test: [160/200]	Time 0.017 (0.019)	Loss 0.0822 (0.0614)
2023-11-24 01:03:14,219 Test: [170/200]	Time 0.017 (0.019)	Loss 0.0593 (0.0612)
2023-11-24 01:03:14,403 Test: [180/200]	Time 0.018 (0.019)	Loss 0.0653 (0.0608)
2023-11-24 01:03:14,628 Test: [190/200]	Time 0.050 (0.019)	Loss 0.0248 (0.0608)
2023-11-24 01:03:15,607 Mean IoU score: 0.858
2023-11-24 01:03:15,608 => saving checkpoint to out
2023-11-24 01:03:16,057 Epoch: [13][0/200]	Time 0.375s (0.375s)	Speed 85.2 samples/s	Data 0.072s (0.072s)	Loss 0.00635 (0.00635)
2023-11-24 01:03:18,559 Epoch: [13][10/200]	Time 0.224s (0.262s)	Speed 142.8 samples/s	Data 0.001s (0.008s)	Loss 0.00734 (0.00900)
2023-11-24 01:03:20,851 Epoch: [13][20/200]	Time 0.231s (0.246s)	Speed 138.8 samples/s	Data 0.001s (0.005s)	Loss 0.00673 (0.00852)
2023-11-24 01:03:23,266 Epoch: [13][30/200]	Time 0.237s (0.245s)	Speed 134.8 samples/s	Data 0.002s (0.004s)	Loss 0.00799 (0.00871)
2023-11-24 01:03:25,813 Epoch: [13][40/200]	Time 0.251s (0.247s)	Speed 127.3 samples/s	Data 0.002s (0.004s)	Loss 0.01002 (0.00872)
2023-11-24 01:03:28,322 Epoch: [13][50/200]	Time 0.222s (0.248s)	Speed 143.9 samples/s	Data 0.002s (0.003s)	Loss 0.00962 (0.00866)
2023-11-24 01:03:30,969 Epoch: [13][60/200]	Time 0.245s (0.251s)	Speed 130.7 samples/s	Data 0.002s (0.003s)	Loss 0.01042 (0.00873)
2023-11-24 01:03:33,967 Epoch: [13][70/200]	Time 0.274s (0.258s)	Speed 116.9 samples/s	Data 0.002s (0.003s)	Loss 0.00984 (0.00872)
2023-11-24 01:03:36,339 Epoch: [13][80/200]	Time 0.224s (0.255s)	Speed 142.6 samples/s	Data 0.001s (0.003s)	Loss 0.01055 (0.00883)
2023-11-24 01:03:38,647 Epoch: [13][90/200]	Time 0.264s (0.252s)	Speed 121.3 samples/s	Data 0.002s (0.003s)	Loss 0.01092 (0.00889)
2023-11-24 01:03:41,110 Epoch: [13][100/200]	Time 0.272s (0.252s)	Speed 117.8 samples/s	Data 0.002s (0.002s)	Loss 0.00658 (0.00893)
2023-11-24 01:03:43,543 Epoch: [13][110/200]	Time 0.222s (0.251s)	Speed 144.1 samples/s	Data 0.002s (0.002s)	Loss 0.00996 (0.00902)
2023-11-24 01:03:46,056 Epoch: [13][120/200]	Time 0.240s (0.251s)	Speed 133.5 samples/s	Data 0.002s (0.002s)	Loss 0.00987 (0.00904)
2023-11-24 01:03:48,739 Epoch: [13][130/200]	Time 0.387s (0.252s)	Speed 82.6 samples/s	Data 0.003s (0.002s)	Loss 0.01095 (0.00909)
2023-11-24 01:03:51,413 Epoch: [13][140/200]	Time 0.237s (0.253s)	Speed 135.1 samples/s	Data 0.002s (0.002s)	Loss 0.01110 (0.00915)
2023-11-24 01:03:53,788 Epoch: [13][150/200]	Time 0.229s (0.252s)	Speed 139.6 samples/s	Data 0.002s (0.002s)	Loss 0.00842 (0.00917)
2023-11-24 01:03:56,233 Epoch: [13][160/200]	Time 0.223s (0.252s)	Speed 143.2 samples/s	Data 0.002s (0.002s)	Loss 0.01377 (0.00930)
2023-11-24 01:03:58,659 Epoch: [13][170/200]	Time 0.230s (0.251s)	Speed 139.0 samples/s	Data 0.001s (0.002s)	Loss 0.02136 (0.00999)
2023-11-24 01:04:01,019 Epoch: [13][180/200]	Time 0.216s (0.250s)	Speed 148.0 samples/s	Data 0.002s (0.002s)	Loss 0.02555 (0.01060)
2023-11-24 01:04:03,273 Epoch: [13][190/200]	Time 0.227s (0.249s)	Speed 141.1 samples/s	Data 0.002s (0.002s)	Loss 0.02384 (0.01116)
2023-11-24 01:04:05,565 Test: [0/200]	Time 0.055 (0.055)	Loss 0.1401 (0.1401)
2023-11-24 01:04:05,754 Test: [10/200]	Time 0.017 (0.022)	Loss 0.0529 (0.1196)
2023-11-24 01:04:05,941 Test: [20/200]	Time 0.017 (0.021)	Loss 0.1141 (0.1265)
2023-11-24 01:04:06,135 Test: [30/200]	Time 0.018 (0.020)	Loss 0.1686 (0.1404)
2023-11-24 01:04:06,320 Test: [40/200]	Time 0.019 (0.020)	Loss 0.1213 (0.1482)
2023-11-24 01:04:06,507 Test: [50/200]	Time 0.019 (0.020)	Loss 0.2169 (0.1503)
2023-11-24 01:04:06,692 Test: [60/200]	Time 0.018 (0.019)	Loss 0.1680 (0.1544)
2023-11-24 01:04:06,883 Test: [70/200]	Time 0.017 (0.019)	Loss 0.1585 (0.1542)
2023-11-24 01:04:07,063 Test: [80/200]	Time 0.017 (0.019)	Loss 0.1626 (0.1515)
2023-11-24 01:04:07,243 Test: [90/200]	Time 0.017 (0.019)	Loss 0.1574 (0.1526)
2023-11-24 01:04:07,432 Test: [100/200]	Time 0.017 (0.019)	Loss 0.2244 (0.1504)
2023-11-24 01:04:07,617 Test: [110/200]	Time 0.017 (0.019)	Loss 0.2075 (0.1512)
2023-11-24 01:04:07,798 Test: [120/200]	Time 0.017 (0.019)	Loss 0.1197 (0.1487)
2023-11-24 01:04:07,985 Test: [130/200]	Time 0.017 (0.019)	Loss 0.1165 (0.1484)
2023-11-24 01:04:08,164 Test: [140/200]	Time 0.017 (0.019)	Loss 0.1258 (0.1482)
2023-11-24 01:04:08,347 Test: [150/200]	Time 0.017 (0.019)	Loss 0.1170 (0.1462)
2023-11-24 01:04:08,531 Test: [160/200]	Time 0.017 (0.019)	Loss 0.1570 (0.1455)
2023-11-24 01:04:08,709 Test: [170/200]	Time 0.016 (0.019)	Loss 0.1651 (0.1442)
2023-11-24 01:04:08,891 Test: [180/200]	Time 0.017 (0.019)	Loss 0.1288 (0.1437)
2023-11-24 01:04:09,076 Test: [190/200]	Time 0.016 (0.019)	Loss 0.0861 (0.1440)
2023-11-24 01:04:10,127 Mean IoU score: 0.691
2023-11-24 01:04:10,128 => saving checkpoint to out
2023-11-24 01:04:10,540 Epoch: [14][0/200]	Time 0.352s (0.352s)	Speed 90.9 samples/s	Data 0.053s (0.053s)	Loss 0.02291 (0.02291)
2023-11-24 01:04:12,816 Epoch: [14][10/200]	Time 0.220s (0.239s)	Speed 145.6 samples/s	Data 0.002s (0.006s)	Loss 0.01727 (0.01963)
2023-11-24 01:04:15,071 Epoch: [14][20/200]	Time 0.227s (0.233s)	Speed 140.8 samples/s	Data 0.001s (0.004s)	Loss 0.01854 (0.01945)
2023-11-24 01:04:17,495 Epoch: [14][30/200]	Time 0.243s (0.236s)	Speed 131.8 samples/s	Data 0.002s (0.003s)	Loss 0.01765 (0.01814)
2023-11-24 01:04:19,897 Epoch: [14][40/200]	Time 0.250s (0.237s)	Speed 127.8 samples/s	Data 0.002s (0.003s)	Loss 0.01836 (0.01813)
2023-11-24 01:04:22,551 Epoch: [14][50/200]	Time 0.259s (0.242s)	Speed 123.5 samples/s	Data 0.002s (0.003s)	Loss 0.02857 (0.01850)
2023-11-24 01:04:25,121 Epoch: [14][60/200]	Time 0.278s (0.245s)	Speed 115.3 samples/s	Data 0.003s (0.003s)	Loss 0.01571 (0.01821)
2023-11-24 01:04:27,713 Epoch: [14][70/200]	Time 0.251s (0.247s)	Speed 127.3 samples/s	Data 0.002s (0.002s)	Loss 0.01541 (0.01837)
2023-11-24 01:04:30,658 Epoch: [14][80/200]	Time 0.283s (0.253s)	Speed 113.1 samples/s	Data 0.002s (0.002s)	Loss 0.01800 (0.01837)
2023-11-24 01:04:33,078 Epoch: [14][90/200]	Time 0.232s (0.252s)	Speed 138.0 samples/s	Data 0.002s (0.002s)	Loss 0.01813 (0.01845)
2023-11-24 01:04:35,544 Epoch: [14][100/200]	Time 0.237s (0.251s)	Speed 134.8 samples/s	Data 0.004s (0.002s)	Loss 0.01956 (0.01848)
2023-11-24 01:04:37,817 Epoch: [14][110/200]	Time 0.222s (0.249s)	Speed 144.0 samples/s	Data 0.001s (0.002s)	Loss 0.01944 (0.01850)
2023-11-24 01:04:40,149 Epoch: [14][120/200]	Time 0.227s (0.248s)	Speed 140.7 samples/s	Data 0.001s (0.002s)	Loss 0.01344 (0.01826)
2023-11-24 01:04:42,498 Epoch: [14][130/200]	Time 0.228s (0.247s)	Speed 140.1 samples/s	Data 0.002s (0.002s)	Loss 0.01307 (0.01789)
2023-11-24 01:04:44,846 Epoch: [14][140/200]	Time 0.262s (0.246s)	Speed 122.0 samples/s	Data 0.001s (0.002s)	Loss 0.01078 (0.01767)
2023-11-24 01:04:47,700 Epoch: [14][150/200]	Time 0.296s (0.248s)	Speed 108.0 samples/s	Data 0.001s (0.002s)	Loss 0.01596 (0.01749)
2023-11-24 01:04:50,287 Epoch: [14][160/200]	Time 0.251s (0.249s)	Speed 127.3 samples/s	Data 0.001s (0.002s)	Loss 0.01014 (0.01733)
2023-11-24 01:04:52,913 Epoch: [14][170/200]	Time 0.219s (0.250s)	Speed 146.4 samples/s	Data 0.002s (0.002s)	Loss 0.01382 (0.01714)
2023-11-24 01:04:55,277 Epoch: [14][180/200]	Time 0.288s (0.249s)	Speed 111.2 samples/s	Data 0.002s (0.002s)	Loss 0.01811 (0.01702)
2023-11-24 01:04:57,644 Epoch: [14][190/200]	Time 0.246s (0.248s)	Speed 130.1 samples/s	Data 0.002s (0.002s)	Loss 0.01384 (0.01689)
2023-11-24 01:05:00,380 Test: [0/200]	Time 0.054 (0.054)	Loss 0.0799 (0.0799)
2023-11-24 01:05:00,574 Test: [10/200]	Time 0.019 (0.023)	Loss 0.0205 (0.0634)
2023-11-24 01:05:00,775 Test: [20/200]	Time 0.021 (0.021)	Loss 0.0472 (0.0664)
2023-11-24 01:05:00,987 Test: [30/200]	Time 0.017 (0.021)	Loss 0.0807 (0.0716)
2023-11-24 01:05:01,195 Test: [40/200]	Time 0.026 (0.021)	Loss 0.0622 (0.0746)
2023-11-24 01:05:01,441 Test: [50/200]	Time 0.022 (0.022)	Loss 0.1406 (0.0751)
2023-11-24 01:05:01,664 Test: [60/200]	Time 0.021 (0.022)	Loss 0.0988 (0.0763)
2023-11-24 01:05:01,854 Test: [70/200]	Time 0.017 (0.022)	Loss 0.0718 (0.0766)
2023-11-24 01:05:02,043 Test: [80/200]	Time 0.021 (0.021)	Loss 0.0962 (0.0756)
2023-11-24 01:05:02,235 Test: [90/200]	Time 0.017 (0.021)	Loss 0.0699 (0.0765)
2023-11-24 01:05:02,441 Test: [100/200]	Time 0.023 (0.021)	Loss 0.1221 (0.0755)
2023-11-24 01:05:02,639 Test: [110/200]	Time 0.020 (0.021)	Loss 0.1665 (0.0770)
2023-11-24 01:05:02,831 Test: [120/200]	Time 0.018 (0.021)	Loss 0.0937 (0.0759)
2023-11-24 01:05:03,087 Test: [130/200]	Time 0.021 (0.021)	Loss 0.0582 (0.0761)
2023-11-24 01:05:03,273 Test: [140/200]	Time 0.017 (0.021)	Loss 0.0978 (0.0760)
2023-11-24 01:05:03,464 Test: [150/200]	Time 0.018 (0.021)	Loss 0.0599 (0.0750)
2023-11-24 01:05:03,661 Test: [160/200]	Time 0.017 (0.021)	Loss 0.0936 (0.0756)
2023-11-24 01:05:03,852 Test: [170/200]	Time 0.018 (0.021)	Loss 0.0635 (0.0748)
2023-11-24 01:05:04,032 Test: [180/200]	Time 0.017 (0.020)	Loss 0.0567 (0.0745)
2023-11-24 01:05:04,219 Test: [190/200]	Time 0.018 (0.020)	Loss 0.0293 (0.0745)
2023-11-24 01:05:05,217 Mean IoU score: 0.821
2023-11-24 01:05:05,218 => saving checkpoint to out
2023-11-24 01:05:05,672 Epoch: [15][0/200]	Time 0.397s (0.397s)	Speed 80.5 samples/s	Data 0.068s (0.068s)	Loss 0.01280 (0.01280)
2023-11-24 01:05:08,129 Epoch: [15][10/200]	Time 0.315s (0.259s)	Speed 101.5 samples/s	Data 0.002s (0.008s)	Loss 0.01454 (0.01402)
2023-11-24 01:05:10,453 Epoch: [15][20/200]	Time 0.224s (0.247s)	Speed 143.1 samples/s	Data 0.004s (0.005s)	Loss 0.01393 (0.01358)
2023-11-24 01:05:12,922 Epoch: [15][30/200]	Time 0.248s (0.247s)	Speed 129.0 samples/s	Data 0.002s (0.004s)	Loss 0.01349 (0.01361)
2023-11-24 01:05:15,209 Epoch: [15][40/200]	Time 0.225s (0.242s)	Speed 141.9 samples/s	Data 0.001s (0.004s)	Loss 0.01332 (0.01302)
2023-11-24 01:05:17,453 Epoch: [15][50/200]	Time 0.221s (0.239s)	Speed 144.5 samples/s	Data 0.001s (0.003s)	Loss 0.01405 (0.01264)
2023-11-24 01:05:19,671 Epoch: [15][60/200]	Time 0.224s (0.236s)	Speed 143.2 samples/s	Data 0.002s (0.003s)	Loss 0.01014 (0.01245)
2023-11-24 01:05:22,119 Epoch: [15][70/200]	Time 0.261s (0.237s)	Speed 122.4 samples/s	Data 0.002s (0.003s)	Loss 0.00904 (0.01221)
2023-11-24 01:05:24,453 Epoch: [15][80/200]	Time 0.219s (0.237s)	Speed 146.3 samples/s	Data 0.002s (0.003s)	Loss 0.00994 (0.01198)
2023-11-24 01:05:26,738 Epoch: [15][90/200]	Time 0.244s (0.236s)	Speed 130.9 samples/s	Data 0.001s (0.003s)	Loss 0.00903 (0.01183)
2023-11-24 01:05:29,118 Epoch: [15][100/200]	Time 0.234s (0.236s)	Speed 136.7 samples/s	Data 0.001s (0.002s)	Loss 0.01307 (0.01174)
2023-11-24 01:05:31,610 Epoch: [15][110/200]	Time 0.240s (0.237s)	Speed 133.4 samples/s	Data 0.002s (0.002s)	Loss 0.00770 (0.01163)
2023-11-24 01:05:33,910 Epoch: [15][120/200]	Time 0.234s (0.237s)	Speed 136.8 samples/s	Data 0.002s (0.002s)	Loss 0.01119 (0.01156)
2023-11-24 01:05:36,209 Epoch: [15][130/200]	Time 0.230s (0.236s)	Speed 139.3 samples/s	Data 0.001s (0.002s)	Loss 0.00936 (0.01141)
2023-11-24 01:05:38,834 Epoch: [15][140/200]	Time 0.368s (0.238s)	Speed 87.1 samples/s	Data 0.002s (0.002s)	Loss 0.01434 (0.01135)
2023-11-24 01:05:41,434 Epoch: [15][150/200]	Time 0.314s (0.239s)	Speed 102.0 samples/s	Data 0.002s (0.002s)	Loss 0.01287 (0.01130)
2023-11-24 01:05:44,017 Epoch: [15][160/200]	Time 0.236s (0.241s)	Speed 135.7 samples/s	Data 0.002s (0.002s)	Loss 0.01043 (0.01124)
2023-11-24 01:05:46,330 Epoch: [15][170/200]	Time 0.224s (0.240s)	Speed 142.5 samples/s	Data 0.001s (0.002s)	Loss 0.00650 (0.01114)
2023-11-24 01:05:49,081 Epoch: [15][180/200]	Time 0.248s (0.242s)	Speed 128.8 samples/s	Data 0.002s (0.002s)	Loss 0.00847 (0.01104)
2023-11-24 01:05:51,414 Epoch: [15][190/200]	Time 0.228s (0.242s)	Speed 140.5 samples/s	Data 0.002s (0.002s)	Loss 0.00755 (0.01094)
2023-11-24 01:05:53,529 Test: [0/200]	Time 0.064 (0.064)	Loss 0.0531 (0.0531)
2023-11-24 01:05:53,729 Test: [10/200]	Time 0.019 (0.024)	Loss 0.0101 (0.0502)
2023-11-24 01:05:53,926 Test: [20/200]	Time 0.018 (0.022)	Loss 0.0296 (0.0473)
2023-11-24 01:05:54,208 Test: [30/200]	Time 0.022 (0.024)	Loss 0.0588 (0.0514)
2023-11-24 01:05:54,445 Test: [40/200]	Time 0.019 (0.024)	Loss 0.0412 (0.0538)
2023-11-24 01:05:54,668 Test: [50/200]	Time 0.019 (0.024)	Loss 0.1101 (0.0542)
2023-11-24 01:05:54,860 Test: [60/200]	Time 0.021 (0.023)	Loss 0.1027 (0.0572)
2023-11-24 01:05:55,040 Test: [70/200]	Time 0.017 (0.022)	Loss 0.0544 (0.0579)
2023-11-24 01:05:55,251 Test: [80/200]	Time 0.017 (0.022)	Loss 0.0572 (0.0565)
2023-11-24 01:05:55,439 Test: [90/200]	Time 0.019 (0.022)	Loss 0.0760 (0.0579)
2023-11-24 01:05:55,677 Test: [100/200]	Time 0.019 (0.022)	Loss 0.0754 (0.0570)
2023-11-24 01:05:55,875 Test: [110/200]	Time 0.018 (0.022)	Loss 0.1483 (0.0577)
2023-11-24 01:05:56,138 Test: [120/200]	Time 0.019 (0.022)	Loss 0.0702 (0.0566)
2023-11-24 01:05:56,367 Test: [130/200]	Time 0.018 (0.022)	Loss 0.0469 (0.0568)
2023-11-24 01:05:56,693 Test: [140/200]	Time 0.023 (0.023)	Loss 0.0592 (0.0566)
2023-11-24 01:05:56,895 Test: [150/200]	Time 0.018 (0.023)	Loss 0.0443 (0.0558)
2023-11-24 01:05:57,082 Test: [160/200]	Time 0.018 (0.022)	Loss 0.0744 (0.0559)
2023-11-24 01:05:57,273 Test: [170/200]	Time 0.019 (0.022)	Loss 0.0548 (0.0554)
2023-11-24 01:05:57,464 Test: [180/200]	Time 0.019 (0.022)	Loss 0.0461 (0.0549)
2023-11-24 01:05:57,725 Test: [190/200]	Time 0.085 (0.022)	Loss 0.0231 (0.0548)
2023-11-24 01:05:58,718 Mean IoU score: 0.867
2023-11-24 01:05:58,719 => saving checkpoint to out
2023-11-24 01:05:59,220 Epoch: [16][0/200]	Time 0.430s (0.430s)	Speed 74.5 samples/s	Data 0.069s (0.069s)	Loss 0.00788 (0.00788)
2023-11-24 01:06:01,599 Epoch: [16][10/200]	Time 0.235s (0.255s)	Speed 136.2 samples/s	Data 0.001s (0.008s)	Loss 0.00901 (0.00879)
2023-11-24 01:06:04,026 Epoch: [16][20/200]	Time 0.320s (0.249s)	Speed 100.1 samples/s	Data 0.002s (0.005s)	Loss 0.00910 (0.00914)
2023-11-24 01:06:06,894 Epoch: [16][30/200]	Time 0.292s (0.261s)	Speed 109.4 samples/s	Data 0.002s (0.004s)	Loss 0.00748 (0.00894)
2023-11-24 01:06:09,364 Epoch: [16][40/200]	Time 0.233s (0.258s)	Speed 137.6 samples/s	Data 0.002s (0.003s)	Loss 0.00873 (0.00882)
2023-11-24 01:06:11,696 Epoch: [16][50/200]	Time 0.240s (0.253s)	Speed 133.4 samples/s	Data 0.003s (0.003s)	Loss 0.01072 (0.00871)
2023-11-24 01:06:14,052 Epoch: [16][60/200]	Time 0.238s (0.250s)	Speed 134.5 samples/s	Data 0.001s (0.003s)	Loss 0.00937 (0.00868)
2023-11-24 01:06:16,781 Epoch: [16][70/200]	Time 0.271s (0.253s)	Speed 118.0 samples/s	Data 0.001s (0.003s)	Loss 0.00844 (0.00867)
2023-11-24 01:06:19,818 Epoch: [16][80/200]	Time 0.336s (0.260s)	Speed 95.2 samples/s	Data 0.002s (0.003s)	Loss 0.00572 (0.00857)
2023-11-24 01:06:22,192 Epoch: [16][90/200]	Time 0.225s (0.257s)	Speed 142.4 samples/s	Data 0.003s (0.002s)	Loss 0.01030 (0.00867)
2023-11-24 01:06:24,460 Epoch: [16][100/200]	Time 0.217s (0.254s)	Speed 147.2 samples/s	Data 0.002s (0.002s)	Loss 0.01036 (0.00868)
2023-11-24 01:06:26,851 Epoch: [16][110/200]	Time 0.219s (0.253s)	Speed 146.2 samples/s	Data 0.002s (0.002s)	Loss 0.00841 (0.00867)
2023-11-24 01:06:29,153 Epoch: [16][120/200]	Time 0.222s (0.251s)	Speed 144.4 samples/s	Data 0.002s (0.002s)	Loss 0.01063 (0.00870)
2023-11-24 01:06:31,427 Epoch: [16][130/200]	Time 0.227s (0.249s)	Speed 141.1 samples/s	Data 0.002s (0.002s)	Loss 0.00886 (0.00865)
2023-11-24 01:06:33,683 Epoch: [16][140/200]	Time 0.223s (0.247s)	Speed 143.3 samples/s	Data 0.001s (0.002s)	Loss 0.00927 (0.00863)
2023-11-24 01:06:35,950 Epoch: [16][150/200]	Time 0.226s (0.246s)	Speed 141.9 samples/s	Data 0.001s (0.002s)	Loss 0.00862 (0.00860)
2023-11-24 01:06:38,390 Epoch: [16][160/200]	Time 0.226s (0.246s)	Speed 141.4 samples/s	Data 0.002s (0.002s)	Loss 0.00768 (0.00858)
2023-11-24 01:06:40,869 Epoch: [16][170/200]	Time 0.231s (0.246s)	Speed 138.5 samples/s	Data 0.001s (0.002s)	Loss 0.01059 (0.00860)
2023-11-24 01:06:43,256 Epoch: [16][180/200]	Time 0.220s (0.246s)	Speed 145.1 samples/s	Data 0.002s (0.002s)	Loss 0.00738 (0.00854)
2023-11-24 01:06:45,501 Epoch: [16][190/200]	Time 0.220s (0.245s)	Speed 145.5 samples/s	Data 0.002s (0.002s)	Loss 0.00862 (0.00854)
2023-11-24 01:06:47,604 Test: [0/200]	Time 0.053 (0.053)	Loss 0.0509 (0.0509)
2023-11-24 01:06:47,797 Test: [10/200]	Time 0.018 (0.022)	Loss 0.0129 (0.0485)
2023-11-24 01:06:47,990 Test: [20/200]	Time 0.018 (0.021)	Loss 0.0264 (0.0478)
2023-11-24 01:06:48,189 Test: [30/200]	Time 0.021 (0.021)	Loss 0.0595 (0.0530)
2023-11-24 01:06:48,380 Test: [40/200]	Time 0.018 (0.020)	Loss 0.0387 (0.0545)
2023-11-24 01:06:48,574 Test: [50/200]	Time 0.017 (0.020)	Loss 0.0954 (0.0549)
2023-11-24 01:06:48,767 Test: [60/200]	Time 0.018 (0.020)	Loss 0.0966 (0.0575)
2023-11-24 01:06:48,964 Test: [70/200]	Time 0.018 (0.020)	Loss 0.0501 (0.0575)
2023-11-24 01:06:49,168 Test: [80/200]	Time 0.025 (0.020)	Loss 0.0687 (0.0561)
2023-11-24 01:06:49,365 Test: [90/200]	Time 0.018 (0.020)	Loss 0.0645 (0.0571)
2023-11-24 01:06:49,560 Test: [100/200]	Time 0.017 (0.020)	Loss 0.0811 (0.0565)
2023-11-24 01:06:49,750 Test: [110/200]	Time 0.019 (0.020)	Loss 0.1597 (0.0575)
2023-11-24 01:06:49,943 Test: [120/200]	Time 0.019 (0.020)	Loss 0.0662 (0.0562)
2023-11-24 01:06:50,135 Test: [130/200]	Time 0.017 (0.020)	Loss 0.0448 (0.0565)
2023-11-24 01:06:50,326 Test: [140/200]	Time 0.018 (0.020)	Loss 0.0640 (0.0562)
2023-11-24 01:06:50,519 Test: [150/200]	Time 0.018 (0.020)	Loss 0.0473 (0.0555)
2023-11-24 01:06:50,709 Test: [160/200]	Time 0.018 (0.020)	Loss 0.0708 (0.0556)
2023-11-24 01:06:50,898 Test: [170/200]	Time 0.017 (0.020)	Loss 0.0463 (0.0549)
2023-11-24 01:06:51,085 Test: [180/200]	Time 0.018 (0.020)	Loss 0.0590 (0.0546)
2023-11-24 01:06:51,276 Test: [190/200]	Time 0.018 (0.019)	Loss 0.0213 (0.0545)
2023-11-24 01:06:52,265 Mean IoU score: 0.868
2023-11-24 01:06:52,266 => saving checkpoint to out
2023-11-24 01:06:52,698 Epoch: [17][0/200]	Time 0.362s (0.362s)	Speed 88.3 samples/s	Data 0.068s (0.068s)	Loss 0.00859 (0.00859)
2023-11-24 01:06:55,064 Epoch: [17][10/200]	Time 0.235s (0.248s)	Speed 136.2 samples/s	Data 0.001s (0.008s)	Loss 0.00764 (0.00722)
2023-11-24 01:06:57,414 Epoch: [17][20/200]	Time 0.230s (0.242s)	Speed 139.0 samples/s	Data 0.001s (0.005s)	Loss 0.00802 (0.00749)
2023-11-24 01:06:59,761 Epoch: [17][30/200]	Time 0.238s (0.240s)	Speed 134.2 samples/s	Data 0.002s (0.004s)	Loss 0.00777 (0.00755)
2023-11-24 01:07:02,049 Epoch: [17][40/200]	Time 0.225s (0.237s)	Speed 141.9 samples/s	Data 0.001s (0.003s)	Loss 0.00782 (0.00771)
2023-11-24 01:07:04,780 Epoch: [17][50/200]	Time 0.223s (0.244s)	Speed 143.5 samples/s	Data 0.002s (0.003s)	Loss 0.00858 (0.00778)
2023-11-24 01:07:07,141 Epoch: [17][60/200]	Time 0.238s (0.243s)	Speed 134.6 samples/s	Data 0.001s (0.003s)	Loss 0.01000 (0.00782)
2023-11-24 01:07:09,782 Epoch: [17][70/200]	Time 0.233s (0.246s)	Speed 137.2 samples/s	Data 0.001s (0.003s)	Loss 0.00703 (0.00780)
2023-11-24 01:07:12,186 Epoch: [17][80/200]	Time 0.225s (0.245s)	Speed 142.1 samples/s	Data 0.002s (0.002s)	Loss 0.00942 (0.00779)
2023-11-24 01:07:14,497 Epoch: [17][90/200]	Time 0.216s (0.244s)	Speed 148.1 samples/s	Data 0.002s (0.002s)	Loss 0.00856 (0.00780)
2023-11-24 01:07:16,782 Epoch: [17][100/200]	Time 0.226s (0.242s)	Speed 141.5 samples/s	Data 0.002s (0.002s)	Loss 0.00656 (0.00773)
2023-11-24 01:07:19,035 Epoch: [17][110/200]	Time 0.215s (0.241s)	Speed 149.1 samples/s	Data 0.002s (0.002s)	Loss 0.00528 (0.00777)
2023-11-24 01:07:21,259 Epoch: [17][120/200]	Time 0.220s (0.239s)	Speed 145.1 samples/s	Data 0.002s (0.002s)	Loss 0.00708 (0.00775)
2023-11-24 01:07:23,470 Epoch: [17][130/200]	Time 0.219s (0.238s)	Speed 145.9 samples/s	Data 0.002s (0.002s)	Loss 0.00870 (0.00777)
2023-11-24 01:07:26,293 Epoch: [17][140/200]	Time 0.397s (0.241s)	Speed 80.6 samples/s	Data 0.002s (0.002s)	Loss 0.00620 (0.00773)
2023-11-24 01:07:28,772 Epoch: [17][150/200]	Time 0.246s (0.241s)	Speed 130.1 samples/s	Data 0.002s (0.002s)	Loss 0.00599 (0.00772)
2023-11-24 01:07:31,243 Epoch: [17][160/200]	Time 0.225s (0.242s)	Speed 142.3 samples/s	Data 0.002s (0.002s)	Loss 0.00771 (0.00773)
2023-11-24 01:07:33,614 Epoch: [17][170/200]	Time 0.232s (0.241s)	Speed 137.7 samples/s	Data 0.002s (0.002s)	Loss 0.00754 (0.00776)
2023-11-24 01:07:35,924 Epoch: [17][180/200]	Time 0.224s (0.241s)	Speed 142.7 samples/s	Data 0.002s (0.002s)	Loss 0.00702 (0.00774)
2023-11-24 01:07:38,152 Epoch: [17][190/200]	Time 0.217s (0.240s)	Speed 147.2 samples/s	Data 0.002s (0.002s)	Loss 0.00751 (0.00773)
2023-11-24 01:07:40,217 Test: [0/200]	Time 0.052 (0.052)	Loss 0.0589 (0.0589)
2023-11-24 01:07:40,406 Test: [10/200]	Time 0.017 (0.022)	Loss 0.0094 (0.0489)
2023-11-24 01:07:40,587 Test: [20/200]	Time 0.019 (0.020)	Loss 0.0281 (0.0500)
2023-11-24 01:07:40,769 Test: [30/200]	Time 0.017 (0.019)	Loss 0.0629 (0.0553)
2023-11-24 01:07:40,955 Test: [40/200]	Time 0.017 (0.019)	Loss 0.0398 (0.0563)
2023-11-24 01:07:41,152 Test: [50/200]	Time 0.021 (0.019)	Loss 0.1016 (0.0570)
2023-11-24 01:07:41,350 Test: [60/200]	Time 0.020 (0.019)	Loss 0.0965 (0.0592)
2023-11-24 01:07:41,592 Test: [70/200]	Time 0.021 (0.020)	Loss 0.0551 (0.0591)
2023-11-24 01:07:41,771 Test: [80/200]	Time 0.017 (0.020)	Loss 0.0652 (0.0576)
2023-11-24 01:07:41,955 Test: [90/200]	Time 0.018 (0.020)	Loss 0.0622 (0.0588)
2023-11-24 01:07:42,197 Test: [100/200]	Time 0.023 (0.020)	Loss 0.0854 (0.0580)
2023-11-24 01:07:42,395 Test: [110/200]	Time 0.018 (0.020)	Loss 0.1544 (0.0591)
2023-11-24 01:07:42,586 Test: [120/200]	Time 0.017 (0.020)	Loss 0.0681 (0.0578)
2023-11-24 01:07:42,769 Test: [130/200]	Time 0.018 (0.020)	Loss 0.0483 (0.0579)
2023-11-24 01:07:42,950 Test: [140/200]	Time 0.017 (0.020)	Loss 0.0628 (0.0577)
2023-11-24 01:07:43,136 Test: [150/200]	Time 0.017 (0.020)	Loss 0.0508 (0.0569)
2023-11-24 01:07:43,350 Test: [160/200]	Time 0.019 (0.020)	Loss 0.0739 (0.0572)
2023-11-24 01:07:43,534 Test: [170/200]	Time 0.018 (0.020)	Loss 0.0479 (0.0565)
2023-11-24 01:07:43,759 Test: [180/200]	Time 0.018 (0.020)	Loss 0.0497 (0.0563)
2023-11-24 01:07:43,950 Test: [190/200]	Time 0.022 (0.020)	Loss 0.0202 (0.0561)
2023-11-24 01:07:44,943 Mean IoU score: 0.867
2023-11-24 01:07:44,944 => saving checkpoint to out
2023-11-24 01:07:45,347 Epoch: [18][0/200]	Time 0.349s (0.349s)	Speed 91.7 samples/s	Data 0.067s (0.067s)	Loss 0.00809 (0.00809)
2023-11-24 01:07:47,666 Epoch: [18][10/200]	Time 0.230s (0.243s)	Speed 139.3 samples/s	Data 0.002s (0.008s)	Loss 0.00590 (0.00752)
2023-11-24 01:07:50,317 Epoch: [18][20/200]	Time 0.259s (0.253s)	Speed 123.4 samples/s	Data 0.002s (0.005s)	Loss 0.00924 (0.00767)
2023-11-24 01:07:52,929 Epoch: [18][30/200]	Time 0.262s (0.256s)	Speed 122.0 samples/s	Data 0.002s (0.004s)	Loss 0.00664 (0.00738)
2023-11-24 01:07:55,971 Epoch: [18][40/200]	Time 0.529s (0.268s)	Speed 60.5 samples/s	Data 0.002s (0.003s)	Loss 0.00819 (0.00731)
2023-11-24 01:07:58,227 Epoch: [18][50/200]	Time 0.220s (0.259s)	Speed 145.2 samples/s	Data 0.002s (0.003s)	Loss 0.00685 (0.00723)
2023-11-24 01:08:00,741 Epoch: [18][60/200]	Time 0.493s (0.258s)	Speed 65.0 samples/s	Data 0.002s (0.003s)	Loss 0.00513 (0.00720)
2023-11-24 01:08:03,289 Epoch: [18][70/200]	Time 0.246s (0.258s)	Speed 130.3 samples/s	Data 0.001s (0.003s)	Loss 0.00751 (0.00715)
2023-11-24 01:08:05,903 Epoch: [18][80/200]	Time 0.297s (0.258s)	Speed 107.6 samples/s	Data 0.001s (0.003s)	Loss 0.00702 (0.00710)
2023-11-24 01:08:08,338 Epoch: [18][90/200]	Time 0.233s (0.256s)	Speed 137.1 samples/s	Data 0.001s (0.002s)	Loss 0.00638 (0.00717)
2023-11-24 01:08:10,725 Epoch: [18][100/200]	Time 0.233s (0.255s)	Speed 137.4 samples/s	Data 0.002s (0.002s)	Loss 0.00854 (0.00715)
2023-11-24 01:08:12,984 Epoch: [18][110/200]	Time 0.228s (0.252s)	Speed 140.3 samples/s	Data 0.001s (0.002s)	Loss 0.00828 (0.00717)
2023-11-24 01:08:15,278 Epoch: [18][120/200]	Time 0.230s (0.250s)	Speed 139.4 samples/s	Data 0.002s (0.002s)	Loss 0.00752 (0.00719)
2023-11-24 01:08:17,499 Epoch: [18][130/200]	Time 0.223s (0.248s)	Speed 143.7 samples/s	Data 0.002s (0.002s)	Loss 0.00857 (0.00720)
2023-11-24 01:08:19,911 Epoch: [18][140/200]	Time 0.225s (0.248s)	Speed 142.4 samples/s	Data 0.002s (0.002s)	Loss 0.00608 (0.00721)
2023-11-24 01:08:22,257 Epoch: [18][150/200]	Time 0.239s (0.247s)	Speed 133.8 samples/s	Data 0.002s (0.002s)	Loss 0.00649 (0.00720)
2023-11-24 01:08:24,997 Epoch: [18][160/200]	Time 0.311s (0.248s)	Speed 103.0 samples/s	Data 0.002s (0.002s)	Loss 0.00588 (0.00722)
2023-11-24 01:08:27,567 Epoch: [18][170/200]	Time 0.228s (0.249s)	Speed 140.5 samples/s	Data 0.002s (0.002s)	Loss 0.00808 (0.00720)
2023-11-24 01:08:29,812 Epoch: [18][180/200]	Time 0.226s (0.248s)	Speed 141.5 samples/s	Data 0.002s (0.002s)	Loss 0.00842 (0.00720)
2023-11-24 01:08:32,171 Epoch: [18][190/200]	Time 0.227s (0.247s)	Speed 140.8 samples/s	Data 0.002s (0.002s)	Loss 0.00738 (0.00718)
2023-11-24 01:08:34,327 Test: [0/200]	Time 0.070 (0.070)	Loss 0.0517 (0.0517)
2023-11-24 01:08:34,518 Test: [10/200]	Time 0.017 (0.024)	Loss 0.0113 (0.0498)
2023-11-24 01:08:34,702 Test: [20/200]	Time 0.017 (0.021)	Loss 0.0262 (0.0494)
2023-11-24 01:08:34,892 Test: [30/200]	Time 0.018 (0.020)	Loss 0.0590 (0.0549)
2023-11-24 01:08:35,081 Test: [40/200]	Time 0.017 (0.020)	Loss 0.0467 (0.0568)
2023-11-24 01:08:35,264 Test: [50/200]	Time 0.018 (0.020)	Loss 0.1173 (0.0576)
2023-11-24 01:08:35,459 Test: [60/200]	Time 0.019 (0.020)	Loss 0.0963 (0.0600)
2023-11-24 01:08:35,657 Test: [70/200]	Time 0.018 (0.020)	Loss 0.0472 (0.0599)
2023-11-24 01:08:35,839 Test: [80/200]	Time 0.018 (0.020)	Loss 0.0721 (0.0584)
2023-11-24 01:08:36,026 Test: [90/200]	Time 0.019 (0.019)	Loss 0.0690 (0.0599)
2023-11-24 01:08:36,234 Test: [100/200]	Time 0.019 (0.020)	Loss 0.0849 (0.0591)
2023-11-24 01:08:36,423 Test: [110/200]	Time 0.017 (0.020)	Loss 0.1539 (0.0600)
2023-11-24 01:08:36,662 Test: [120/200]	Time 0.029 (0.020)	Loss 0.0634 (0.0585)
2023-11-24 01:08:36,876 Test: [130/200]	Time 0.020 (0.020)	Loss 0.0538 (0.0590)
2023-11-24 01:08:37,078 Test: [140/200]	Time 0.035 (0.020)	Loss 0.0657 (0.0588)
2023-11-24 01:08:37,267 Test: [150/200]	Time 0.017 (0.020)	Loss 0.0438 (0.0579)
2023-11-24 01:08:37,460 Test: [160/200]	Time 0.017 (0.020)	Loss 0.0694 (0.0582)
2023-11-24 01:08:37,667 Test: [170/200]	Time 0.016 (0.020)	Loss 0.0585 (0.0575)
2023-11-24 01:08:37,933 Test: [180/200]	Time 0.035 (0.020)	Loss 0.0524 (0.0572)
2023-11-24 01:08:38,191 Test: [190/200]	Time 0.021 (0.021)	Loss 0.0207 (0.0570)
2023-11-24 01:08:39,204 Mean IoU score: 0.867
2023-11-24 01:08:39,205 => saving checkpoint to out
2023-11-24 01:08:39,571 Epoch: [19][0/200]	Time 0.352s (0.352s)	Speed 90.8 samples/s	Data 0.056s (0.056s)	Loss 0.00763 (0.00763)
2023-11-24 01:08:42,040 Epoch: [19][10/200]	Time 0.231s (0.257s)	Speed 138.5 samples/s	Data 0.002s (0.007s)	Loss 0.00768 (0.00685)
2023-11-24 01:08:44,919 Epoch: [19][20/200]	Time 0.263s (0.271s)	Speed 121.5 samples/s	Data 0.002s (0.004s)	Loss 0.00689 (0.00658)
2023-11-24 01:08:47,592 Epoch: [19][30/200]	Time 0.229s (0.270s)	Speed 139.5 samples/s	Data 0.002s (0.003s)	Loss 0.00743 (0.00661)
2023-11-24 01:08:49,922 Epoch: [19][40/200]	Time 0.234s (0.261s)	Speed 136.7 samples/s	Data 0.002s (0.003s)	Loss 0.00544 (0.00659)
2023-11-24 01:08:52,283 Epoch: [19][50/200]	Time 0.237s (0.256s)	Speed 135.1 samples/s	Data 0.002s (0.003s)	Loss 0.00684 (0.00663)
2023-11-24 01:08:54,631 Epoch: [19][60/200]	Time 0.226s (0.253s)	Speed 141.8 samples/s	Data 0.002s (0.003s)	Loss 0.00729 (0.00663)
2023-11-24 01:08:56,984 Epoch: [19][70/200]	Time 0.237s (0.250s)	Speed 134.8 samples/s	Data 0.002s (0.003s)	Loss 0.00578 (0.00659)
2023-11-24 01:08:59,722 Epoch: [19][80/200]	Time 0.304s (0.253s)	Speed 105.1 samples/s	Data 0.002s (0.002s)	Loss 0.00693 (0.00663)
2023-11-24 01:09:02,342 Epoch: [19][90/200]	Time 0.249s (0.254s)	Speed 128.5 samples/s	Data 0.002s (0.002s)	Loss 0.00713 (0.00668)
2023-11-24 01:09:04,930 Epoch: [19][100/200]	Time 0.252s (0.255s)	Speed 127.0 samples/s	Data 0.002s (0.002s)	Loss 0.00952 (0.00671)
2023-11-24 01:09:07,379 Epoch: [19][110/200]	Time 0.243s (0.254s)	Speed 131.9 samples/s	Data 0.002s (0.002s)	Loss 0.00612 (0.00669)
2023-11-24 01:09:10,108 Epoch: [19][120/200]	Time 0.329s (0.255s)	Speed 97.3 samples/s	Data 0.002s (0.002s)	Loss 0.00660 (0.00669)
2023-11-24 01:09:12,497 Epoch: [19][130/200]	Time 0.227s (0.254s)	Speed 140.9 samples/s	Data 0.001s (0.002s)	Loss 0.00668 (0.00671)
2023-11-24 01:09:14,727 Epoch: [19][140/200]	Time 0.216s (0.252s)	Speed 148.2 samples/s	Data 0.002s (0.002s)	Loss 0.00586 (0.00677)
2023-11-24 01:09:17,000 Epoch: [19][150/200]	Time 0.228s (0.250s)	Speed 140.1 samples/s	Data 0.002s (0.002s)	Loss 0.00720 (0.00678)
2023-11-24 01:09:19,460 Epoch: [19][160/200]	Time 0.237s (0.250s)	Speed 134.8 samples/s	Data 0.001s (0.002s)	Loss 0.00810 (0.00681)
2023-11-24 01:09:21,768 Epoch: [19][170/200]	Time 0.224s (0.249s)	Speed 142.7 samples/s	Data 0.002s (0.002s)	Loss 0.00579 (0.00681)
2023-11-24 01:09:24,067 Epoch: [19][180/200]	Time 0.228s (0.248s)	Speed 140.4 samples/s	Data 0.001s (0.002s)	Loss 0.00740 (0.00681)
2023-11-24 01:09:26,664 Epoch: [19][190/200]	Time 0.230s (0.248s)	Speed 139.0 samples/s	Data 0.002s (0.002s)	Loss 0.00730 (0.00684)
2023-11-24 01:09:28,848 Test: [0/200]	Time 0.046 (0.046)	Loss 0.0574 (0.0574)
2023-11-24 01:09:29,038 Test: [10/200]	Time 0.017 (0.022)	Loss 0.0138 (0.0533)
2023-11-24 01:09:29,220 Test: [20/200]	Time 0.017 (0.020)	Loss 0.0252 (0.0506)
2023-11-24 01:09:29,421 Test: [30/200]	Time 0.017 (0.020)	Loss 0.0645 (0.0554)
2023-11-24 01:09:29,609 Test: [40/200]	Time 0.017 (0.020)	Loss 0.0479 (0.0571)
2023-11-24 01:09:29,794 Test: [50/200]	Time 0.021 (0.019)	Loss 0.1025 (0.0577)
2023-11-24 01:09:29,979 Test: [60/200]	Time 0.017 (0.019)	Loss 0.1069 (0.0605)
2023-11-24 01:09:30,167 Test: [70/200]	Time 0.017 (0.019)	Loss 0.0491 (0.0604)
2023-11-24 01:09:30,353 Test: [80/200]	Time 0.018 (0.019)	Loss 0.0724 (0.0591)
2023-11-24 01:09:30,538 Test: [90/200]	Time 0.018 (0.019)	Loss 0.0710 (0.0601)
2023-11-24 01:09:30,733 Test: [100/200]	Time 0.018 (0.019)	Loss 0.0898 (0.0595)
2023-11-24 01:09:30,920 Test: [110/200]	Time 0.018 (0.019)	Loss 0.1624 (0.0610)
2023-11-24 01:09:31,111 Test: [120/200]	Time 0.018 (0.019)	Loss 0.0813 (0.0595)
2023-11-24 01:09:31,307 Test: [130/200]	Time 0.020 (0.019)	Loss 0.0531 (0.0597)
2023-11-24 01:09:31,494 Test: [140/200]	Time 0.017 (0.019)	Loss 0.0606 (0.0593)
2023-11-24 01:09:31,684 Test: [150/200]	Time 0.019 (0.019)	Loss 0.0427 (0.0584)
2023-11-24 01:09:31,876 Test: [160/200]	Time 0.018 (0.019)	Loss 0.0723 (0.0585)
2023-11-24 01:09:32,063 Test: [170/200]	Time 0.017 (0.019)	Loss 0.0534 (0.0577)
2023-11-24 01:09:32,253 Test: [180/200]	Time 0.018 (0.019)	Loss 0.0524 (0.0574)
2023-11-24 01:09:32,443 Test: [190/200]	Time 0.020 (0.019)	Loss 0.0221 (0.0574)
2023-11-24 01:09:33,538 Mean IoU score: 0.866
2023-11-24 01:09:33,539 => saving checkpoint to out
2023-11-24 01:09:33,583 saving final model state to out/final_state.pth.tar
